#! /usr/bin/vvp
:ivl_version "12.0 (stable)";
:ivl_delay_selection "TYPICAL";
:vpi_time_precision - 10;
:vpi_module "/usr/lib/x86_64-linux-gnu/ivl/system.vpi";
:vpi_module "/usr/lib/x86_64-linux-gnu/ivl/vhdl_sys.vpi";
:vpi_module "/usr/lib/x86_64-linux-gnu/ivl/vhdl_textio.vpi";
:vpi_module "/usr/lib/x86_64-linux-gnu/ivl/v2005_math.vpi";
:vpi_module "/usr/lib/x86_64-linux-gnu/ivl/va_math.vpi";
S_0x599aa66adb30 .scope module, "generic_fifo_sc_a" "generic_fifo_sc_a" 2 144;
 .timescale -9 -10;
    .port_info 0 /INPUT 1 "clk";
    .port_info 1 /INPUT 1 "rst";
    .port_info 2 /INPUT 1 "clr";
    .port_info 3 /INPUT 8 "din";
    .port_info 4 /INPUT 1 "we";
    .port_info 5 /OUTPUT 8 "dout";
    .port_info 6 /INPUT 1 "re";
    .port_info 7 /OUTPUT 1 "full";
    .port_info 8 /OUTPUT 1 "empty";
    .port_info 9 /OUTPUT 1 "full_r";
    .port_info 10 /OUTPUT 1 "empty_r";
    .port_info 11 /OUTPUT 1 "full_n";
    .port_info 12 /OUTPUT 1 "empty_n";
    .port_info 13 /OUTPUT 1 "full_n_r";
    .port_info 14 /OUTPUT 1 "empty_n_r";
    .port_info 15 /OUTPUT 2 "level";
P_0x599aa6728030 .param/l "aw" 0 2 150, +C4<00000000000000000000000000001000>;
P_0x599aa6728070 .param/l "dw" 0 2 149, +C4<00000000000000000000000000001000>;
P_0x599aa67280b0 .param/l "max_size" 0 2 152, +C4<0000000000000000000000000000000100000000>;
P_0x599aa67280f0 .param/l "n" 0 2 151, +C4<00000000000000000000000000100000>;
L_0x599aa6707e70 .functor AND 1, L_0x599aa6745230, L_0x599aa6745310, C4<1>, C4<1>;
L_0x599aa67091d0 .functor AND 1, L_0x599aa6745430, v0x599aa67413d0_0, C4<1>, C4<1>;
L_0x599aa6755be0 .functor OR 2, L_0x599aa6755e60, L_0x599aa6755f50, C4<00>, C4<00>;
L_0x77b984729138 .functor BUFT 1, C4<00000001>, C4<0>, C4<0>, C4<0>;
v0x599aa673fbc0_0 .net/2u *"_ivl_10", 7 0, L_0x77b984729138;  1 drivers
L_0x77b984729180 .functor BUFT 1, C4<00000010>, C4<0>, C4<0>, C4<0>;
v0x599aa673fcc0_0 .net/2u *"_ivl_14", 7 0, L_0x77b984729180;  1 drivers
L_0x77b9847291c8 .functor BUFT 1, C4<00000001>, C4<0>, C4<0>, C4<0>;
v0x599aa673fda0_0 .net/2u *"_ivl_18", 7 0, L_0x77b9847291c8;  1 drivers
v0x599aa673fe60_0 .net *"_ivl_22", 0 0, L_0x599aa6745230;  1 drivers
v0x599aa673ff20_0 .net *"_ivl_25", 0 0, L_0x599aa6745310;  1 drivers
v0x599aa673ffe0_0 .net *"_ivl_28", 0 0, L_0x599aa6745430;  1 drivers
v0x599aa67400a0_0 .net *"_ivl_32", 31 0, L_0x599aa6745600;  1 drivers
L_0x77b984729210 .functor BUFT 1, C4<00000000000000000000000>, C4<0>, C4<0>, C4<0>;
v0x599aa6740180_0 .net *"_ivl_35", 22 0, L_0x77b984729210;  1 drivers
L_0x77b984729258 .functor BUFT 1, C4<00000000000000000000000000100000>, C4<0>, C4<0>, C4<0>;
v0x599aa6740260_0 .net/2u *"_ivl_36", 31 0, L_0x77b984729258;  1 drivers
v0x599aa6740340_0 .net *"_ivl_40", 39 0, L_0x599aa6755970;  1 drivers
L_0x77b9847292a0 .functor BUFT 1, C4<0000000000000000000000000000000>, C4<0>, C4<0>, C4<0>;
v0x599aa6740420_0 .net *"_ivl_43", 30 0, L_0x77b9847292a0;  1 drivers
L_0x77b9847292e8 .functor BUFT 1, C4<0000000000000000000000000000000011100001>, C4<0>, C4<0>, C4<0>;
v0x599aa6740500_0 .net/2u *"_ivl_44", 39 0, L_0x77b9847292e8;  1 drivers
v0x599aa67405e0_0 .net *"_ivl_46", 0 0, L_0x599aa6755aa0;  1 drivers
v0x599aa67406a0_0 .net *"_ivl_51", 0 0, L_0x599aa6755d40;  1 drivers
v0x599aa6740780_0 .net *"_ivl_52", 1 0, L_0x599aa6755e60;  1 drivers
v0x599aa6740860_0 .net *"_ivl_55", 1 0, L_0x599aa6755f50;  1 drivers
o0x77b9847721c8 .functor BUFZ 1, C4<z>; HiZ drive
v0x599aa6740940_0 .net "clk", 0 0, o0x77b9847721c8;  0 drivers
o0x77b984772828 .functor BUFZ 1, C4<z>; HiZ drive
v0x599aa6740af0_0 .net "clr", 0 0, o0x77b984772828;  0 drivers
v0x599aa6740bb0_0 .var "cnt", 8 0;
o0x77b9847720a8 .functor BUFZ 8, C4<zzzzzzzz>; HiZ drive
v0x599aa6740c90_0 .net "din", 7 0, o0x77b9847720a8;  0 drivers
v0x599aa6740d50_0 .net "dout", 7 0, L_0x599aa67055e0;  1 drivers
v0x599aa6740df0_0 .net "empty", 0 0, L_0x599aa6707e70;  1 drivers
v0x599aa6740e90_0 .net "empty_n", 0 0, L_0x599aa67557f0;  1 drivers
v0x599aa6740f50_0 .var "empty_n_r", 0 0;
v0x599aa6741010_0 .var "empty_r", 0 0;
v0x599aa67410d0_0 .net "full", 0 0, L_0x599aa67091d0;  1 drivers
v0x599aa6741190_0 .net "full_n", 0 0, L_0x599aa6755c50;  1 drivers
v0x599aa6741250_0 .var "full_n_r", 0 0;
v0x599aa6741310_0 .var "full_r", 0 0;
v0x599aa67413d0_0 .var "gb", 0 0;
v0x599aa6741490_0 .var "gb2", 0 0;
v0x599aa6741550_0 .net "level", 1 0, L_0x599aa6755be0;  1 drivers
o0x77b984772a98 .functor BUFZ 1, C4<z>; HiZ drive
v0x599aa6741630_0 .net "re", 0 0, o0x77b984772a98;  0 drivers
v0x599aa6741900_0 .var "rp", 7 0;
v0x599aa67419c0_0 .net "rp_pl1", 7 0, L_0x599aa67450c0;  1 drivers
o0x77b984772af8 .functor BUFZ 1, C4<z>; HiZ drive
v0x599aa6741a80_0 .net "rst", 0 0, o0x77b984772af8;  0 drivers
o0x77b984772288 .functor BUFZ 1, C4<z>; HiZ drive
v0x599aa6741b40_0 .net "we", 0 0, o0x77b984772288;  0 drivers
v0x599aa6741be0_0 .var "wp", 7 0;
v0x599aa6741c80_0 .net "wp_pl1", 7 0, L_0x599aa6744e60;  1 drivers
v0x599aa6741d40_0 .net "wp_pl2", 7 0, L_0x599aa6744fa0;  1 drivers
L_0x599aa6744bc0 .reduce/nor o0x77b984772af8;
L_0x599aa6744cc0 .reduce/nor o0x77b984772af8;
L_0x599aa6744e60 .arith/sum 8, v0x599aa6741be0_0, L_0x77b984729138;
L_0x599aa6744fa0 .arith/sum 8, v0x599aa6741be0_0, L_0x77b984729180;
L_0x599aa67450c0 .arith/sum 8, v0x599aa6741900_0, L_0x77b9847291c8;
L_0x599aa6745230 .cmp/eq 8, v0x599aa6741be0_0, v0x599aa6741900_0;
L_0x599aa6745310 .reduce/nor v0x599aa67413d0_0;
L_0x599aa6745430 .cmp/eq 8, v0x599aa6741be0_0, v0x599aa6741900_0;
L_0x599aa6745600 .concat [ 9 23 0 0], v0x599aa6740bb0_0, L_0x77b984729210;
L_0x599aa67557f0 .cmp/gt 32, L_0x77b984729258, L_0x599aa6745600;
L_0x599aa6755970 .concat [ 9 31 0 0], v0x599aa6740bb0_0, L_0x77b9847292a0;
L_0x599aa6755aa0 .cmp/gt 40, L_0x77b9847292e8, L_0x599aa6755970;
L_0x599aa6755c50 .reduce/nor L_0x599aa6755aa0;
L_0x599aa6755d40 .part v0x599aa6740bb0_0, 8, 1;
L_0x599aa6755e60 .concat [ 1 1 0 0], L_0x599aa6755d40, L_0x599aa6755d40;
L_0x599aa6755f50 .part v0x599aa6740bb0_0, 6, 2;
S_0x599aa66b2440 .scope module, "u0" "generic_dpram" 2 188, 3 108 0, S_0x599aa66adb30;
 .timescale -9 -10;
    .port_info 0 /INPUT 1 "rclk";
    .port_info 1 /INPUT 1 "rrst";
    .port_info 2 /INPUT 1 "rce";
    .port_info 3 /INPUT 1 "oe";
    .port_info 4 /INPUT 8 "raddr";
    .port_info 5 /OUTPUT 8 "do";
    .port_info 6 /INPUT 1 "wclk";
    .port_info 7 /INPUT 1 "wrst";
    .port_info 8 /INPUT 1 "wce";
    .port_info 9 /INPUT 1 "we";
    .port_info 10 /INPUT 8 "waddr";
    .port_info 11 /INPUT 8 "di";
P_0x599aa6722120 .param/l "aw" 0 3 117, +C4<00000000000000000000000000001000>;
P_0x599aa6722160 .param/l "dw" 0 3 118, +C4<00000000000000000000000000001000>;
L_0x599aa67055e0 .functor BUFZ 8, L_0x599aa6744940, C4<00000000>, C4<00000000>, C4<00000000>;
v0x599aa6704080_0 .net *"_ivl_0", 7 0, L_0x599aa6744940;  1 drivers
v0x599aa6705740_0 .net *"_ivl_2", 9 0, L_0x599aa6744a00;  1 drivers
L_0x77b984729018 .functor BUFT 1, C4<00>, C4<0>, C4<0>, C4<0>;
v0x599aa6706b50_0 .net *"_ivl_5", 1 0, L_0x77b984729018;  1 drivers
v0x599aa6708010_0 .net "di", 7 0, o0x77b9847720a8;  alias, 0 drivers
v0x599aa67092f0_0 .net "do", 7 0, L_0x599aa67055e0;  alias, 1 drivers
v0x599aa6709790 .array "mem", 0 255, 7 0;
L_0x77b9847290a8 .functor BUFT 1, C4<1>, C4<0>, C4<0>, C4<0>;
v0x599aa66b1460_0 .net "oe", 0 0, L_0x77b9847290a8;  1 drivers
v0x599aa673f2a0_0 .var "ra", 7 0;
v0x599aa673f380_0 .net "raddr", 7 0, v0x599aa6741900_0;  1 drivers
L_0x77b984729060 .functor BUFT 1, C4<1>, C4<0>, C4<0>, C4<0>;
v0x599aa673f460_0 .net "rce", 0 0, L_0x77b984729060;  1 drivers
v0x599aa673f520_0 .net "rclk", 0 0, o0x77b9847721c8;  alias, 0 drivers
v0x599aa673f5e0_0 .net "rrst", 0 0, L_0x599aa6744bc0;  1 drivers
v0x599aa673f6a0_0 .net "waddr", 7 0, v0x599aa6741be0_0;  1 drivers
L_0x77b9847290f0 .functor BUFT 1, C4<1>, C4<0>, C4<0>, C4<0>;
v0x599aa673f780_0 .net "wce", 0 0, L_0x77b9847290f0;  1 drivers
v0x599aa673f840_0 .net "wclk", 0 0, o0x77b9847721c8;  alias, 0 drivers
v0x599aa673f8e0_0 .net "we", 0 0, o0x77b984772288;  alias, 0 drivers
v0x599aa673f980_0 .net "wrst", 0 0, L_0x599aa6744cc0;  1 drivers
E_0x599aa66b9550 .event posedge, v0x599aa673f520_0;
L_0x599aa6744940 .array/port v0x599aa6709790, L_0x599aa6744a00;
L_0x599aa6744a00 .concat [ 8 2 0 0], v0x599aa673f2a0_0, L_0x77b984729018;
S_0x599aa66fdca0 .scope module, "test" "test" 4 41;
 .timescale -9 -10;
v0x599aa6743510 .array "buffer", 1024000 0, 7 0;
v0x599aa67435f0_0 .var "clk", 0 0;
v0x599aa67436b0_0 .var "clr", 0 0;
v0x599aa6743750_0 .var "clr2", 0 0;
v0x599aa6743810_0 .var "din", 7 0;
v0x599aa6743940_0 .var "din2", 7 0;
o0x77b9847730c8 .functor BUFZ 8, C4<zzzzzzzz>; HiZ drive
v0x599aa6743a20_0 .net "dout", 7 0, o0x77b9847730c8;  0 drivers
o0x77b9847730f8 .functor BUFZ 8, C4<zzzzzzzz>; HiZ drive
v0x599aa6743b00_0 .net "dout2", 7 0, o0x77b9847730f8;  0 drivers
o0x77b984773128 .functor BUFZ 1, C4<z>; HiZ drive
v0x599aa6743be0_0 .net "empty", 0 0, o0x77b984773128;  0 drivers
o0x77b984773158 .functor BUFZ 1, C4<z>; HiZ drive
v0x599aa6743ca0_0 .net "empty2", 0 0, o0x77b984773158;  0 drivers
o0x77b984773188 .functor BUFZ 1, C4<z>; HiZ drive
v0x599aa6743d60_0 .net "full", 0 0, o0x77b984773188;  0 drivers
o0x77b9847731b8 .functor BUFZ 1, C4<z>; HiZ drive
v0x599aa6743e20_0 .net "full2", 0 0, o0x77b9847731b8;  0 drivers
v0x599aa6743ee0_0 .var/i "n", 31 0;
v0x599aa6743fc0_0 .var/real "rcp", 0 0;
v0x599aa6744080_0 .var "rd_clk", 0 0;
v0x599aa6744140_0 .var/i "rdp", 31 0;
v0x599aa6744220_0 .var "re", 0 0;
v0x599aa67442e0_0 .var "re2", 0 0;
v0x599aa67443a0_0 .var "rst", 0 0;
v0x599aa6744460_0 .var/i "rwd", 31 0;
v0x599aa6744540_0 .var "we", 0 0;
v0x599aa6744600_0 .var "we2", 0 0;
v0x599aa67446c0_0 .var "wr_clk", 0 0;
v0x599aa6744780_0 .var/i "wrp", 31 0;
v0x599aa6744860_0 .var/i "x", 31 0;
S_0x599aa6742020 .scope task, "rd_dc" "rd_dc" 4 277, 4 277 0, S_0x599aa66fdca0;
 .timescale -9 -10;
v0x599aa6742260_0 .var/i "cnt", 31 0;
v0x599aa6742360_0 .var/i "n", 31 0;
E_0x599aa66b9970 .event posedge, v0x599aa6744080_0;
TD_test.rd_dc ;
    %wait E_0x599aa66b9970;
    %pushi/vec4 0, 0, 32;
    %store/vec4 v0x599aa6742360_0, 0, 32;
T_0.0 ;
    %load/vec4 v0x599aa6742360_0;
    %load/vec4 v0x599aa6742260_0;
    %cmp/s;
    %jmp/0xz T_0.1, 5;
    %delay 10, 0;
    %pushi/vec4 1, 0, 1;
    %store/vec4 v0x599aa67442e0_0, 0, 1;
    %wait E_0x599aa66b9970;
    %delay 10, 0;
    %pushi/vec4 0, 0, 1;
    %store/vec4 v0x599aa67442e0_0, 0, 1;
    %load/vec4 v0x599aa6744460_0;
T_0.2 %dup/vec4;
    %pushi/vec4 0, 0, 32;
    %cmp/s;
    %jmp/1xz T_0.3, 5;
    %jmp/1 T_0.3, 4;
    %pushi/vec4 1, 0, 32;
    %sub;
    %wait E_0x599aa66b9970;
    %jmp T_0.2;
T_0.3 ;
    %pop/vec4 1;
    %load/vec4 v0x599aa6742360_0;
    %addi 1, 0, 32;
    %store/vec4 v0x599aa6742360_0, 0, 32;
    %jmp T_0.0;
T_0.1 ;
    %end;
S_0x599aa6742440 .scope task, "rd_sc" "rd_sc" 4 406, 4 406 0, S_0x599aa66fdca0;
 .timescale -9 -10;
v0x599aa6742660_0 .var/i "cnt", 31 0;
E_0x599aa66b96b0 .event posedge, v0x599aa67435f0_0;
TD_test.rd_sc ;
    %wait E_0x599aa66b96b0;
    %pushi/vec4 0, 0, 32;
    %store/vec4 v0x599aa6743ee0_0, 0, 32;
T_1.4 ;
    %load/vec4 v0x599aa6743ee0_0;
    %load/vec4 v0x599aa6742660_0;
    %cmp/s;
    %jmp/0xz T_1.5, 5;
    %delay 10, 0;
    %pushi/vec4 1, 0, 1;
    %store/vec4 v0x599aa6744220_0, 0, 1;
    %wait E_0x599aa66b96b0;
    %delay 10, 0;
    %pushi/vec4 0, 0, 1;
    %store/vec4 v0x599aa6744220_0, 0, 1;
    %load/vec4 v0x599aa6744460_0;
T_1.6 %dup/vec4;
    %pushi/vec4 0, 0, 32;
    %cmp/s;
    %jmp/1xz T_1.7, 5;
    %jmp/1 T_1.7, 4;
    %pushi/vec4 1, 0, 32;
    %sub;
    %wait E_0x599aa66b96b0;
    %jmp T_1.6;
T_1.7 ;
    %pop/vec4 1;
    %load/vec4 v0x599aa6743ee0_0;
    %addi 1, 0, 32;
    %store/vec4 v0x599aa6743ee0_0, 0, 32;
    %jmp T_1.4;
T_1.5 ;
    %end;
S_0x599aa6742760 .scope task, "rd_wr_dc" "rd_wr_dc" 4 295, 4 295 0, S_0x599aa66fdca0;
 .timescale -9 -10;
v0x599aa6742960_0 .var/i "n", 31 0;
E_0x599aa66a3210 .event posedge, v0x599aa67446c0_0;
TD_test.rd_wr_dc ;
    %pushi/vec4 10, 0, 32;
T_2.8 %dup/vec4;
    %pushi/vec4 0, 0, 32;
    %cmp/s;
    %jmp/1xz T_2.9, 5;
    %jmp/1 T_2.9, 4;
    %pushi/vec4 1, 0, 32;
    %sub;
    %wait E_0x599aa66a3210;
    %jmp T_2.8;
T_2.9 ;
    %pop/vec4 1;
    %pushi/vec4 0, 0, 32;
    %store/vec4 v0x599aa6742960_0, 0, 32;
T_2.10 ;
    %load/vec4 v0x599aa6742960_0;
    %cmpi/s 20, 0, 32;
    %jmp/0xz T_2.11, 5;
    %fork t_1, S_0x599aa6742760;
    %fork t_2, S_0x599aa6742760;
    %join;
    %join;
    %jmp t_0;
t_1 ;
    %pushi/vec4 1, 0, 32;
    %store/vec4 v0x599aa6743050_0, 0, 32;
    %fork TD_test.wr_dc, S_0x599aa6742e70;
    %join;
    %end;
t_2 ;
    %wait E_0x599aa66a3210;
    %wait E_0x599aa66a3210;
    %pushi/vec4 1, 0, 32;
    %store/vec4 v0x599aa6742260_0, 0, 32;
    %fork TD_test.rd_dc, S_0x599aa6742020;
    %join;
    %end;
    .scope S_0x599aa6742760;
t_0 ;
    %load/vec4 v0x599aa6742960_0;
    %addi 1, 0, 32;
    %store/vec4 v0x599aa6742960_0, 0, 32;
    %jmp T_2.10;
T_2.11 ;
    %pushi/vec4 50, 0, 32;
T_2.12 %dup/vec4;
    %pushi/vec4 0, 0, 32;
    %cmp/s;
    %jmp/1xz T_2.13, 5;
    %jmp/1 T_2.13, 4;
    %pushi/vec4 1, 0, 32;
    %sub;
    %wait E_0x599aa66a3210;
    %jmp T_2.12;
T_2.13 ;
    %pop/vec4 1;
    %pushi/vec4 0, 0, 32;
    %store/vec4 v0x599aa6742960_0, 0, 32;
T_2.14 ;
    %load/vec4 v0x599aa6742960_0;
    %cmpi/s 20, 0, 32;
    %jmp/0xz T_2.15, 5;
    %fork t_4, S_0x599aa6742760;
    %fork t_5, S_0x599aa6742760;
    %join;
    %join;
    %jmp t_3;
t_4 ;
    %pushi/vec4 2, 0, 32;
    %store/vec4 v0x599aa6743050_0, 0, 32;
    %fork TD_test.wr_dc, S_0x599aa6742e70;
    %join;
    %end;
t_5 ;
    %wait E_0x599aa66a3210;
    %wait E_0x599aa66a3210;
    %wait E_0x599aa66a3210;
    %pushi/vec4 2, 0, 32;
    %store/vec4 v0x599aa6742260_0, 0, 32;
    %fork TD_test.rd_dc, S_0x599aa6742020;
    %join;
    %end;
    .scope S_0x599aa6742760;
t_3 ;
    %load/vec4 v0x599aa6742960_0;
    %addi 1, 0, 32;
    %store/vec4 v0x599aa6742960_0, 0, 32;
    %jmp T_2.14;
T_2.15 ;
    %pushi/vec4 50, 0, 32;
T_2.16 %dup/vec4;
    %pushi/vec4 0, 0, 32;
    %cmp/s;
    %jmp/1xz T_2.17, 5;
    %jmp/1 T_2.17, 4;
    %pushi/vec4 1, 0, 32;
    %sub;
    %wait E_0x599aa66a3210;
    %jmp T_2.16;
T_2.17 ;
    %pop/vec4 1;
    %pushi/vec4 0, 0, 32;
    %store/vec4 v0x599aa6742960_0, 0, 32;
T_2.18 ;
    %load/vec4 v0x599aa6742960_0;
    %cmpi/s 20, 0, 32;
    %jmp/0xz T_2.19, 5;
    %fork t_7, S_0x599aa6742760;
    %fork t_8, S_0x599aa6742760;
    %join;
    %join;
    %jmp t_6;
t_7 ;
    %pushi/vec4 3, 0, 32;
    %store/vec4 v0x599aa6743050_0, 0, 32;
    %fork TD_test.wr_dc, S_0x599aa6742e70;
    %join;
    %end;
t_8 ;
    %wait E_0x599aa66a3210;
    %wait E_0x599aa66a3210;
    %wait E_0x599aa66a3210;
    %wait E_0x599aa66a3210;
    %pushi/vec4 3, 0, 32;
    %store/vec4 v0x599aa6742260_0, 0, 32;
    %fork TD_test.rd_dc, S_0x599aa6742020;
    %join;
    %end;
    .scope S_0x599aa6742760;
t_6 ;
    %load/vec4 v0x599aa6742960_0;
    %addi 1, 0, 32;
    %store/vec4 v0x599aa6742960_0, 0, 32;
    %jmp T_2.18;
T_2.19 ;
    %pushi/vec4 50, 0, 32;
T_2.20 %dup/vec4;
    %pushi/vec4 0, 0, 32;
    %cmp/s;
    %jmp/1xz T_2.21, 5;
    %jmp/1 T_2.21, 4;
    %pushi/vec4 1, 0, 32;
    %sub;
    %wait E_0x599aa66a3210;
    %jmp T_2.20;
T_2.21 ;
    %pop/vec4 1;
    %pushi/vec4 0, 0, 32;
    %store/vec4 v0x599aa6742960_0, 0, 32;
T_2.22 ;
    %load/vec4 v0x599aa6742960_0;
    %cmpi/s 20, 0, 32;
    %jmp/0xz T_2.23, 5;
    %fork t_10, S_0x599aa6742760;
    %fork t_11, S_0x599aa6742760;
    %join;
    %join;
    %jmp t_9;
t_10 ;
    %pushi/vec4 4, 0, 32;
    %store/vec4 v0x599aa6743050_0, 0, 32;
    %fork TD_test.wr_dc, S_0x599aa6742e70;
    %join;
    %end;
t_11 ;
    %wait E_0x599aa66a3210;
    %wait E_0x599aa66a3210;
    %wait E_0x599aa66a3210;
    %wait E_0x599aa66a3210;
    %wait E_0x599aa66a3210;
    %pushi/vec4 4, 0, 32;
    %store/vec4 v0x599aa6742260_0, 0, 32;
    %fork TD_test.rd_dc, S_0x599aa6742020;
    %join;
    %end;
    .scope S_0x599aa6742760;
t_9 ;
    %load/vec4 v0x599aa6742960_0;
    %addi 1, 0, 32;
    %store/vec4 v0x599aa6742960_0, 0, 32;
    %jmp T_2.22;
T_2.23 ;
    %pushi/vec4 50, 0, 32;
T_2.24 %dup/vec4;
    %pushi/vec4 0, 0, 32;
    %cmp/s;
    %jmp/1xz T_2.25, 5;
    %jmp/1 T_2.25, 4;
    %pushi/vec4 1, 0, 32;
    %sub;
    %wait E_0x599aa66a3210;
    %jmp T_2.24;
T_2.25 ;
    %pop/vec4 1;
    %end;
S_0x599aa6742a60 .scope task, "rd_wr_sc" "rd_wr_sc" 4 426, 4 426 0, S_0x599aa66fdca0;
 .timescale -9 -10;
TD_test.rd_wr_sc ;
    %pushi/vec4 10, 0, 32;
T_3.26 %dup/vec4;
    %pushi/vec4 0, 0, 32;
    %cmp/s;
    %jmp/1xz T_3.27, 5;
    %jmp/1 T_3.27, 4;
    %pushi/vec4 1, 0, 32;
    %sub;
    %wait E_0x599aa66b96b0;
    %jmp T_3.26;
T_3.27 ;
    %pop/vec4 1;
    %pushi/vec4 0, 0, 32;
    %store/vec4 v0x599aa6743ee0_0, 0, 32;
T_3.28 ;
    %load/vec4 v0x599aa6743ee0_0;
    %cmpi/s 10, 0, 32;
    %jmp/0xz T_3.29, 5;
    %wait E_0x599aa66b96b0;
    %delay 10, 0;
    %pushi/vec4 0, 0, 1;
    %store/vec4 v0x599aa6744220_0, 0, 1;
    %pushi/vec4 1, 0, 1;
    %store/vec4 v0x599aa6744540_0, 0, 1;
    %vpi_func 4 437 "$random" 32 {0 0 0};
    %pad/s 8;
    %store/vec4 v0x599aa6743810_0, 0, 8;
    %wait E_0x599aa66b96b0;
    %delay 10, 0;
    %pushi/vec4 0, 0, 1;
    %store/vec4 v0x599aa6744540_0, 0, 1;
    %pushi/vec4 255, 255, 8;
    %store/vec4 v0x599aa6743810_0, 0, 8;
    %pushi/vec4 1, 0, 1;
    %store/vec4 v0x599aa6744220_0, 0, 1;
    %load/vec4 v0x599aa6743ee0_0;
    %addi 1, 0, 32;
    %store/vec4 v0x599aa6743ee0_0, 0, 32;
    %jmp T_3.28;
T_3.29 ;
    %wait E_0x599aa66b96b0;
    %delay 10, 0;
    %pushi/vec4 0, 0, 1;
    %store/vec4 v0x599aa6744220_0, 0, 1;
    %pushi/vec4 10, 0, 32;
T_3.30 %dup/vec4;
    %pushi/vec4 0, 0, 32;
    %cmp/s;
    %jmp/1xz T_3.31, 5;
    %jmp/1 T_3.31, 4;
    %pushi/vec4 1, 0, 32;
    %sub;
    %wait E_0x599aa66b96b0;
    %jmp T_3.30;
T_3.31 ;
    %pop/vec4 1;
    %pushi/vec4 0, 0, 32;
    %store/vec4 v0x599aa6743ee0_0, 0, 32;
T_3.32 ;
    %load/vec4 v0x599aa6743ee0_0;
    %cmpi/s 10, 0, 32;
    %jmp/0xz T_3.33, 5;
    %wait E_0x599aa66b96b0;
    %delay 10, 0;
    %pushi/vec4 1, 0, 1;
    %store/vec4 v0x599aa6744540_0, 0, 1;
    %vpi_func 4 456 "$random" 32 {0 0 0};
    %pad/s 8;
    %store/vec4 v0x599aa6743810_0, 0, 8;
    %wait E_0x599aa66b96b0;
    %delay 10, 0;
    %vpi_func 4 459 "$random" 32 {0 0 0};
    %pad/s 8;
    %store/vec4 v0x599aa6743810_0, 0, 8;
    %wait E_0x599aa66b96b0;
    %delay 10, 0;
    %pushi/vec4 0, 0, 1;
    %store/vec4 v0x599aa6744540_0, 0, 1;
    %pushi/vec4 255, 255, 8;
    %store/vec4 v0x599aa6743810_0, 0, 8;
    %pushi/vec4 1, 0, 1;
    %store/vec4 v0x599aa6744220_0, 0, 1;
    %wait E_0x599aa66b96b0;
    %wait E_0x599aa66b96b0;
    %delay 10, 0;
    %pushi/vec4 0, 0, 1;
    %store/vec4 v0x599aa6744220_0, 0, 1;
    %load/vec4 v0x599aa6743ee0_0;
    %addi 1, 0, 32;
    %store/vec4 v0x599aa6743ee0_0, 0, 32;
    %jmp T_3.32;
T_3.33 ;
    %pushi/vec4 0, 0, 32;
    %store/vec4 v0x599aa6743ee0_0, 0, 32;
T_3.34 ;
    %load/vec4 v0x599aa6743ee0_0;
    %cmpi/s 10, 0, 32;
    %jmp/0xz T_3.35, 5;
    %wait E_0x599aa66b96b0;
    %delay 10, 0;
    %pushi/vec4 1, 0, 1;
    %store/vec4 v0x599aa6744540_0, 0, 1;
    %vpi_func 4 477 "$random" 32 {0 0 0};
    %pad/s 8;
    %store/vec4 v0x599aa6743810_0, 0, 8;
    %wait E_0x599aa66b96b0;
    %delay 10, 0;
    %vpi_func 4 480 "$random" 32 {0 0 0};
    %pad/s 8;
    %store/vec4 v0x599aa6743810_0, 0, 8;
    %wait E_0x599aa66b96b0;
    %delay 10, 0;
    %vpi_func 4 483 "$random" 32 {0 0 0};
    %pad/s 8;
    %store/vec4 v0x599aa6743810_0, 0, 8;
    %wait E_0x599aa66b96b0;
    %delay 10, 0;
    %pushi/vec4 0, 0, 1;
    %store/vec4 v0x599aa6744540_0, 0, 1;
    %pushi/vec4 255, 255, 8;
    %store/vec4 v0x599aa6743810_0, 0, 8;
    %pushi/vec4 1, 0, 1;
    %store/vec4 v0x599aa6744220_0, 0, 1;
    %wait E_0x599aa66b96b0;
    %wait E_0x599aa66b96b0;
    %wait E_0x599aa66b96b0;
    %delay 10, 0;
    %pushi/vec4 0, 0, 1;
    %store/vec4 v0x599aa6744220_0, 0, 1;
    %load/vec4 v0x599aa6743ee0_0;
    %addi 1, 0, 32;
    %store/vec4 v0x599aa6743ee0_0, 0, 32;
    %jmp T_3.34;
T_3.35 ;
    %pushi/vec4 0, 0, 32;
    %store/vec4 v0x599aa6743ee0_0, 0, 32;
T_3.36 ;
    %load/vec4 v0x599aa6743ee0_0;
    %cmpi/s 10, 0, 32;
    %jmp/0xz T_3.37, 5;
    %wait E_0x599aa66b96b0;
    %delay 10, 0;
    %pushi/vec4 1, 0, 1;
    %store/vec4 v0x599aa6744540_0, 0, 1;
    %vpi_func 4 503 "$random" 32 {0 0 0};
    %pad/s 8;
    %store/vec4 v0x599aa6743810_0, 0, 8;
    %wait E_0x599aa66b96b0;
    %delay 10, 0;
    %vpi_func 4 506 "$random" 32 {0 0 0};
    %pad/s 8;
    %store/vec4 v0x599aa6743810_0, 0, 8;
    %wait E_0x599aa66b96b0;
    %delay 10, 0;
    %vpi_func 4 509 "$random" 32 {0 0 0};
    %pad/s 8;
    %store/vec4 v0x599aa6743810_0, 0, 8;
    %wait E_0x599aa66b96b0;
    %delay 10, 0;
    %vpi_func 4 512 "$random" 32 {0 0 0};
    %pad/s 8;
    %store/vec4 v0x599aa6743810_0, 0, 8;
    %wait E_0x599aa66b96b0;
    %delay 10, 0;
    %pushi/vec4 0, 0, 1;
    %store/vec4 v0x599aa6744540_0, 0, 1;
    %pushi/vec4 255, 255, 8;
    %store/vec4 v0x599aa6743810_0, 0, 8;
    %pushi/vec4 1, 0, 1;
    %store/vec4 v0x599aa6744220_0, 0, 1;
    %wait E_0x599aa66b96b0;
    %wait E_0x599aa66b96b0;
    %wait E_0x599aa66b96b0;
    %wait E_0x599aa66b96b0;
    %delay 10, 0;
    %pushi/vec4 0, 0, 1;
    %store/vec4 v0x599aa6744220_0, 0, 1;
    %load/vec4 v0x599aa6743ee0_0;
    %addi 1, 0, 32;
    %store/vec4 v0x599aa6743ee0_0, 0, 32;
    %jmp T_3.36;
T_3.37 ;
    %end;
S_0x599aa6742c40 .scope task, "test_sc_fifo" "test_sc_fifo" 4 152, 4 152 0, S_0x599aa66fdca0;
 .timescale -9 -10;
TD_test.test_sc_fifo ;
    %vpi_call 4 155 "$display", "\012\012" {0 0 0};
    %vpi_call 4 156 "$display", "*****************************************************" {0 0 0};
    %vpi_call 4 157 "$display", "*** SC FIFO Sanity Test                           ***" {0 0 0};
    %vpi_call 4 158 "$display", "*****************************************************\012" {0 0 0};
    %pushi/vec4 0, 0, 32;
    %store/vec4 v0x599aa6744460_0, 0, 32;
T_4.38 ;
    %load/vec4 v0x599aa6744460_0;
    %cmpi/s 5, 0, 32;
    %jmp/0xz T_4.39, 5;
    %vpi_call 4 162 "$display", "rwd=%0d", v0x599aa6744460_0 {0 0 0};
    %vpi_call 4 163 "$display", "pass 0 ..." {0 0 0};
    %pushi/vec4 0, 0, 32;
    %store/vec4 v0x599aa6744860_0, 0, 32;
T_4.40 ;
    %load/vec4 v0x599aa6744860_0;
    %cmpi/s 2, 0, 32;
    %jmp/0xz T_4.41, 5;
    %fork TD_test.rd_wr_sc, S_0x599aa6742a60;
    %join;
    %pushi/vec4 1, 0, 32;
    %store/vec4 v0x599aa6743410_0, 0, 32;
    %fork TD_test.wr_sc, S_0x599aa6743230;
    %join;
    %load/vec4 v0x599aa6744860_0;
    %addi 1, 0, 32;
    %store/vec4 v0x599aa6744860_0, 0, 32;
    %jmp T_4.40;
T_4.41 ;
    %vpi_call 4 169 "$display", "pass 1 ..." {0 0 0};
    %pushi/vec4 0, 0, 32;
    %store/vec4 v0x599aa6744860_0, 0, 32;
T_4.42 ;
    %load/vec4 v0x599aa6744860_0;
    %cmpi/s 2, 0, 32;
    %jmp/0xz T_4.43, 5;
    %fork TD_test.rd_wr_sc, S_0x599aa6742a60;
    %join;
    %pushi/vec4 1, 0, 32;
    %store/vec4 v0x599aa6742660_0, 0, 32;
    %fork TD_test.rd_sc, S_0x599aa6742440;
    %join;
    %load/vec4 v0x599aa6744860_0;
    %addi 1, 0, 32;
    %store/vec4 v0x599aa6744860_0, 0, 32;
    %jmp T_4.42;
T_4.43 ;
    %vpi_call 4 175 "$display", "pass 2 ..." {0 0 0};
    %pushi/vec4 0, 0, 32;
    %store/vec4 v0x599aa6744860_0, 0, 32;
T_4.44 ;
    %load/vec4 v0x599aa6744860_0;
    %cmpi/s 2, 0, 32;
    %jmp/0xz T_4.45, 5;
    %fork TD_test.rd_wr_sc, S_0x599aa6742a60;
    %join;
    %pushi/vec4 1, 0, 32;
    %store/vec4 v0x599aa6743410_0, 0, 32;
    %fork TD_test.wr_sc, S_0x599aa6743230;
    %join;
    %load/vec4 v0x599aa6744860_0;
    %addi 1, 0, 32;
    %store/vec4 v0x599aa6744860_0, 0, 32;
    %jmp T_4.44;
T_4.45 ;
    %vpi_call 4 181 "$display", "pass 3 ..." {0 0 0};
    %pushi/vec4 0, 0, 32;
    %store/vec4 v0x599aa6744860_0, 0, 32;
T_4.46 ;
    %load/vec4 v0x599aa6744860_0;
    %cmpi/s 2, 0, 32;
    %jmp/0xz T_4.47, 5;
    %fork TD_test.rd_wr_sc, S_0x599aa6742a60;
    %join;
    %pushi/vec4 1, 0, 32;
    %store/vec4 v0x599aa6742660_0, 0, 32;
    %fork TD_test.rd_sc, S_0x599aa6742440;
    %join;
    %load/vec4 v0x599aa6744860_0;
    %addi 1, 0, 32;
    %store/vec4 v0x599aa6744860_0, 0, 32;
    %jmp T_4.46;
T_4.47 ;
    %load/vec4 v0x599aa6744460_0;
    %addi 1, 0, 32;
    %store/vec4 v0x599aa6744460_0, 0, 32;
    %jmp T_4.38;
T_4.39 ;
    %vpi_call 4 189 "$display", "\000" {0 0 0};
    %vpi_call 4 190 "$display", "*****************************************************" {0 0 0};
    %vpi_call 4 191 "$display", "*** SC FIFO Sanity Test DONE                      ***" {0 0 0};
    %vpi_call 4 192 "$display", "*****************************************************\012" {0 0 0};
    %end;
S_0x599aa6742e70 .scope task, "wr_dc" "wr_dc" 4 256, 4 256 0, S_0x599aa66fdca0;
 .timescale -9 -10;
v0x599aa6743050_0 .var/i "cnt", 31 0;
v0x599aa6743150_0 .var/i "n", 31 0;
TD_test.wr_dc ;
    %wait E_0x599aa66a3210;
    %pushi/vec4 0, 0, 32;
    %store/vec4 v0x599aa6743150_0, 0, 32;
T_5.48 ;
    %load/vec4 v0x599aa6743150_0;
    %load/vec4 v0x599aa6743050_0;
    %cmp/s;
    %jmp/0xz T_5.49, 5;
    %delay 10, 0;
    %pushi/vec4 1, 0, 1;
    %store/vec4 v0x599aa6744600_0, 0, 1;
    %vpi_func 4 266 "$random" 32 {0 0 0};
    %pad/s 8;
    %store/vec4 v0x599aa6743940_0, 0, 8;
    %wait E_0x599aa66a3210;
    %delay 10, 0;
    %pushi/vec4 0, 0, 1;
    %store/vec4 v0x599aa6744600_0, 0, 1;
    %pushi/vec4 255, 255, 8;
    %store/vec4 v0x599aa6743940_0, 0, 8;
    %load/vec4 v0x599aa6744460_0;
T_5.50 %dup/vec4;
    %pushi/vec4 0, 0, 32;
    %cmp/s;
    %jmp/1xz T_5.51, 5;
    %jmp/1 T_5.51, 4;
    %pushi/vec4 1, 0, 32;
    %sub;
    %wait E_0x599aa66a3210;
    %jmp T_5.50;
T_5.51 ;
    %pop/vec4 1;
    %load/vec4 v0x599aa6743150_0;
    %addi 1, 0, 32;
    %store/vec4 v0x599aa6743150_0, 0, 32;
    %jmp T_5.48;
T_5.49 ;
    %end;
S_0x599aa6743230 .scope task, "wr_sc" "wr_sc" 4 384, 4 384 0, S_0x599aa66fdca0;
 .timescale -9 -10;
v0x599aa6743410_0 .var/i "cnt", 31 0;
TD_test.wr_sc ;
    %wait E_0x599aa66b96b0;
    %pushi/vec4 0, 0, 32;
    %store/vec4 v0x599aa6743ee0_0, 0, 32;
T_6.52 ;
    %load/vec4 v0x599aa6743ee0_0;
    %load/vec4 v0x599aa6743410_0;
    %cmp/s;
    %jmp/0xz T_6.53, 5;
    %delay 10, 0;
    %pushi/vec4 1, 0, 1;
    %store/vec4 v0x599aa6744540_0, 0, 1;
    %vpi_func 4 395 "$random" 32 {0 0 0};
    %pad/s 8;
    %store/vec4 v0x599aa6743810_0, 0, 8;
    %wait E_0x599aa66b96b0;
    %delay 10, 0;
    %pushi/vec4 0, 0, 1;
    %store/vec4 v0x599aa6744540_0, 0, 1;
    %pushi/vec4 255, 255, 8;
    %store/vec4 v0x599aa6743810_0, 0, 8;
    %load/vec4 v0x599aa6744460_0;
T_6.54 %dup/vec4;
    %pushi/vec4 0, 0, 32;
    %cmp/s;
    %jmp/1xz T_6.55, 5;
    %jmp/1 T_6.55, 4;
    %pushi/vec4 1, 0, 32;
    %sub;
    %wait E_0x599aa66b96b0;
    %jmp T_6.54;
T_6.55 ;
    %pop/vec4 1;
    %load/vec4 v0x599aa6743ee0_0;
    %addi 1, 0, 32;
    %store/vec4 v0x599aa6743ee0_0, 0, 32;
    %jmp T_6.52;
T_6.53 ;
    %end;
    .scope S_0x599aa66b2440;
T_7 ;
    %wait E_0x599aa66b9550;
    %load/vec4 v0x599aa673f460_0;
    %flag_set/vec4 8;
    %jmp/0xz  T_7.0, 8;
    %load/vec4 v0x599aa673f380_0;
    %assign/vec4 v0x599aa673f2a0_0, 10;
T_7.0 ;
    %jmp T_7;
    .thread T_7;
    .scope S_0x599aa66b2440;
T_8 ;
    %wait E_0x599aa66b9550;
    %load/vec4 v0x599aa673f8e0_0;
    %flag_set/vec4 9;
    %flag_get/vec4 9;
    %jmp/0 T_8.2, 9;
    %load/vec4 v0x599aa673f780_0;
    %and;
T_8.2;
    %flag_set/vec4 8;
    %jmp/0xz  T_8.0, 8;
    %load/vec4 v0x599aa6708010_0;
    %load/vec4 v0x599aa673f6a0_0;
    %pad/u 10;
    %ix/vec4 3;
    %ix/load 4, 10, 0; Constant delay
    %assign/vec4/a/d v0x599aa6709790, 0, 4;
T_8.0 ;
    %jmp T_8;
    .thread T_8;
    .scope S_0x599aa66adb30;
T_9 ;
    %wait E_0x599aa66b9550;
    %load/vec4 v0x599aa6741a80_0;
    %nor/r;
    %flag_set/vec4 8;
    %jmp/0xz  T_9.0, 8;
    %pushi/vec4 0, 0, 8;
    %assign/vec4 v0x599aa6741be0_0, 10;
    %jmp T_9.1;
T_9.0 ;
    %load/vec4 v0x599aa6740af0_0;
    %flag_set/vec4 8;
    %jmp/0xz  T_9.2, 8;
    %pushi/vec4 0, 0, 8;
    %assign/vec4 v0x599aa6741be0_0, 10;
    %jmp T_9.3;
T_9.2 ;
    %load/vec4 v0x599aa6741b40_0;
    %flag_set/vec4 8;
    %jmp/0xz  T_9.4, 8;
    %load/vec4 v0x599aa6741c80_0;
    %assign/vec4 v0x599aa6741be0_0, 10;
T_9.4 ;
T_9.3 ;
T_9.1 ;
    %jmp T_9;
    .thread T_9;
    .scope S_0x599aa66adb30;
T_10 ;
    %wait E_0x599aa66b9550;
    %load/vec4 v0x599aa6741a80_0;
    %nor/r;
    %flag_set/vec4 8;
    %jmp/0xz  T_10.0, 8;
    %pushi/vec4 0, 0, 8;
    %assign/vec4 v0x599aa6741900_0, 10;
    %jmp T_10.1;
T_10.0 ;
    %load/vec4 v0x599aa6740af0_0;
    %flag_set/vec4 8;
    %jmp/0xz  T_10.2, 8;
    %pushi/vec4 0, 0, 8;
    %assign/vec4 v0x599aa6741900_0, 10;
    %jmp T_10.3;
T_10.2 ;
    %load/vec4 v0x599aa6741630_0;
    %flag_set/vec4 8;
    %jmp/0xz  T_10.4, 8;
    %load/vec4 v0x599aa67419c0_0;
    %assign/vec4 v0x599aa6741900_0, 10;
T_10.4 ;
T_10.3 ;
T_10.1 ;
    %jmp T_10;
    .thread T_10;
    .scope S_0x599aa66adb30;
T_11 ;
    %wait E_0x599aa66b9550;
    %load/vec4 v0x599aa6741a80_0;
    %nor/r;
    %flag_set/vec4 8;
    %jmp/0xz  T_11.0, 8;
    %pushi/vec4 0, 0, 1;
    %assign/vec4 v0x599aa67413d0_0, 10;
    %jmp T_11.1;
T_11.0 ;
    %load/vec4 v0x599aa6740af0_0;
    %flag_set/vec4 8;
    %jmp/0xz  T_11.2, 8;
    %pushi/vec4 0, 0, 1;
    %assign/vec4 v0x599aa67413d0_0, 10;
    %jmp T_11.3;
T_11.2 ;
    %load/vec4 v0x599aa6741c80_0;
    %load/vec4 v0x599aa6741900_0;
    %cmp/e;
    %flag_get/vec4 4;
    %load/vec4 v0x599aa6741b40_0;
    %and;
    %flag_set/vec4 8;
    %jmp/0xz  T_11.4, 8;
    %pushi/vec4 1, 0, 1;
    %assign/vec4 v0x599aa67413d0_0, 10;
    %jmp T_11.5;
T_11.4 ;
    %load/vec4 v0x599aa6741630_0;
    %flag_set/vec4 8;
    %jmp/0xz  T_11.6, 8;
    %pushi/vec4 0, 0, 1;
    %assign/vec4 v0x599aa67413d0_0, 10;
T_11.6 ;
T_11.5 ;
T_11.3 ;
T_11.1 ;
    %jmp T_11;
    .thread T_11;
    .scope S_0x599aa66adb30;
T_12 ;
    %wait E_0x599aa66b9550;
    %load/vec4 v0x599aa6741a80_0;
    %nor/r;
    %flag_set/vec4 8;
    %jmp/0xz  T_12.0, 8;
    %pushi/vec4 0, 0, 1;
    %assign/vec4 v0x599aa6741490_0, 10;
    %jmp T_12.1;
T_12.0 ;
    %load/vec4 v0x599aa6740af0_0;
    %flag_set/vec4 8;
    %jmp/0xz  T_12.2, 8;
    %pushi/vec4 0, 0, 1;
    %assign/vec4 v0x599aa6741490_0, 10;
    %jmp T_12.3;
T_12.2 ;
    %load/vec4 v0x599aa6741d40_0;
    %load/vec4 v0x599aa6741900_0;
    %cmp/e;
    %flag_get/vec4 4;
    %load/vec4 v0x599aa6741b40_0;
    %and;
    %flag_set/vec4 8;
    %jmp/0xz  T_12.4, 8;
    %pushi/vec4 1, 0, 1;
    %assign/vec4 v0x599aa6741490_0, 10;
    %jmp T_12.5;
T_12.4 ;
    %load/vec4 v0x599aa6741be0_0;
    %load/vec4 v0x599aa6741900_0;
    %cmp/ne;
    %flag_get/vec4 4;
    %load/vec4 v0x599aa6741630_0;
    %and;
    %flag_set/vec4 8;
    %jmp/0xz  T_12.6, 8;
    %pushi/vec4 0, 0, 1;
    %assign/vec4 v0x599aa6741490_0, 10;
T_12.6 ;
T_12.5 ;
T_12.3 ;
T_12.1 ;
    %jmp T_12;
    .thread T_12;
    .scope S_0x599aa66adb30;
T_13 ;
    %wait E_0x599aa66b9550;
    %load/vec4 v0x599aa6741a80_0;
    %nor/r;
    %flag_set/vec4 8;
    %jmp/0xz  T_13.0, 8;
    %pushi/vec4 0, 0, 1;
    %assign/vec4 v0x599aa6741310_0, 10;
    %jmp T_13.1;
T_13.0 ;
    %load/vec4 v0x599aa6740af0_0;
    %flag_set/vec4 8;
    %jmp/0xz  T_13.2, 8;
    %pushi/vec4 0, 0, 1;
    %assign/vec4 v0x599aa6741310_0, 10;
    %jmp T_13.3;
T_13.2 ;
    %load/vec4 v0x599aa6741b40_0;
    %load/vec4 v0x599aa6741c80_0;
    %load/vec4 v0x599aa6741900_0;
    %cmp/e;
    %flag_get/vec4 4;
    %load/vec4 v0x599aa6741490_0;
    %and;
    %and;
    %load/vec4 v0x599aa6741630_0;
    %nor/r;
    %and;
    %flag_set/vec4 8;
    %jmp/0xz  T_13.4, 8;
    %pushi/vec4 1, 0, 1;
    %assign/vec4 v0x599aa6741310_0, 10;
    %jmp T_13.5;
T_13.4 ;
    %load/vec4 v0x599aa6741630_0;
    %load/vec4 v0x599aa6741c80_0;
    %load/vec4 v0x599aa6741900_0;
    %cmp/ne;
    %flag_get/vec4 4;
    %load/vec4 v0x599aa6741490_0;
    %nor/r;
    %or;
    %and;
    %load/vec4 v0x599aa6741b40_0;
    %nor/r;
    %and;
    %flag_set/vec4 8;
    %jmp/0xz  T_13.6, 8;
    %pushi/vec4 0, 0, 1;
    %assign/vec4 v0x599aa6741310_0, 10;
T_13.6 ;
T_13.5 ;
T_13.3 ;
T_13.1 ;
    %jmp T_13;
    .thread T_13;
    .scope S_0x599aa66adb30;
T_14 ;
    %wait E_0x599aa66b9550;
    %load/vec4 v0x599aa6741a80_0;
    %nor/r;
    %flag_set/vec4 8;
    %jmp/0xz  T_14.0, 8;
    %pushi/vec4 1, 0, 1;
    %assign/vec4 v0x599aa6741010_0, 10;
    %jmp T_14.1;
T_14.0 ;
    %load/vec4 v0x599aa6740af0_0;
    %flag_set/vec4 8;
    %jmp/0xz  T_14.2, 8;
    %pushi/vec4 1, 0, 1;
    %assign/vec4 v0x599aa6741010_0, 10;
    %jmp T_14.3;
T_14.2 ;
    %load/vec4 v0x599aa6741b40_0;
    %load/vec4 v0x599aa6741be0_0;
    %load/vec4 v0x599aa67419c0_0;
    %cmp/ne;
    %flag_get/vec4 4;
    %load/vec4 v0x599aa6741490_0;
    %or;
    %and;
    %load/vec4 v0x599aa6741630_0;
    %nor/r;
    %and;
    %flag_set/vec4 8;
    %jmp/0xz  T_14.4, 8;
    %pushi/vec4 0, 0, 1;
    %assign/vec4 v0x599aa6741010_0, 10;
    %jmp T_14.5;
T_14.4 ;
    %load/vec4 v0x599aa6741630_0;
    %load/vec4 v0x599aa6741be0_0;
    %load/vec4 v0x599aa67419c0_0;
    %cmp/e;
    %flag_get/vec4 4;
    %load/vec4 v0x599aa6741490_0;
    %nor/r;
    %and;
    %and;
    %load/vec4 v0x599aa6741b40_0;
    %nor/r;
    %and;
    %flag_set/vec4 8;
    %jmp/0xz  T_14.6, 8;
    %pushi/vec4 1, 0, 1;
    %assign/vec4 v0x599aa6741010_0, 10;
T_14.6 ;
T_14.5 ;
T_14.3 ;
T_14.1 ;
    %jmp T_14;
    .thread T_14;
    .scope S_0x599aa66adb30;
T_15 ;
    %wait E_0x599aa66b9550;
    %load/vec4 v0x599aa6741a80_0;
    %nor/r;
    %flag_set/vec4 8;
    %jmp/0xz  T_15.0, 8;
    %pushi/vec4 0, 0, 9;
    %assign/vec4 v0x599aa6740bb0_0, 10;
    %jmp T_15.1;
T_15.0 ;
    %load/vec4 v0x599aa6740af0_0;
    %flag_set/vec4 8;
    %jmp/0xz  T_15.2, 8;
    %pushi/vec4 0, 0, 9;
    %assign/vec4 v0x599aa6740bb0_0, 10;
    %jmp T_15.3;
T_15.2 ;
    %load/vec4 v0x599aa6741630_0;
    %load/vec4 v0x599aa6741b40_0;
    %nor/r;
    %and;
    %flag_set/vec4 8;
    %jmp/0xz  T_15.4, 8;
    %load/vec4 v0x599aa6740bb0_0;
    %addi 511, 0, 9;
    %assign/vec4 v0x599aa6740bb0_0, 10;
    %jmp T_15.5;
T_15.4 ;
    %load/vec4 v0x599aa6741630_0;
    %nor/r;
    %load/vec4 v0x599aa6741b40_0;
    %and;
    %flag_set/vec4 8;
    %jmp/0xz  T_15.6, 8;
    %load/vec4 v0x599aa6740bb0_0;
    %addi 1, 0, 9;
    %assign/vec4 v0x599aa6740bb0_0, 10;
T_15.6 ;
T_15.5 ;
T_15.3 ;
T_15.1 ;
    %jmp T_15;
    .thread T_15;
    .scope S_0x599aa66adb30;
T_16 ;
    %wait E_0x599aa66b9550;
    %load/vec4 v0x599aa6741a80_0;
    %nor/r;
    %flag_set/vec4 8;
    %jmp/0xz  T_16.0, 8;
    %pushi/vec4 1, 0, 1;
    %assign/vec4 v0x599aa6740f50_0, 10;
    %jmp T_16.1;
T_16.0 ;
    %load/vec4 v0x599aa6740af0_0;
    %flag_set/vec4 8;
    %jmp/0xz  T_16.2, 8;
    %pushi/vec4 1, 0, 1;
    %assign/vec4 v0x599aa6740f50_0, 10;
    %jmp T_16.3;
T_16.2 ;
    %load/vec4 v0x599aa6741b40_0;
    %pushi/vec4 31, 0, 32;
    %load/vec4 v0x599aa6740bb0_0;
    %pad/u 32;
    %cmp/u;
    %flag_get/vec4 4;
    %flag_get/vec4 5;
    %or;
    %and;
    %load/vec4 v0x599aa6741630_0;
    %nor/r;
    %and;
    %flag_set/vec4 8;
    %jmp/0xz  T_16.4, 8;
    %pushi/vec4 0, 0, 1;
    %assign/vec4 v0x599aa6740f50_0, 10;
    %jmp T_16.5;
T_16.4 ;
    %load/vec4 v0x599aa6741630_0;
    %load/vec4 v0x599aa6740bb0_0;
    %pad/u 32;
    %cmpi/u 32, 0, 32;
    %flag_get/vec4 4;
    %flag_get/vec4 5;
    %or;
    %and;
    %load/vec4 v0x599aa6741b40_0;
    %nor/r;
    %and;
    %flag_set/vec4 8;
    %jmp/0xz  T_16.6, 8;
    %pushi/vec4 1, 0, 1;
    %assign/vec4 v0x599aa6740f50_0, 10;
T_16.6 ;
T_16.5 ;
T_16.3 ;
T_16.1 ;
    %jmp T_16;
    .thread T_16;
    .scope S_0x599aa66adb30;
T_17 ;
    %wait E_0x599aa66b9550;
    %load/vec4 v0x599aa6741a80_0;
    %nor/r;
    %flag_set/vec4 8;
    %jmp/0xz  T_17.0, 8;
    %pushi/vec4 0, 0, 1;
    %assign/vec4 v0x599aa6741250_0, 10;
    %jmp T_17.1;
T_17.0 ;
    %load/vec4 v0x599aa6740af0_0;
    %flag_set/vec4 8;
    %jmp/0xz  T_17.2, 8;
    %pushi/vec4 0, 0, 1;
    %assign/vec4 v0x599aa6741250_0, 10;
    %jmp T_17.3;
T_17.2 ;
    %load/vec4 v0x599aa6741b40_0;
    %pushi/vec4 224, 0, 40;
    %load/vec4 v0x599aa6740bb0_0;
    %pad/u 40;
    %cmp/u;
    %flag_get/vec4 4;
    %flag_get/vec4 5;
    %or;
    %and;
    %load/vec4 v0x599aa6741630_0;
    %nor/r;
    %and;
    %flag_set/vec4 8;
    %jmp/0xz  T_17.4, 8;
    %pushi/vec4 1, 0, 1;
    %assign/vec4 v0x599aa6741250_0, 10;
    %jmp T_17.5;
T_17.4 ;
    %load/vec4 v0x599aa6741630_0;
    %load/vec4 v0x599aa6740bb0_0;
    %pad/u 40;
    %cmpi/u 225, 0, 40;
    %flag_get/vec4 4;
    %flag_get/vec4 5;
    %or;
    %and;
    %load/vec4 v0x599aa6741b40_0;
    %nor/r;
    %and;
    %flag_set/vec4 8;
    %jmp/0xz  T_17.6, 8;
    %pushi/vec4 0, 0, 1;
    %assign/vec4 v0x599aa6741250_0, 10;
T_17.6 ;
T_17.5 ;
T_17.3 ;
T_17.1 ;
    %jmp T_17;
    .thread T_17;
    .scope S_0x599aa66adb30;
T_18 ;
    %wait E_0x599aa66b9550;
    %load/vec4 v0x599aa6741b40_0;
    %load/vec4 v0x599aa67410d0_0;
    %and;
    %flag_set/vec4 8;
    %jmp/0xz  T_18.0, 8;
    %vpi_call 2 328 "$display", "%m WARNING: Writing while fifo is FULL (%t)", $time {0 0 0};
T_18.0 ;
    %jmp T_18;
    .thread T_18;
    .scope S_0x599aa66adb30;
T_19 ;
    %wait E_0x599aa66b9550;
    %load/vec4 v0x599aa6741630_0;
    %load/vec4 v0x599aa6740df0_0;
    %and;
    %flag_set/vec4 8;
    %jmp/0xz  T_19.0, 8;
    %vpi_call 2 332 "$display", "%m WARNING: Reading while fifo is EMPTY (%t)", $time {0 0 0};
T_19.0 ;
    %jmp T_19;
    .thread T_19;
    .scope S_0x599aa66fdca0;
T_20 ;
    %vpi_call 4 95 "$timeformat", 32'sb11111111111111111111111111110111, 32'sb00000000000000000000000000000001, " ns", 32'sb00000000000000000000000000001100 {0 0 0};
    %pushi/real 1342177280, 4068; load=5.00000
    %store/real v0x599aa6743fc0_0;
    %pushi/vec4 0, 0, 1;
    %store/vec4 v0x599aa67435f0_0, 0, 1;
    %pushi/vec4 0, 0, 1;
    %store/vec4 v0x599aa6744080_0, 0, 1;
    %pushi/vec4 0, 0, 1;
    %store/vec4 v0x599aa67446c0_0, 0, 1;
    %pushi/vec4 1, 0, 1;
    %store/vec4 v0x599aa67443a0_0, 0, 1;
    %pushi/vec4 0, 0, 1;
    %store/vec4 v0x599aa6744540_0, 0, 1;
    %pushi/vec4 0, 0, 1;
    %store/vec4 v0x599aa6744220_0, 0, 1;
    %pushi/vec4 0, 0, 1;
    %store/vec4 v0x599aa67436b0_0, 0, 1;
    %pushi/vec4 0, 0, 1;
    %store/vec4 v0x599aa6744600_0, 0, 1;
    %pushi/vec4 0, 0, 1;
    %store/vec4 v0x599aa67442e0_0, 0, 1;
    %pushi/vec4 0, 0, 1;
    %store/vec4 v0x599aa6743750_0, 0, 1;
    %pushi/vec4 0, 0, 32;
    %store/vec4 v0x599aa6744460_0, 0, 32;
    %pushi/vec4 0, 0, 32;
    %store/vec4 v0x599aa6744780_0, 0, 32;
    %pushi/vec4 0, 0, 32;
    %store/vec4 v0x599aa6744140_0, 0, 32;
    %pushi/vec4 10, 0, 32;
T_20.0 %dup/vec4;
    %pushi/vec4 0, 0, 32;
    %cmp/s;
    %jmp/1xz T_20.1, 5;
    %jmp/1 T_20.1, 4;
    %pushi/vec4 1, 0, 32;
    %sub;
    %wait E_0x599aa66b96b0;
    %jmp T_20.0;
T_20.1 ;
    %pop/vec4 1;
    %pushi/vec4 0, 0, 1;
    %store/vec4 v0x599aa67443a0_0, 0, 1;
    %pushi/vec4 10, 0, 32;
T_20.2 %dup/vec4;
    %pushi/vec4 0, 0, 32;
    %cmp/s;
    %jmp/1xz T_20.3, 5;
    %jmp/1 T_20.3, 4;
    %pushi/vec4 1, 0, 32;
    %sub;
    %wait E_0x599aa66b96b0;
    %jmp T_20.2;
T_20.3 ;
    %pop/vec4 1;
    %pushi/vec4 1, 0, 1;
    %store/vec4 v0x599aa67443a0_0, 0, 1;
    %pushi/vec4 10, 0, 32;
T_20.4 %dup/vec4;
    %pushi/vec4 0, 0, 32;
    %cmp/s;
    %jmp/1xz T_20.5, 5;
    %jmp/1 T_20.5, 4;
    %pushi/vec4 1, 0, 32;
    %sub;
    %wait E_0x599aa66b96b0;
    %jmp T_20.4;
T_20.5 ;
    %pop/vec4 1;
    %fork TD_test.test_sc_fifo, S_0x599aa6742c40;
    %join;
    %pushi/vec4 500, 0, 32;
T_20.6 %dup/vec4;
    %pushi/vec4 0, 0, 32;
    %cmp/s;
    %jmp/1xz T_20.7, 5;
    %jmp/1 T_20.7, 4;
    %pushi/vec4 1, 0, 32;
    %sub;
    %wait E_0x599aa66b96b0;
    %jmp T_20.6;
T_20.7 ;
    %pop/vec4 1;
    %load/vec4 v0x599aa6744780_0;
    %load/vec4 v0x599aa6744140_0;
    %sub;
    %vpi_call 4 145 "$display", "rdp=%0d, wrp=%0d delta=%0d", v0x599aa6744140_0, v0x599aa6744780_0, S<0,vec4,s32> {1 0 0};
    %vpi_call 4 147 "$finish" {0 0 0};
    %end;
    .thread T_20;
    .scope S_0x599aa66fdca0;
T_21 ;
    %wait E_0x599aa66b96b0;
    %load/vec4 v0x599aa6744540_0;
    %load/vec4 v0x599aa6743d60_0;
    %nor/r;
    %and;
    %flag_set/vec4 8;
    %jmp/0xz  T_21.0, 8;
    %load/vec4 v0x599aa6743810_0;
    %ix/getv/s 4, v0x599aa6744780_0;
    %store/vec4a v0x599aa6743510, 4, 0;
    %load/vec4 v0x599aa6744780_0;
    %addi 1, 0, 32;
    %store/vec4 v0x599aa6744780_0, 0, 32;
T_21.0 ;
    %jmp T_21;
    .thread T_21;
    .scope S_0x599aa66fdca0;
T_22 ;
    %wait E_0x599aa66b96b0;
    %load/vec4 v0x599aa6744220_0;
    %load/vec4 v0x599aa6743be0_0;
    %nor/r;
    %and;
    %flag_set/vec4 8;
    %jmp/0xz  T_22.0, 8;
    %delay 30, 0;
    %load/vec4 v0x599aa6743a20_0;
    %ix/getv/s 4, v0x599aa6744140_0;
    %load/vec4a v0x599aa6743510, 4;
    %cmp/ne;
    %jmp/0xz  T_22.2, 4;
    %vpi_call 4 214 "$display", "ERROR: Data (%0d) mismatch, expected %h got %h (%t)", v0x599aa6744140_0, &A<v0x599aa6743510, v0x599aa6744140_0 >, v0x599aa6743a20_0, $time {0 0 0};
T_22.2 ;
    %load/vec4 v0x599aa6744140_0;
    %addi 1, 0, 32;
    %store/vec4 v0x599aa6744140_0, 0, 32;
T_22.0 ;
    %jmp T_22;
    .thread T_22;
    .scope S_0x599aa66fdca0;
T_23 ;
    %wait E_0x599aa66a3210;
    %load/vec4 v0x599aa6744600_0;
    %load/vec4 v0x599aa6743e20_0;
    %nor/r;
    %and;
    %flag_set/vec4 8;
    %jmp/0xz  T_23.0, 8;
    %load/vec4 v0x599aa6743940_0;
    %ix/getv/s 4, v0x599aa6744780_0;
    %store/vec4a v0x599aa6743510, 4, 0;
    %load/vec4 v0x599aa6744780_0;
    %addi 1, 0, 32;
    %store/vec4 v0x599aa6744780_0, 0, 32;
T_23.0 ;
    %jmp T_23;
    .thread T_23;
    .scope S_0x599aa66fdca0;
T_24 ;
    %wait E_0x599aa66b9970;
    %load/vec4 v0x599aa67442e0_0;
    %load/vec4 v0x599aa6743ca0_0;
    %nor/r;
    %and;
    %flag_set/vec4 8;
    %jmp/0xz  T_24.0, 8;
    %delay 30, 0;
    %load/vec4 v0x599aa6743b00_0;
    %ix/getv/s 4, v0x599aa6744140_0;
    %load/vec4a v0x599aa6743510, 4;
    %cmp/ne;
    %flag_get/vec4 4;
    %load/vec4 v0x599aa6743b00_0;
    %xor/r;
    %pushi/vec4 1, 1, 1;
    %cmp/e;
    %flag_get/vec4 6;
    %or;
    %flag_set/vec4 8;
    %jmp/0xz  T_24.2, 8;
    %vpi_call 4 231 "$display", "ERROR: Data (%0d) mismatch, expected %h got %h (%t)", v0x599aa6744140_0, &A<v0x599aa6743510, v0x599aa6744140_0 >, v0x599aa6743b00_0, $time {0 0 0};
T_24.2 ;
    %load/vec4 v0x599aa6744140_0;
    %addi 1, 0, 32;
    %store/vec4 v0x599aa6744140_0, 0, 32;
T_24.0 ;
    %jmp T_24;
    .thread T_24;
    .scope S_0x599aa66fdca0;
T_25 ;
    %delay 50, 0;
    %load/vec4 v0x599aa67435f0_0;
    %inv;
    %store/vec4 v0x599aa67435f0_0, 0, 1;
    %jmp T_25;
    .thread T_25;
    .scope S_0x599aa66fdca0;
T_26 ;
    %load/real v0x599aa6743fc0_0;
    %pushi/real 1342177280, 4069; load=10.0000
    %mul/wr;
    %cvt/vr 64;
    %muli 1, 0, 64;
    %ix/vec4 4;
    %delayx 4;
    %load/vec4 v0x599aa6744080_0;
    %inv;
    %store/vec4 v0x599aa6744080_0, 0, 1;
    %jmp T_26;
    .thread T_26;
    .scope S_0x599aa66fdca0;
T_27 ;
    %delay 500, 0;
    %load/vec4 v0x599aa67446c0_0;
    %inv;
    %store/vec4 v0x599aa67446c0_0, 0, 1;
    %jmp T_27;
    .thread T_27;
# The file index is used to find the file name in the following table.
:file_names 5;
    "N/A";
    "<interactive>";
    "generic_fifo_sc_a.v";
    "generic_dpram.v";
    "test_bench_top.v";
