#! /usr/bin/vvp
:ivl_version "12.0 (stable)";
:ivl_delay_selection "TYPICAL";
:vpi_time_precision - 10;
:vpi_module "/usr/lib/x86_64-linux-gnu/ivl/system.vpi";
:vpi_module "/usr/lib/x86_64-linux-gnu/ivl/vhdl_sys.vpi";
:vpi_module "/usr/lib/x86_64-linux-gnu/ivl/vhdl_textio.vpi";
:vpi_module "/usr/lib/x86_64-linux-gnu/ivl/v2005_math.vpi";
:vpi_module "/usr/lib/x86_64-linux-gnu/ivl/va_math.vpi";
S_0x59d46d43cce0 .scope module, "generic_fifo_dc" "generic_fifo_dc" 2 135;
 .timescale -9 -10;
    .port_info 0 /INPUT 1 "rd_clk";
    .port_info 1 /INPUT 1 "wr_clk";
    .port_info 2 /INPUT 1 "rst";
    .port_info 3 /INPUT 1 "clr";
    .port_info 4 /INPUT 8 "din";
    .port_info 5 /INPUT 1 "we";
    .port_info 6 /OUTPUT 8 "dout";
    .port_info 7 /INPUT 1 "re";
    .port_info 8 /OUTPUT 1 "full";
    .port_info 9 /OUTPUT 1 "empty";
    .port_info 10 /OUTPUT 1 "full_n";
    .port_info 11 /OUTPUT 1 "empty_n";
    .port_info 12 /OUTPUT 2 "level";
P_0x59d46d4a4cc0 .param/l "aw" 0 2 139, +C4<00000000000000000000000000001000>;
P_0x59d46d4a4d00 .param/l "dw" 0 2 138, +C4<00000000000000000000000000001000>;
P_0x59d46d4a4d40 .param/l "max_size" 0 2 141, +C4<0000000000000000000000000000000100000000>;
P_0x59d46d4a4d80 .param/l "n" 0 2 140, +C4<00000000000000000000000000100000>;
L_0x789518957138 .functor BUFT 1, C4<000000001>, C4<0>, C4<0>, C4<0>;
v0x59d46d4bc950_0 .net/2u *"_ivl_14", 8 0, L_0x789518957138;  1 drivers
L_0x789518957180 .functor BUFT 1, C4<000000001>, C4<0>, C4<0>, C4<0>;
v0x59d46d4bca50_0 .net/2u *"_ivl_18", 8 0, L_0x789518957180;  1 drivers
o0x7895189a05b8 .functor BUFZ 1, C4<z>; HiZ drive
v0x59d46d4bcb30_0 .net "clr", 0 0, o0x7895189a05b8;  0 drivers
v0x59d46d4bcbd0_0 .net "diff", 8 0, L_0x59d46d4d1400;  1 drivers
v0x59d46d4bccb0_0 .var "diff_r1", 8 0;
v0x59d46d4bcd90_0 .var "diff_r2", 8 0;
o0x7895189a00a8 .functor BUFZ 8, C4<zzzzzzzz>; HiZ drive
v0x59d46d4bce70_0 .net "din", 7 0, o0x7895189a00a8;  0 drivers
v0x59d46d4bcf30_0 .net "dout", 7 0, L_0x59d46d482f80;  1 drivers
v0x59d46d4bcfd0_0 .var "empty", 0 0;
v0x59d46d4bd070_0 .var "empty_n", 0 0;
v0x59d46d4bd130_0 .var "full", 0 0;
v0x59d46d4bd1f0_0 .var "full_n", 0 0;
v0x59d46d4bd2b0_0 .var "level", 1 0;
o0x7895189a01c8 .functor BUFZ 1, C4<z>; HiZ drive
v0x59d46d4bd390_0 .net "rd_clk", 0 0, o0x7895189a01c8;  0 drivers
o0x7895189a0768 .functor BUFZ 1, C4<z>; HiZ drive
v0x59d46d4bd430_0 .net "re", 0 0, o0x7895189a0768;  0 drivers
v0x59d46d4bd4d0_0 .var "re_r", 0 0;
v0x59d46d4bd590_0 .var "rp", 8 0;
v0x59d46d4bd780_0 .net "rp_pl1", 8 0, L_0x59d46d4d1280;  1 drivers
v0x59d46d4bd860_0 .var "rp_s", 8 0;
o0x7895189a0858 .functor BUFZ 1, C4<z>; HiZ drive
v0x59d46d4bd940_0 .net "rst", 0 0, o0x7895189a0858;  0 drivers
o0x7895189a02b8 .functor BUFZ 1, C4<z>; HiZ drive
v0x59d46d4bda00_0 .net "we", 0 0, o0x7895189a02b8;  0 drivers
v0x59d46d4bdaa0_0 .var "we_r", 0 0;
v0x59d46d4bdb40_0 .var "wp", 8 0;
v0x59d46d4bdc20_0 .net "wp_pl1", 8 0, L_0x59d46d4d1140;  1 drivers
v0x59d46d4bdd00_0 .var "wp_s", 8 0;
o0x7895189a0288 .functor BUFZ 1, C4<z>; HiZ drive
v0x59d46d4bdde0_0 .net "wr_clk", 0 0, o0x7895189a0288;  0 drivers
L_0x59d46d4c0c60 .reduce/nor o0x7895189a0858;
L_0x59d46d4c0d60 .part v0x59d46d4bd590_0, 0, 8;
L_0x59d46d4c0e60 .reduce/nor o0x7895189a0858;
L_0x59d46d4c0f80 .part v0x59d46d4bdb40_0, 0, 8;
L_0x59d46d4d1140 .arith/sum 9, v0x59d46d4bdb40_0, L_0x789518957138;
L_0x59d46d4d1280 .arith/sum 9, v0x59d46d4bd590_0, L_0x789518957180;
L_0x59d46d4d1400 .arith/sub 9, v0x59d46d4bdb40_0, v0x59d46d4bd590_0;
S_0x59d46d437480 .scope module, "u0" "generic_dpram" 2 175, 3 108 0, S_0x59d46d43cce0;
 .timescale -9 -10;
    .port_info 0 /INPUT 1 "rclk";
    .port_info 1 /INPUT 1 "rrst";
    .port_info 2 /INPUT 1 "rce";
    .port_info 3 /INPUT 1 "oe";
    .port_info 4 /INPUT 8 "raddr";
    .port_info 5 /OUTPUT 8 "do";
    .port_info 6 /INPUT 1 "wclk";
    .port_info 7 /INPUT 1 "wrst";
    .port_info 8 /INPUT 1 "wce";
    .port_info 9 /INPUT 1 "we";
    .port_info 10 /INPUT 8 "waddr";
    .port_info 11 /INPUT 8 "di";
P_0x59d46d49edb0 .param/l "aw" 0 3 117, +C4<00000000000000000000000000001000>;
P_0x59d46d49edf0 .param/l "dw" 0 3 118, +C4<00000000000000000000000000001000>;
L_0x59d46d482f80 .functor BUFZ 8, L_0x59d46d4c09e0, C4<00000000>, C4<00000000>, C4<00000000>;
v0x59d46d4827c0_0 .net *"_ivl_0", 7 0, L_0x59d46d4c09e0;  1 drivers
v0x59d46d482c50_0 .net *"_ivl_2", 9 0, L_0x59d46d4c0aa0;  1 drivers
L_0x789518957018 .functor BUFT 1, C4<00>, C4<0>, C4<0>, C4<0>;
v0x59d46d4830e0_0 .net *"_ivl_5", 1 0, L_0x789518957018;  1 drivers
v0x59d46d483b80_0 .net "di", 7 0, o0x7895189a00a8;  alias, 0 drivers
v0x59d46d484700_0 .net "do", 7 0, L_0x59d46d482f80;  alias, 1 drivers
v0x59d46d485950 .array "mem", 0 255, 7 0;
L_0x7895189570a8 .functor BUFT 1, C4<1>, C4<0>, C4<0>, C4<0>;
v0x59d46d485df0_0 .net "oe", 0 0, L_0x7895189570a8;  1 drivers
v0x59d46d4bbff0_0 .var "ra", 7 0;
v0x59d46d4bc0d0_0 .net "raddr", 7 0, L_0x59d46d4c0d60;  1 drivers
L_0x789518957060 .functor BUFT 1, C4<1>, C4<0>, C4<0>, C4<0>;
v0x59d46d4bc1b0_0 .net "rce", 0 0, L_0x789518957060;  1 drivers
v0x59d46d4bc270_0 .net "rclk", 0 0, o0x7895189a01c8;  alias, 0 drivers
v0x59d46d4bc330_0 .net "rrst", 0 0, L_0x59d46d4c0c60;  1 drivers
v0x59d46d4bc3f0_0 .net "waddr", 7 0, L_0x59d46d4c0f80;  1 drivers
L_0x7895189570f0 .functor BUFT 1, C4<1>, C4<0>, C4<0>, C4<0>;
v0x59d46d4bc4d0_0 .net "wce", 0 0, L_0x7895189570f0;  1 drivers
v0x59d46d4bc590_0 .net "wclk", 0 0, o0x7895189a0288;  alias, 0 drivers
v0x59d46d4bc650_0 .net "we", 0 0, o0x7895189a02b8;  alias, 0 drivers
v0x59d46d4bc710_0 .net "wrst", 0 0, L_0x59d46d4c0e60;  1 drivers
E_0x59d46d443550 .event posedge, v0x59d46d4bc590_0;
E_0x59d46d443970 .event posedge, v0x59d46d4bc270_0;
L_0x59d46d4c09e0 .array/port v0x59d46d485950, L_0x59d46d4c0aa0;
L_0x59d46d4c0aa0 .concat [ 8 2 0 0], v0x59d46d4bbff0_0, L_0x789518957018;
S_0x59d46d437660 .scope module, "test" "test" 4 41;
 .timescale -9 -10;
v0x59d46d4bf4a0 .array "buffer", 1024000 0, 7 0;
v0x59d46d4bf580_0 .var "clk", 0 0;
v0x59d46d4bf640_0 .var "clr", 0 0;
v0x59d46d4bf6e0_0 .var "clr2", 0 0;
v0x59d46d4bf7a0_0 .var "din", 7 0;
v0x59d46d4bf8d0_0 .var "din2", 7 0;
o0x7895189a0df8 .functor BUFZ 8, C4<zzzzzzzz>; HiZ drive
v0x59d46d4bf9b0_0 .net "dout", 7 0, o0x7895189a0df8;  0 drivers
o0x7895189a0e28 .functor BUFZ 8, C4<zzzzzzzz>; HiZ drive
v0x59d46d4bfa90_0 .net "dout2", 7 0, o0x7895189a0e28;  0 drivers
o0x7895189a0e58 .functor BUFZ 1, C4<z>; HiZ drive
v0x59d46d4bfb70_0 .net "empty", 0 0, o0x7895189a0e58;  0 drivers
o0x7895189a0e88 .functor BUFZ 1, C4<z>; HiZ drive
v0x59d46d4bfc30_0 .net "empty2", 0 0, o0x7895189a0e88;  0 drivers
o0x7895189a0eb8 .functor BUFZ 1, C4<z>; HiZ drive
v0x59d46d4bfcf0_0 .net "full", 0 0, o0x7895189a0eb8;  0 drivers
o0x7895189a0ee8 .functor BUFZ 1, C4<z>; HiZ drive
v0x59d46d4bfdb0_0 .net "full2", 0 0, o0x7895189a0ee8;  0 drivers
v0x59d46d4bfe70_0 .var/i "n", 31 0;
v0x59d46d4bff50_0 .var/real "rcp", 0 0;
v0x59d46d4c0010_0 .var "rd_clk", 0 0;
v0x59d46d4c00d0_0 .var/i "rdp", 31 0;
v0x59d46d4c01b0_0 .var "re", 0 0;
v0x59d46d4c0380_0 .var "re2", 0 0;
v0x59d46d4c0440_0 .var "rst", 0 0;
v0x59d46d4c0500_0 .var/i "rwd", 31 0;
v0x59d46d4c05e0_0 .var "we", 0 0;
v0x59d46d4c06a0_0 .var "we2", 0 0;
v0x59d46d4c0760_0 .var "wr_clk", 0 0;
v0x59d46d4c0820_0 .var/i "wrp", 31 0;
v0x59d46d4c0900_0 .var/i "x", 31 0;
S_0x59d46d4be000 .scope task, "rd_dc" "rd_dc" 4 281, 4 281 0, S_0x59d46d437660;
 .timescale -9 -10;
v0x59d46d4be1f0_0 .var/i "cnt", 31 0;
v0x59d46d4be2f0_0 .var/i "n", 31 0;
E_0x59d46d4436b0 .event posedge, v0x59d46d4c0010_0;
TD_test.rd_dc ;
    %wait E_0x59d46d4436b0;
    %pushi/vec4 0, 0, 32;
    %store/vec4 v0x59d46d4be2f0_0, 0, 32;
T_0.0 ;
    %load/vec4 v0x59d46d4be2f0_0;
    %load/vec4 v0x59d46d4be1f0_0;
    %cmp/s;
    %jmp/0xz T_0.1, 5;
    %delay 10, 0;
    %pushi/vec4 1, 0, 1;
    %store/vec4 v0x59d46d4c0380_0, 0, 1;
    %wait E_0x59d46d4436b0;
    %delay 10, 0;
    %pushi/vec4 0, 0, 1;
    %store/vec4 v0x59d46d4c0380_0, 0, 1;
    %load/vec4 v0x59d46d4c0500_0;
T_0.2 %dup/vec4;
    %pushi/vec4 0, 0, 32;
    %cmp/s;
    %jmp/1xz T_0.3, 5;
    %jmp/1 T_0.3, 4;
    %pushi/vec4 1, 0, 32;
    %sub;
    %wait E_0x59d46d4436b0;
    %jmp T_0.2;
T_0.3 ;
    %pop/vec4 1;
    %load/vec4 v0x59d46d4be2f0_0;
    %addi 1, 0, 32;
    %store/vec4 v0x59d46d4be2f0_0, 0, 32;
    %jmp T_0.0;
T_0.1 ;
    %end;
S_0x59d46d4be3d0 .scope task, "rd_sc" "rd_sc" 4 410, 4 410 0, S_0x59d46d437660;
 .timescale -9 -10;
v0x59d46d4be5f0_0 .var/i "cnt", 31 0;
E_0x59d46d42d1d0 .event posedge, v0x59d46d4bf580_0;
TD_test.rd_sc ;
    %wait E_0x59d46d42d1d0;
    %pushi/vec4 0, 0, 32;
    %store/vec4 v0x59d46d4bfe70_0, 0, 32;
T_1.4 ;
    %load/vec4 v0x59d46d4bfe70_0;
    %load/vec4 v0x59d46d4be5f0_0;
    %cmp/s;
    %jmp/0xz T_1.5, 5;
    %delay 10, 0;
    %pushi/vec4 1, 0, 1;
    %store/vec4 v0x59d46d4c01b0_0, 0, 1;
    %wait E_0x59d46d42d1d0;
    %delay 10, 0;
    %pushi/vec4 0, 0, 1;
    %store/vec4 v0x59d46d4c01b0_0, 0, 1;
    %load/vec4 v0x59d46d4c0500_0;
T_1.6 %dup/vec4;
    %pushi/vec4 0, 0, 32;
    %cmp/s;
    %jmp/1xz T_1.7, 5;
    %jmp/1 T_1.7, 4;
    %pushi/vec4 1, 0, 32;
    %sub;
    %wait E_0x59d46d42d1d0;
    %jmp T_1.6;
T_1.7 ;
    %pop/vec4 1;
    %load/vec4 v0x59d46d4bfe70_0;
    %addi 1, 0, 32;
    %store/vec4 v0x59d46d4bfe70_0, 0, 32;
    %jmp T_1.4;
T_1.5 ;
    %end;
S_0x59d46d4be6f0 .scope task, "rd_wr_dc" "rd_wr_dc" 4 299, 4 299 0, S_0x59d46d437660;
 .timescale -9 -10;
v0x59d46d4be8f0_0 .var/i "n", 31 0;
E_0x59d46d4a4af0 .event posedge, v0x59d46d4c0760_0;
TD_test.rd_wr_dc ;
    %pushi/vec4 10, 0, 32;
T_2.8 %dup/vec4;
    %pushi/vec4 0, 0, 32;
    %cmp/s;
    %jmp/1xz T_2.9, 5;
    %jmp/1 T_2.9, 4;
    %pushi/vec4 1, 0, 32;
    %sub;
    %wait E_0x59d46d4a4af0;
    %jmp T_2.8;
T_2.9 ;
    %pop/vec4 1;
    %pushi/vec4 0, 0, 32;
    %store/vec4 v0x59d46d4be8f0_0, 0, 32;
T_2.10 ;
    %load/vec4 v0x59d46d4be8f0_0;
    %cmpi/s 20, 0, 32;
    %jmp/0xz T_2.11, 5;
    %fork t_1, S_0x59d46d4be6f0;
    %fork t_2, S_0x59d46d4be6f0;
    %join;
    %join;
    %jmp t_0;
t_1 ;
    %pushi/vec4 1, 0, 32;
    %store/vec4 v0x59d46d4befe0_0, 0, 32;
    %fork TD_test.wr_dc, S_0x59d46d4bee00;
    %join;
    %end;
t_2 ;
    %wait E_0x59d46d4a4af0;
    %wait E_0x59d46d4a4af0;
    %pushi/vec4 1, 0, 32;
    %store/vec4 v0x59d46d4be1f0_0, 0, 32;
    %fork TD_test.rd_dc, S_0x59d46d4be000;
    %join;
    %end;
    .scope S_0x59d46d4be6f0;
t_0 ;
    %load/vec4 v0x59d46d4be8f0_0;
    %addi 1, 0, 32;
    %store/vec4 v0x59d46d4be8f0_0, 0, 32;
    %jmp T_2.10;
T_2.11 ;
    %pushi/vec4 50, 0, 32;
T_2.12 %dup/vec4;
    %pushi/vec4 0, 0, 32;
    %cmp/s;
    %jmp/1xz T_2.13, 5;
    %jmp/1 T_2.13, 4;
    %pushi/vec4 1, 0, 32;
    %sub;
    %wait E_0x59d46d4a4af0;
    %jmp T_2.12;
T_2.13 ;
    %pop/vec4 1;
    %pushi/vec4 0, 0, 32;
    %store/vec4 v0x59d46d4be8f0_0, 0, 32;
T_2.14 ;
    %load/vec4 v0x59d46d4be8f0_0;
    %cmpi/s 20, 0, 32;
    %jmp/0xz T_2.15, 5;
    %fork t_4, S_0x59d46d4be6f0;
    %fork t_5, S_0x59d46d4be6f0;
    %join;
    %join;
    %jmp t_3;
t_4 ;
    %pushi/vec4 2, 0, 32;
    %store/vec4 v0x59d46d4befe0_0, 0, 32;
    %fork TD_test.wr_dc, S_0x59d46d4bee00;
    %join;
    %end;
t_5 ;
    %wait E_0x59d46d4a4af0;
    %wait E_0x59d46d4a4af0;
    %wait E_0x59d46d4a4af0;
    %pushi/vec4 2, 0, 32;
    %store/vec4 v0x59d46d4be1f0_0, 0, 32;
    %fork TD_test.rd_dc, S_0x59d46d4be000;
    %join;
    %end;
    .scope S_0x59d46d4be6f0;
t_3 ;
    %load/vec4 v0x59d46d4be8f0_0;
    %addi 1, 0, 32;
    %store/vec4 v0x59d46d4be8f0_0, 0, 32;
    %jmp T_2.14;
T_2.15 ;
    %pushi/vec4 50, 0, 32;
T_2.16 %dup/vec4;
    %pushi/vec4 0, 0, 32;
    %cmp/s;
    %jmp/1xz T_2.17, 5;
    %jmp/1 T_2.17, 4;
    %pushi/vec4 1, 0, 32;
    %sub;
    %wait E_0x59d46d4a4af0;
    %jmp T_2.16;
T_2.17 ;
    %pop/vec4 1;
    %pushi/vec4 0, 0, 32;
    %store/vec4 v0x59d46d4be8f0_0, 0, 32;
T_2.18 ;
    %load/vec4 v0x59d46d4be8f0_0;
    %cmpi/s 20, 0, 32;
    %jmp/0xz T_2.19, 5;
    %fork t_7, S_0x59d46d4be6f0;
    %fork t_8, S_0x59d46d4be6f0;
    %join;
    %join;
    %jmp t_6;
t_7 ;
    %pushi/vec4 3, 0, 32;
    %store/vec4 v0x59d46d4befe0_0, 0, 32;
    %fork TD_test.wr_dc, S_0x59d46d4bee00;
    %join;
    %end;
t_8 ;
    %wait E_0x59d46d4a4af0;
    %wait E_0x59d46d4a4af0;
    %wait E_0x59d46d4a4af0;
    %wait E_0x59d46d4a4af0;
    %pushi/vec4 3, 0, 32;
    %store/vec4 v0x59d46d4be1f0_0, 0, 32;
    %fork TD_test.rd_dc, S_0x59d46d4be000;
    %join;
    %end;
    .scope S_0x59d46d4be6f0;
t_6 ;
    %load/vec4 v0x59d46d4be8f0_0;
    %addi 1, 0, 32;
    %store/vec4 v0x59d46d4be8f0_0, 0, 32;
    %jmp T_2.18;
T_2.19 ;
    %pushi/vec4 50, 0, 32;
T_2.20 %dup/vec4;
    %pushi/vec4 0, 0, 32;
    %cmp/s;
    %jmp/1xz T_2.21, 5;
    %jmp/1 T_2.21, 4;
    %pushi/vec4 1, 0, 32;
    %sub;
    %wait E_0x59d46d4a4af0;
    %jmp T_2.20;
T_2.21 ;
    %pop/vec4 1;
    %pushi/vec4 0, 0, 32;
    %store/vec4 v0x59d46d4be8f0_0, 0, 32;
T_2.22 ;
    %load/vec4 v0x59d46d4be8f0_0;
    %cmpi/s 20, 0, 32;
    %jmp/0xz T_2.23, 5;
    %fork t_10, S_0x59d46d4be6f0;
    %fork t_11, S_0x59d46d4be6f0;
    %join;
    %join;
    %jmp t_9;
t_10 ;
    %pushi/vec4 4, 0, 32;
    %store/vec4 v0x59d46d4befe0_0, 0, 32;
    %fork TD_test.wr_dc, S_0x59d46d4bee00;
    %join;
    %end;
t_11 ;
    %wait E_0x59d46d4a4af0;
    %wait E_0x59d46d4a4af0;
    %wait E_0x59d46d4a4af0;
    %wait E_0x59d46d4a4af0;
    %wait E_0x59d46d4a4af0;
    %pushi/vec4 4, 0, 32;
    %store/vec4 v0x59d46d4be1f0_0, 0, 32;
    %fork TD_test.rd_dc, S_0x59d46d4be000;
    %join;
    %end;
    .scope S_0x59d46d4be6f0;
t_9 ;
    %load/vec4 v0x59d46d4be8f0_0;
    %addi 1, 0, 32;
    %store/vec4 v0x59d46d4be8f0_0, 0, 32;
    %jmp T_2.22;
T_2.23 ;
    %pushi/vec4 50, 0, 32;
T_2.24 %dup/vec4;
    %pushi/vec4 0, 0, 32;
    %cmp/s;
    %jmp/1xz T_2.25, 5;
    %jmp/1 T_2.25, 4;
    %pushi/vec4 1, 0, 32;
    %sub;
    %wait E_0x59d46d4a4af0;
    %jmp T_2.24;
T_2.25 ;
    %pop/vec4 1;
    %end;
S_0x59d46d4be9f0 .scope task, "rd_wr_sc" "rd_wr_sc" 4 430, 4 430 0, S_0x59d46d437660;
 .timescale -9 -10;
TD_test.rd_wr_sc ;
    %pushi/vec4 10, 0, 32;
T_3.26 %dup/vec4;
    %pushi/vec4 0, 0, 32;
    %cmp/s;
    %jmp/1xz T_3.27, 5;
    %jmp/1 T_3.27, 4;
    %pushi/vec4 1, 0, 32;
    %sub;
    %wait E_0x59d46d42d1d0;
    %jmp T_3.26;
T_3.27 ;
    %pop/vec4 1;
    %pushi/vec4 0, 0, 32;
    %store/vec4 v0x59d46d4bfe70_0, 0, 32;
T_3.28 ;
    %load/vec4 v0x59d46d4bfe70_0;
    %cmpi/s 10, 0, 32;
    %jmp/0xz T_3.29, 5;
    %wait E_0x59d46d42d1d0;
    %delay 10, 0;
    %pushi/vec4 0, 0, 1;
    %store/vec4 v0x59d46d4c01b0_0, 0, 1;
    %pushi/vec4 1, 0, 1;
    %store/vec4 v0x59d46d4c05e0_0, 0, 1;
    %vpi_func 4 441 "$random" 32 {0 0 0};
    %pad/s 8;
    %store/vec4 v0x59d46d4bf7a0_0, 0, 8;
    %wait E_0x59d46d42d1d0;
    %delay 10, 0;
    %pushi/vec4 0, 0, 1;
    %store/vec4 v0x59d46d4c05e0_0, 0, 1;
    %pushi/vec4 255, 255, 8;
    %store/vec4 v0x59d46d4bf7a0_0, 0, 8;
    %pushi/vec4 1, 0, 1;
    %store/vec4 v0x59d46d4c01b0_0, 0, 1;
    %load/vec4 v0x59d46d4bfe70_0;
    %addi 1, 0, 32;
    %store/vec4 v0x59d46d4bfe70_0, 0, 32;
    %jmp T_3.28;
T_3.29 ;
    %wait E_0x59d46d42d1d0;
    %delay 10, 0;
    %pushi/vec4 0, 0, 1;
    %store/vec4 v0x59d46d4c01b0_0, 0, 1;
    %pushi/vec4 10, 0, 32;
T_3.30 %dup/vec4;
    %pushi/vec4 0, 0, 32;
    %cmp/s;
    %jmp/1xz T_3.31, 5;
    %jmp/1 T_3.31, 4;
    %pushi/vec4 1, 0, 32;
    %sub;
    %wait E_0x59d46d42d1d0;
    %jmp T_3.30;
T_3.31 ;
    %pop/vec4 1;
    %pushi/vec4 0, 0, 32;
    %store/vec4 v0x59d46d4bfe70_0, 0, 32;
T_3.32 ;
    %load/vec4 v0x59d46d4bfe70_0;
    %cmpi/s 10, 0, 32;
    %jmp/0xz T_3.33, 5;
    %wait E_0x59d46d42d1d0;
    %delay 10, 0;
    %pushi/vec4 1, 0, 1;
    %store/vec4 v0x59d46d4c05e0_0, 0, 1;
    %vpi_func 4 460 "$random" 32 {0 0 0};
    %pad/s 8;
    %store/vec4 v0x59d46d4bf7a0_0, 0, 8;
    %wait E_0x59d46d42d1d0;
    %delay 10, 0;
    %vpi_func 4 463 "$random" 32 {0 0 0};
    %pad/s 8;
    %store/vec4 v0x59d46d4bf7a0_0, 0, 8;
    %wait E_0x59d46d42d1d0;
    %delay 10, 0;
    %pushi/vec4 0, 0, 1;
    %store/vec4 v0x59d46d4c05e0_0, 0, 1;
    %pushi/vec4 255, 255, 8;
    %store/vec4 v0x59d46d4bf7a0_0, 0, 8;
    %pushi/vec4 1, 0, 1;
    %store/vec4 v0x59d46d4c01b0_0, 0, 1;
    %wait E_0x59d46d42d1d0;
    %wait E_0x59d46d42d1d0;
    %delay 10, 0;
    %pushi/vec4 0, 0, 1;
    %store/vec4 v0x59d46d4c01b0_0, 0, 1;
    %load/vec4 v0x59d46d4bfe70_0;
    %addi 1, 0, 32;
    %store/vec4 v0x59d46d4bfe70_0, 0, 32;
    %jmp T_3.32;
T_3.33 ;
    %pushi/vec4 0, 0, 32;
    %store/vec4 v0x59d46d4bfe70_0, 0, 32;
T_3.34 ;
    %load/vec4 v0x59d46d4bfe70_0;
    %cmpi/s 10, 0, 32;
    %jmp/0xz T_3.35, 5;
    %wait E_0x59d46d42d1d0;
    %delay 10, 0;
    %pushi/vec4 1, 0, 1;
    %store/vec4 v0x59d46d4c05e0_0, 0, 1;
    %vpi_func 4 481 "$random" 32 {0 0 0};
    %pad/s 8;
    %store/vec4 v0x59d46d4bf7a0_0, 0, 8;
    %wait E_0x59d46d42d1d0;
    %delay 10, 0;
    %vpi_func 4 484 "$random" 32 {0 0 0};
    %pad/s 8;
    %store/vec4 v0x59d46d4bf7a0_0, 0, 8;
    %wait E_0x59d46d42d1d0;
    %delay 10, 0;
    %vpi_func 4 487 "$random" 32 {0 0 0};
    %pad/s 8;
    %store/vec4 v0x59d46d4bf7a0_0, 0, 8;
    %wait E_0x59d46d42d1d0;
    %delay 10, 0;
    %pushi/vec4 0, 0, 1;
    %store/vec4 v0x59d46d4c05e0_0, 0, 1;
    %pushi/vec4 255, 255, 8;
    %store/vec4 v0x59d46d4bf7a0_0, 0, 8;
    %pushi/vec4 1, 0, 1;
    %store/vec4 v0x59d46d4c01b0_0, 0, 1;
    %wait E_0x59d46d42d1d0;
    %wait E_0x59d46d42d1d0;
    %wait E_0x59d46d42d1d0;
    %delay 10, 0;
    %pushi/vec4 0, 0, 1;
    %store/vec4 v0x59d46d4c01b0_0, 0, 1;
    %load/vec4 v0x59d46d4bfe70_0;
    %addi 1, 0, 32;
    %store/vec4 v0x59d46d4bfe70_0, 0, 32;
    %jmp T_3.34;
T_3.35 ;
    %pushi/vec4 0, 0, 32;
    %store/vec4 v0x59d46d4bfe70_0, 0, 32;
T_3.36 ;
    %load/vec4 v0x59d46d4bfe70_0;
    %cmpi/s 10, 0, 32;
    %jmp/0xz T_3.37, 5;
    %wait E_0x59d46d42d1d0;
    %delay 10, 0;
    %pushi/vec4 1, 0, 1;
    %store/vec4 v0x59d46d4c05e0_0, 0, 1;
    %vpi_func 4 507 "$random" 32 {0 0 0};
    %pad/s 8;
    %store/vec4 v0x59d46d4bf7a0_0, 0, 8;
    %wait E_0x59d46d42d1d0;
    %delay 10, 0;
    %vpi_func 4 510 "$random" 32 {0 0 0};
    %pad/s 8;
    %store/vec4 v0x59d46d4bf7a0_0, 0, 8;
    %wait E_0x59d46d42d1d0;
    %delay 10, 0;
    %vpi_func 4 513 "$random" 32 {0 0 0};
    %pad/s 8;
    %store/vec4 v0x59d46d4bf7a0_0, 0, 8;
    %wait E_0x59d46d42d1d0;
    %delay 10, 0;
    %vpi_func 4 516 "$random" 32 {0 0 0};
    %pad/s 8;
    %store/vec4 v0x59d46d4bf7a0_0, 0, 8;
    %wait E_0x59d46d42d1d0;
    %delay 10, 0;
    %pushi/vec4 0, 0, 1;
    %store/vec4 v0x59d46d4c05e0_0, 0, 1;
    %pushi/vec4 255, 255, 8;
    %store/vec4 v0x59d46d4bf7a0_0, 0, 8;
    %pushi/vec4 1, 0, 1;
    %store/vec4 v0x59d46d4c01b0_0, 0, 1;
    %wait E_0x59d46d42d1d0;
    %wait E_0x59d46d42d1d0;
    %wait E_0x59d46d42d1d0;
    %wait E_0x59d46d42d1d0;
    %delay 10, 0;
    %pushi/vec4 0, 0, 1;
    %store/vec4 v0x59d46d4c01b0_0, 0, 1;
    %load/vec4 v0x59d46d4bfe70_0;
    %addi 1, 0, 32;
    %store/vec4 v0x59d46d4bfe70_0, 0, 32;
    %jmp T_3.36;
T_3.37 ;
    %end;
S_0x59d46d4bebd0 .scope task, "test_dc_fifo" "test_dc_fifo" 4 154, 4 154 0, S_0x59d46d437660;
 .timescale -9 -10;
TD_test.test_dc_fifo ;
    %vpi_call 4 158 "$display", "\012\012" {0 0 0};
    %vpi_call 4 159 "$display", "*****************************************************" {0 0 0};
    %vpi_call 4 160 "$display", "*** DC FIFO Sanity Test                           ***" {0 0 0};
    %vpi_call 4 161 "$display", "*****************************************************\012" {0 0 0};
    %pushi/vec4 0, 0, 32;
    %store/vec4 v0x59d46d4c0500_0, 0, 32;
T_4.38 ;
    %load/vec4 v0x59d46d4c0500_0;
    %cmpi/s 2, 0, 32;
    %jmp/0xz T_4.39, 5;
    %pushi/real 1073741824, 4066; load=1.00000
    %store/real v0x59d46d4bff50_0;
T_4.40 ;
    %load/real v0x59d46d4bff50_0;
    %pushi/vec4 10, 0, 32;
    %cvt/rv/s;
    %cmp/wr;
    %jmp/0xz T_4.41, 5;
    %vpi_call 4 166 "$display", "rwd=%0d, rcp=%0f", v0x59d46d4c0500_0, v0x59d46d4bff50_0 {0 0 0};
    %vpi_call 4 168 "$display", "pass 0 ..." {0 0 0};
    %pushi/vec4 0, 0, 32;
    %store/vec4 v0x59d46d4c0900_0, 0, 32;
T_4.42 ;
    %load/vec4 v0x59d46d4c0900_0;
    %cmpi/s 2, 0, 32;
    %jmp/0xz T_4.43, 5;
    %fork TD_test.rd_wr_dc, S_0x59d46d4be6f0;
    %join;
    %pushi/vec4 1, 0, 32;
    %store/vec4 v0x59d46d4befe0_0, 0, 32;
    %fork TD_test.wr_dc, S_0x59d46d4bee00;
    %join;
    %load/vec4 v0x59d46d4c0900_0;
    %addi 1, 0, 32;
    %store/vec4 v0x59d46d4c0900_0, 0, 32;
    %jmp T_4.42;
T_4.43 ;
    %vpi_call 4 174 "$display", "pass 1 ..." {0 0 0};
    %pushi/vec4 0, 0, 32;
    %store/vec4 v0x59d46d4c0900_0, 0, 32;
T_4.44 ;
    %load/vec4 v0x59d46d4c0900_0;
    %cmpi/s 2, 0, 32;
    %jmp/0xz T_4.45, 5;
    %fork TD_test.rd_wr_dc, S_0x59d46d4be6f0;
    %join;
    %pushi/vec4 1, 0, 32;
    %store/vec4 v0x59d46d4be1f0_0, 0, 32;
    %fork TD_test.rd_dc, S_0x59d46d4be000;
    %join;
    %load/vec4 v0x59d46d4c0900_0;
    %addi 1, 0, 32;
    %store/vec4 v0x59d46d4c0900_0, 0, 32;
    %jmp T_4.44;
T_4.45 ;
    %vpi_call 4 180 "$display", "pass 2 ..." {0 0 0};
    %pushi/vec4 0, 0, 32;
    %store/vec4 v0x59d46d4c0900_0, 0, 32;
T_4.46 ;
    %load/vec4 v0x59d46d4c0900_0;
    %cmpi/s 2, 0, 32;
    %jmp/0xz T_4.47, 5;
    %fork TD_test.rd_wr_dc, S_0x59d46d4be6f0;
    %join;
    %pushi/vec4 1, 0, 32;
    %store/vec4 v0x59d46d4befe0_0, 0, 32;
    %fork TD_test.wr_dc, S_0x59d46d4bee00;
    %join;
    %load/vec4 v0x59d46d4c0900_0;
    %addi 1, 0, 32;
    %store/vec4 v0x59d46d4c0900_0, 0, 32;
    %jmp T_4.46;
T_4.47 ;
    %vpi_call 4 186 "$display", "pass 3 ..." {0 0 0};
    %pushi/vec4 0, 0, 32;
    %store/vec4 v0x59d46d4c0900_0, 0, 32;
T_4.48 ;
    %load/vec4 v0x59d46d4c0900_0;
    %cmpi/s 2, 0, 32;
    %jmp/0xz T_4.49, 5;
    %fork TD_test.rd_wr_dc, S_0x59d46d4be6f0;
    %join;
    %pushi/vec4 1, 0, 32;
    %store/vec4 v0x59d46d4be1f0_0, 0, 32;
    %fork TD_test.rd_dc, S_0x59d46d4be000;
    %join;
    %load/vec4 v0x59d46d4c0900_0;
    %addi 1, 0, 32;
    %store/vec4 v0x59d46d4c0900_0, 0, 32;
    %jmp T_4.48;
T_4.49 ;
    %load/real v0x59d46d4bff50_0;
    %pushi/real 1342177280, 4069; load=10.0000
    %add/wr;
    %store/real v0x59d46d4bff50_0;
    %jmp T_4.40;
T_4.41 ;
    %load/vec4 v0x59d46d4c0500_0;
    %addi 1, 0, 32;
    %store/vec4 v0x59d46d4c0500_0, 0, 32;
    %jmp T_4.38;
T_4.39 ;
    %vpi_call 4 194 "$display", "\000" {0 0 0};
    %vpi_call 4 195 "$display", "*****************************************************" {0 0 0};
    %vpi_call 4 196 "$display", "*** DC FIFO Sanity Test DONE                      ***" {0 0 0};
    %vpi_call 4 197 "$display", "*****************************************************\012" {0 0 0};
    %end;
S_0x59d46d4bee00 .scope task, "wr_dc" "wr_dc" 4 260, 4 260 0, S_0x59d46d437660;
 .timescale -9 -10;
v0x59d46d4befe0_0 .var/i "cnt", 31 0;
v0x59d46d4bf0e0_0 .var/i "n", 31 0;
TD_test.wr_dc ;
    %wait E_0x59d46d4a4af0;
    %pushi/vec4 0, 0, 32;
    %store/vec4 v0x59d46d4bf0e0_0, 0, 32;
T_5.50 ;
    %load/vec4 v0x59d46d4bf0e0_0;
    %load/vec4 v0x59d46d4befe0_0;
    %cmp/s;
    %jmp/0xz T_5.51, 5;
    %delay 10, 0;
    %pushi/vec4 1, 0, 1;
    %store/vec4 v0x59d46d4c06a0_0, 0, 1;
    %vpi_func 4 270 "$random" 32 {0 0 0};
    %pad/s 8;
    %store/vec4 v0x59d46d4bf8d0_0, 0, 8;
    %wait E_0x59d46d4a4af0;
    %delay 10, 0;
    %pushi/vec4 0, 0, 1;
    %store/vec4 v0x59d46d4c06a0_0, 0, 1;
    %pushi/vec4 255, 255, 8;
    %store/vec4 v0x59d46d4bf8d0_0, 0, 8;
    %load/vec4 v0x59d46d4c0500_0;
T_5.52 %dup/vec4;
    %pushi/vec4 0, 0, 32;
    %cmp/s;
    %jmp/1xz T_5.53, 5;
    %jmp/1 T_5.53, 4;
    %pushi/vec4 1, 0, 32;
    %sub;
    %wait E_0x59d46d4a4af0;
    %jmp T_5.52;
T_5.53 ;
    %pop/vec4 1;
    %load/vec4 v0x59d46d4bf0e0_0;
    %addi 1, 0, 32;
    %store/vec4 v0x59d46d4bf0e0_0, 0, 32;
    %jmp T_5.50;
T_5.51 ;
    %end;
S_0x59d46d4bf1c0 .scope task, "wr_sc" "wr_sc" 4 388, 4 388 0, S_0x59d46d437660;
 .timescale -9 -10;
v0x59d46d4bf3a0_0 .var/i "cnt", 31 0;
TD_test.wr_sc ;
    %wait E_0x59d46d42d1d0;
    %pushi/vec4 0, 0, 32;
    %store/vec4 v0x59d46d4bfe70_0, 0, 32;
T_6.54 ;
    %load/vec4 v0x59d46d4bfe70_0;
    %load/vec4 v0x59d46d4bf3a0_0;
    %cmp/s;
    %jmp/0xz T_6.55, 5;
    %delay 10, 0;
    %pushi/vec4 1, 0, 1;
    %store/vec4 v0x59d46d4c05e0_0, 0, 1;
    %vpi_func 4 399 "$random" 32 {0 0 0};
    %pad/s 8;
    %store/vec4 v0x59d46d4bf7a0_0, 0, 8;
    %wait E_0x59d46d42d1d0;
    %delay 10, 0;
    %pushi/vec4 0, 0, 1;
    %store/vec4 v0x59d46d4c05e0_0, 0, 1;
    %pushi/vec4 255, 255, 8;
    %store/vec4 v0x59d46d4bf7a0_0, 0, 8;
    %load/vec4 v0x59d46d4c0500_0;
T_6.56 %dup/vec4;
    %pushi/vec4 0, 0, 32;
    %cmp/s;
    %jmp/1xz T_6.57, 5;
    %jmp/1 T_6.57, 4;
    %pushi/vec4 1, 0, 32;
    %sub;
    %wait E_0x59d46d42d1d0;
    %jmp T_6.56;
T_6.57 ;
    %pop/vec4 1;
    %load/vec4 v0x59d46d4bfe70_0;
    %addi 1, 0, 32;
    %store/vec4 v0x59d46d4bfe70_0, 0, 32;
    %jmp T_6.54;
T_6.55 ;
    %end;
    .scope S_0x59d46d437480;
T_7 ;
    %wait E_0x59d46d443970;
    %load/vec4 v0x59d46d4bc1b0_0;
    %flag_set/vec4 8;
    %jmp/0xz  T_7.0, 8;
    %load/vec4 v0x59d46d4bc0d0_0;
    %assign/vec4 v0x59d46d4bbff0_0, 10;
T_7.0 ;
    %jmp T_7;
    .thread T_7;
    .scope S_0x59d46d437480;
T_8 ;
    %wait E_0x59d46d443550;
    %load/vec4 v0x59d46d4bc650_0;
    %flag_set/vec4 9;
    %flag_get/vec4 9;
    %jmp/0 T_8.2, 9;
    %load/vec4 v0x59d46d4bc4d0_0;
    %and;
T_8.2;
    %flag_set/vec4 8;
    %jmp/0xz  T_8.0, 8;
    %load/vec4 v0x59d46d483b80_0;
    %load/vec4 v0x59d46d4bc3f0_0;
    %pad/u 10;
    %ix/vec4 3;
    %ix/load 4, 10, 0; Constant delay
    %assign/vec4/a/d v0x59d46d485950, 0, 4;
T_8.0 ;
    %jmp T_8;
    .thread T_8;
    .scope S_0x59d46d43cce0;
T_9 ;
    %wait E_0x59d46d443550;
    %load/vec4 v0x59d46d4bd940_0;
    %nor/r;
    %flag_set/vec4 8;
    %jmp/0xz  T_9.0, 8;
    %pushi/vec4 0, 0, 9;
    %assign/vec4 v0x59d46d4bdb40_0, 10;
    %jmp T_9.1;
T_9.0 ;
    %load/vec4 v0x59d46d4bcb30_0;
    %flag_set/vec4 8;
    %jmp/0xz  T_9.2, 8;
    %pushi/vec4 0, 0, 9;
    %assign/vec4 v0x59d46d4bdb40_0, 10;
    %jmp T_9.3;
T_9.2 ;
    %load/vec4 v0x59d46d4bda00_0;
    %flag_set/vec4 8;
    %jmp/0xz  T_9.4, 8;
    %load/vec4 v0x59d46d4bdc20_0;
    %assign/vec4 v0x59d46d4bdb40_0, 10;
T_9.4 ;
T_9.3 ;
T_9.1 ;
    %jmp T_9;
    .thread T_9;
    .scope S_0x59d46d43cce0;
T_10 ;
    %wait E_0x59d46d443970;
    %load/vec4 v0x59d46d4bd940_0;
    %nor/r;
    %flag_set/vec4 8;
    %jmp/0xz  T_10.0, 8;
    %pushi/vec4 0, 0, 9;
    %assign/vec4 v0x59d46d4bd590_0, 10;
    %jmp T_10.1;
T_10.0 ;
    %load/vec4 v0x59d46d4bcb30_0;
    %flag_set/vec4 8;
    %jmp/0xz  T_10.2, 8;
    %pushi/vec4 0, 0, 9;
    %assign/vec4 v0x59d46d4bd590_0, 10;
    %jmp T_10.3;
T_10.2 ;
    %load/vec4 v0x59d46d4bd430_0;
    %flag_set/vec4 8;
    %jmp/0xz  T_10.4, 8;
    %load/vec4 v0x59d46d4bd780_0;
    %assign/vec4 v0x59d46d4bd590_0, 10;
T_10.4 ;
T_10.3 ;
T_10.1 ;
    %jmp T_10;
    .thread T_10;
    .scope S_0x59d46d43cce0;
T_11 ;
    %wait E_0x59d46d443970;
    %load/vec4 v0x59d46d4bdb40_0;
    %assign/vec4 v0x59d46d4bdd00_0, 10;
    %jmp T_11;
    .thread T_11;
    .scope S_0x59d46d43cce0;
T_12 ;
    %wait E_0x59d46d443550;
    %load/vec4 v0x59d46d4bd590_0;
    %assign/vec4 v0x59d46d4bd860_0, 10;
    %jmp T_12;
    .thread T_12;
    .scope S_0x59d46d43cce0;
T_13 ;
    %wait E_0x59d46d443970;
    %load/vec4 v0x59d46d4bdd00_0;
    %load/vec4 v0x59d46d4bd590_0;
    %cmp/e;
    %flag_get/vec4 4;
    %load/vec4 v0x59d46d4bd430_0;
    %load/vec4 v0x59d46d4bdd00_0;
    %load/vec4 v0x59d46d4bd780_0;
    %cmp/e;
    %flag_get/vec4 4;
    %and;
    %or;
    %assign/vec4 v0x59d46d4bcfd0_0, 10;
    %jmp T_13;
    .thread T_13;
    .scope S_0x59d46d43cce0;
T_14 ;
    %wait E_0x59d46d443550;
    %load/vec4 v0x59d46d4bdb40_0;
    %parti/s 8, 0, 2;
    %load/vec4 v0x59d46d4bd860_0;
    %parti/s 8, 0, 2;
    %cmp/e;
    %flag_get/vec4 4;
    %load/vec4 v0x59d46d4bdb40_0;
    %parti/s 1, 8, 5;
    %load/vec4 v0x59d46d4bd860_0;
    %parti/s 1, 8, 5;
    %cmp/ne;
    %flag_get/vec4 4;
    %and;
    %load/vec4 v0x59d46d4bda00_0;
    %load/vec4 v0x59d46d4bdc20_0;
    %parti/s 8, 0, 2;
    %load/vec4 v0x59d46d4bd860_0;
    %parti/s 8, 0, 2;
    %cmp/e;
    %flag_get/vec4 4;
    %and;
    %load/vec4 v0x59d46d4bdc20_0;
    %parti/s 1, 8, 5;
    %load/vec4 v0x59d46d4bd860_0;
    %parti/s 1, 8, 5;
    %cmp/ne;
    %flag_get/vec4 4;
    %and;
    %or;
    %assign/vec4 v0x59d46d4bd130_0, 10;
    %jmp T_14;
    .thread T_14;
    .scope S_0x59d46d43cce0;
T_15 ;
    %wait E_0x59d46d443970;
    %load/vec4 v0x59d46d4bd430_0;
    %assign/vec4 v0x59d46d4bd4d0_0, 10;
    %jmp T_15;
    .thread T_15;
    .scope S_0x59d46d43cce0;
T_16 ;
    %wait E_0x59d46d443970;
    %load/vec4 v0x59d46d4bcbd0_0;
    %assign/vec4 v0x59d46d4bccb0_0, 10;
    %jmp T_16;
    .thread T_16;
    .scope S_0x59d46d43cce0;
T_17 ;
    %wait E_0x59d46d443970;
    %load/vec4 v0x59d46d4bccb0_0;
    %pad/u 32;
    %cmpi/u 32, 0, 32;
    %flag_get/vec4 5;
    %load/vec4 v0x59d46d4bccb0_0;
    %pad/u 32;
    %pushi/vec4 32, 0, 32;
    %cmp/e;
    %flag_get/vec4 4;
    %load/vec4 v0x59d46d4bd430_0;
    %load/vec4 v0x59d46d4bd4d0_0;
    %or;
    %and;
    %or;
    %assign/vec4 v0x59d46d4bd070_0, 10;
    %jmp T_17;
    .thread T_17;
    .scope S_0x59d46d43cce0;
T_18 ;
    %wait E_0x59d46d443550;
    %load/vec4 v0x59d46d4bda00_0;
    %assign/vec4 v0x59d46d4bdaa0_0, 10;
    %jmp T_18;
    .thread T_18;
    .scope S_0x59d46d43cce0;
T_19 ;
    %wait E_0x59d46d443550;
    %load/vec4 v0x59d46d4bcbd0_0;
    %assign/vec4 v0x59d46d4bcd90_0, 10;
    %jmp T_19;
    .thread T_19;
    .scope S_0x59d46d43cce0;
T_20 ;
    %wait E_0x59d46d443550;
    %pushi/vec4 224, 0, 40;
    %load/vec4 v0x59d46d4bcd90_0;
    %pad/u 40;
    %cmp/u;
    %flag_get/vec4 5;
    %load/vec4 v0x59d46d4bcd90_0;
    %pad/u 40;
    %pushi/vec4 224, 0, 40;
    %cmp/e;
    %flag_get/vec4 4;
    %load/vec4 v0x59d46d4bda00_0;
    %load/vec4 v0x59d46d4bdaa0_0;
    %or;
    %and;
    %or;
    %assign/vec4 v0x59d46d4bd1f0_0, 10;
    %jmp T_20;
    .thread T_20;
    .scope S_0x59d46d43cce0;
T_21 ;
    %wait E_0x59d46d443550;
    %load/vec4 v0x59d46d4bcbd0_0;
    %parti/s 1, 8, 5;
    %replicate 2;
    %load/vec4 v0x59d46d4bcbd0_0;
    %parti/s 2, 6, 4;
    %or;
    %assign/vec4 v0x59d46d4bd2b0_0, 10;
    %jmp T_21;
    .thread T_21;
    .scope S_0x59d46d43cce0;
T_22 ;
    %wait E_0x59d46d443550;
    %load/vec4 v0x59d46d4bda00_0;
    %load/vec4 v0x59d46d4bd130_0;
    %and;
    %flag_set/vec4 8;
    %jmp/0xz  T_22.0, 8;
    %vpi_call 2 273 "$display", "%m WARNING: Writing while fifo is FULL (%t)", $time {0 0 0};
T_22.0 ;
    %jmp T_22;
    .thread T_22;
    .scope S_0x59d46d43cce0;
T_23 ;
    %wait E_0x59d46d443970;
    %load/vec4 v0x59d46d4bd430_0;
    %load/vec4 v0x59d46d4bcfd0_0;
    %and;
    %flag_set/vec4 8;
    %jmp/0xz  T_23.0, 8;
    %vpi_call 2 277 "$display", "%m WARNING: Reading while fifo is EMPTY (%t)", $time {0 0 0};
T_23.0 ;
    %jmp T_23;
    .thread T_23;
    .scope S_0x59d46d437660;
T_24 ;
    %vpi_call 4 95 "$timeformat", 32'sb11111111111111111111111111110111, 32'sb00000000000000000000000000000001, " ns", 32'sb00000000000000000000000000001100 {0 0 0};
    %pushi/real 1342177280, 4068; load=5.00000
    %store/real v0x59d46d4bff50_0;
    %pushi/vec4 0, 0, 1;
    %store/vec4 v0x59d46d4bf580_0, 0, 1;
    %pushi/vec4 0, 0, 1;
    %store/vec4 v0x59d46d4c0010_0, 0, 1;
    %pushi/vec4 0, 0, 1;
    %store/vec4 v0x59d46d4c0760_0, 0, 1;
    %pushi/vec4 1, 0, 1;
    %store/vec4 v0x59d46d4c0440_0, 0, 1;
    %pushi/vec4 0, 0, 1;
    %store/vec4 v0x59d46d4c05e0_0, 0, 1;
    %pushi/vec4 0, 0, 1;
    %store/vec4 v0x59d46d4c01b0_0, 0, 1;
    %pushi/vec4 0, 0, 1;
    %store/vec4 v0x59d46d4bf640_0, 0, 1;
    %pushi/vec4 0, 0, 1;
    %store/vec4 v0x59d46d4c06a0_0, 0, 1;
    %pushi/vec4 0, 0, 1;
    %store/vec4 v0x59d46d4c0380_0, 0, 1;
    %pushi/vec4 0, 0, 1;
    %store/vec4 v0x59d46d4bf6e0_0, 0, 1;
    %pushi/vec4 0, 0, 32;
    %store/vec4 v0x59d46d4c0500_0, 0, 32;
    %pushi/vec4 0, 0, 32;
    %store/vec4 v0x59d46d4c0820_0, 0, 32;
    %pushi/vec4 0, 0, 32;
    %store/vec4 v0x59d46d4c00d0_0, 0, 32;
    %pushi/vec4 10, 0, 32;
T_24.0 %dup/vec4;
    %pushi/vec4 0, 0, 32;
    %cmp/s;
    %jmp/1xz T_24.1, 5;
    %jmp/1 T_24.1, 4;
    %pushi/vec4 1, 0, 32;
    %sub;
    %wait E_0x59d46d42d1d0;
    %jmp T_24.0;
T_24.1 ;
    %pop/vec4 1;
    %pushi/vec4 0, 0, 1;
    %store/vec4 v0x59d46d4c0440_0, 0, 1;
    %pushi/vec4 10, 0, 32;
T_24.2 %dup/vec4;
    %pushi/vec4 0, 0, 32;
    %cmp/s;
    %jmp/1xz T_24.3, 5;
    %jmp/1 T_24.3, 4;
    %pushi/vec4 1, 0, 32;
    %sub;
    %wait E_0x59d46d42d1d0;
    %jmp T_24.2;
T_24.3 ;
    %pop/vec4 1;
    %pushi/vec4 1, 0, 1;
    %store/vec4 v0x59d46d4c0440_0, 0, 1;
    %pushi/vec4 10, 0, 32;
T_24.4 %dup/vec4;
    %pushi/vec4 0, 0, 32;
    %cmp/s;
    %jmp/1xz T_24.5, 5;
    %jmp/1 T_24.5, 4;
    %pushi/vec4 1, 0, 32;
    %sub;
    %wait E_0x59d46d42d1d0;
    %jmp T_24.4;
T_24.5 ;
    %pop/vec4 1;
    %fork TD_test.test_dc_fifo, S_0x59d46d4bebd0;
    %join;
    %pushi/vec4 500, 0, 32;
T_24.6 %dup/vec4;
    %pushi/vec4 0, 0, 32;
    %cmp/s;
    %jmp/1xz T_24.7, 5;
    %jmp/1 T_24.7, 4;
    %pushi/vec4 1, 0, 32;
    %sub;
    %wait E_0x59d46d42d1d0;
    %jmp T_24.6;
T_24.7 ;
    %pop/vec4 1;
    %load/vec4 v0x59d46d4c0820_0;
    %load/vec4 v0x59d46d4c00d0_0;
    %sub;
    %vpi_call 4 145 "$display", "rdp=%0d, wrp=%0d delta=%0d", v0x59d46d4c00d0_0, v0x59d46d4c0820_0, S<0,vec4,s32> {1 0 0};
    %vpi_call 4 147 "$finish" {0 0 0};
    %end;
    .thread T_24;
    .scope S_0x59d46d437660;
T_25 ;
    %wait E_0x59d46d42d1d0;
    %load/vec4 v0x59d46d4c05e0_0;
    %load/vec4 v0x59d46d4bfcf0_0;
    %nor/r;
    %and;
    %flag_set/vec4 8;
    %jmp/0xz  T_25.0, 8;
    %load/vec4 v0x59d46d4bf7a0_0;
    %ix/getv/s 4, v0x59d46d4c0820_0;
    %store/vec4a v0x59d46d4bf4a0, 4, 0;
    %load/vec4 v0x59d46d4c0820_0;
    %addi 1, 0, 32;
    %store/vec4 v0x59d46d4c0820_0, 0, 32;
T_25.0 ;
    %jmp T_25;
    .thread T_25;
    .scope S_0x59d46d437660;
T_26 ;
    %wait E_0x59d46d42d1d0;
    %load/vec4 v0x59d46d4c01b0_0;
    %load/vec4 v0x59d46d4bfb70_0;
    %nor/r;
    %and;
    %flag_set/vec4 8;
    %jmp/0xz  T_26.0, 8;
    %delay 30, 0;
    %load/vec4 v0x59d46d4bf9b0_0;
    %ix/getv/s 4, v0x59d46d4c00d0_0;
    %load/vec4a v0x59d46d4bf4a0, 4;
    %cmp/ne;
    %jmp/0xz  T_26.2, 4;
    %vpi_call 4 218 "$display", "ERROR: Data (%0d) mismatch, expected %h got %h (%t)", v0x59d46d4c00d0_0, &A<v0x59d46d4bf4a0, v0x59d46d4c00d0_0 >, v0x59d46d4bf9b0_0, $time {0 0 0};
T_26.2 ;
    %load/vec4 v0x59d46d4c00d0_0;
    %addi 1, 0, 32;
    %store/vec4 v0x59d46d4c00d0_0, 0, 32;
T_26.0 ;
    %jmp T_26;
    .thread T_26;
    .scope S_0x59d46d437660;
T_27 ;
    %wait E_0x59d46d4a4af0;
    %load/vec4 v0x59d46d4c06a0_0;
    %load/vec4 v0x59d46d4bfdb0_0;
    %nor/r;
    %and;
    %flag_set/vec4 8;
    %jmp/0xz  T_27.0, 8;
    %load/vec4 v0x59d46d4bf8d0_0;
    %ix/getv/s 4, v0x59d46d4c0820_0;
    %store/vec4a v0x59d46d4bf4a0, 4, 0;
    %load/vec4 v0x59d46d4c0820_0;
    %addi 1, 0, 32;
    %store/vec4 v0x59d46d4c0820_0, 0, 32;
T_27.0 ;
    %jmp T_27;
    .thread T_27;
    .scope S_0x59d46d437660;
T_28 ;
    %wait E_0x59d46d4436b0;
    %load/vec4 v0x59d46d4c0380_0;
    %load/vec4 v0x59d46d4bfc30_0;
    %nor/r;
    %and;
    %flag_set/vec4 8;
    %jmp/0xz  T_28.0, 8;
    %delay 30, 0;
    %load/vec4 v0x59d46d4bfa90_0;
    %ix/getv/s 4, v0x59d46d4c00d0_0;
    %load/vec4a v0x59d46d4bf4a0, 4;
    %cmp/ne;
    %flag_get/vec4 4;
    %load/vec4 v0x59d46d4bfa90_0;
    %xor/r;
    %pushi/vec4 1, 1, 1;
    %cmp/e;
    %flag_get/vec4 6;
    %or;
    %flag_set/vec4 8;
    %jmp/0xz  T_28.2, 8;
    %vpi_call 4 235 "$display", "ERROR: Data (%0d) mismatch, expected %h got %h (%t)", v0x59d46d4c00d0_0, &A<v0x59d46d4bf4a0, v0x59d46d4c00d0_0 >, v0x59d46d4bfa90_0, $time {0 0 0};
T_28.2 ;
    %load/vec4 v0x59d46d4c00d0_0;
    %addi 1, 0, 32;
    %store/vec4 v0x59d46d4c00d0_0, 0, 32;
T_28.0 ;
    %jmp T_28;
    .thread T_28;
    .scope S_0x59d46d437660;
T_29 ;
    %delay 50, 0;
    %load/vec4 v0x59d46d4bf580_0;
    %inv;
    %store/vec4 v0x59d46d4bf580_0, 0, 1;
    %jmp T_29;
    .thread T_29;
    .scope S_0x59d46d437660;
T_30 ;
    %load/real v0x59d46d4bff50_0;
    %pushi/real 1342177280, 4069; load=10.0000
    %mul/wr;
    %cvt/vr 64;
    %muli 1, 0, 64;
    %ix/vec4 4;
    %delayx 4;
    %load/vec4 v0x59d46d4c0010_0;
    %inv;
    %store/vec4 v0x59d46d4c0010_0, 0, 1;
    %jmp T_30;
    .thread T_30;
    .scope S_0x59d46d437660;
T_31 ;
    %delay 500, 0;
    %load/vec4 v0x59d46d4c0760_0;
    %inv;
    %store/vec4 v0x59d46d4c0760_0, 0, 1;
    %jmp T_31;
    .thread T_31;
# The file index is used to find the file name in the following table.
:file_names 5;
    "N/A";
    "<interactive>";
    "generic_fifo_dc.v";
    "generic_dpram.v";
    "test_bench_top.v";
