#! /usr/bin/vvp
:ivl_version "12.0 (stable)";
:ivl_delay_selection "TYPICAL";
:vpi_time_precision + 0;
:vpi_module "/usr/lib/x86_64-linux-gnu/ivl/system.vpi";
:vpi_module "/usr/lib/x86_64-linux-gnu/ivl/vhdl_sys.vpi";
:vpi_module "/usr/lib/x86_64-linux-gnu/ivl/vhdl_textio.vpi";
:vpi_module "/usr/lib/x86_64-linux-gnu/ivl/v2005_math.vpi";
:vpi_module "/usr/lib/x86_64-linux-gnu/ivl/va_math.vpi";
S_0x6449678e0490 .scope module, "fourtoonemux_tb" "fourtoonemux_tb" 2 1;
 .timescale 0 0;
v0x64496792e380_0 .var "data_in", 3 0;
v0x64496792e470_0 .var "sel_in", 1 0;
v0x64496792e540_0 .net "y_out", 0 0, v0x64496792e260_0;  1 drivers
S_0x6449678e0620 .scope module, "uut" "fourtoonemux" 2 6, 3 1 0, S_0x6449678e0490;
 .timescale 0 0;
    .port_info 0 /INPUT 4 "data_in";
    .port_info 1 /INPUT 2 "sel_in";
    .port_info 2 /OUTPUT 1 "y_out";
v0x6449678e0870_0 .net "data_in", 3 0, v0x64496792e380_0;  1 drivers
v0x64496792e180_0 .net "sel_in", 1 0, v0x64496792e470_0;  1 drivers
v0x64496792e260_0 .var "y_out", 0 0;
E_0x64496791c5a0 .event anyedge, v0x64496792e180_0, v0x6449678e0870_0;
    .scope S_0x6449678e0620;
T_0 ;
    %wait E_0x64496791c5a0;
    %load/vec4 v0x64496792e180_0;
    %dup/vec4;
    %pushi/vec4 0, 0, 2;
    %cmp/u;
    %jmp/1 T_0.0, 6;
    %dup/vec4;
    %pushi/vec4 1, 0, 2;
    %cmp/u;
    %jmp/1 T_0.1, 6;
    %dup/vec4;
    %pushi/vec4 2, 0, 2;
    %cmp/u;
    %jmp/1 T_0.2, 6;
    %dup/vec4;
    %pushi/vec4 3, 0, 2;
    %cmp/u;
    %jmp/1 T_0.3, 6;
    %pushi/vec4 0, 0, 1;
    %store/vec4 v0x64496792e260_0, 0, 1;
    %jmp T_0.5;
T_0.0 ;
    %load/vec4 v0x6449678e0870_0;
    %parti/s 1, 0, 2;
    %store/vec4 v0x64496792e260_0, 0, 1;
    %jmp T_0.5;
T_0.1 ;
    %load/vec4 v0x6449678e0870_0;
    %parti/s 1, 1, 2;
    %store/vec4 v0x64496792e260_0, 0, 1;
    %jmp T_0.5;
T_0.2 ;
    %load/vec4 v0x6449678e0870_0;
    %parti/s 1, 2, 3;
    %store/vec4 v0x64496792e260_0, 0, 1;
    %jmp T_0.5;
T_0.3 ;
    %load/vec4 v0x6449678e0870_0;
    %parti/s 1, 3, 3;
    %store/vec4 v0x64496792e260_0, 0, 1;
    %jmp T_0.5;
T_0.5 ;
    %pop/vec4 1;
    %jmp T_0;
    .thread T_0, $push;
    .scope S_0x6449678e0490;
T_1 ;
    %vpi_call 2 10 "$dumpfile", "waves.vcd" {0 0 0};
    %vpi_call 2 11 "$dumpvars" {0 0 0};
    %end;
    .thread T_1;
    .scope S_0x6449678e0490;
T_2 ;
    %vpi_call 2 16 "$monitor", " data_in=%b sel_in=%b  y_out=%b", v0x64496792e380_0, v0x64496792e470_0, v0x64496792e540_0 {0 0 0};
    %pushi/vec4 0, 0, 4;
    %store/vec4 v0x64496792e380_0, 0, 4;
    %pushi/vec4 0, 0, 2;
    %store/vec4 v0x64496792e470_0, 0, 2;
    %delay 10, 0;
    %pushi/vec4 13, 0, 4;
    %store/vec4 v0x64496792e380_0, 0, 4;
    %pushi/vec4 1, 0, 2;
    %store/vec4 v0x64496792e470_0, 0, 2;
    %delay 10, 0;
    %pushi/vec4 10, 0, 4;
    %store/vec4 v0x64496792e380_0, 0, 4;
    %pushi/vec4 2, 0, 2;
    %store/vec4 v0x64496792e470_0, 0, 2;
    %delay 10, 0;
    %pushi/vec4 15, 0, 4;
    %store/vec4 v0x64496792e380_0, 0, 4;
    %pushi/vec4 3, 0, 2;
    %store/vec4 v0x64496792e470_0, 0, 2;
    %delay 10, 0;
    %vpi_call 2 24 "$finish" {0 0 0};
    %end;
    .thread T_2;
# The file index is used to find the file name in the following table.
:file_names 4;
    "N/A";
    "<interactive>";
    "fourtoonemux_tb.v";
    "fourtoonemux.v";
