#! /usr/bin/vvp
:ivl_version "12.0 (stable)";
:ivl_delay_selection "TYPICAL";
:vpi_time_precision + 0;
:vpi_module "/usr/lib/x86_64-linux-gnu/ivl/system.vpi";
:vpi_module "/usr/lib/x86_64-linux-gnu/ivl/vhdl_sys.vpi";
:vpi_module "/usr/lib/x86_64-linux-gnu/ivl/vhdl_textio.vpi";
:vpi_module "/usr/lib/x86_64-linux-gnu/ivl/v2005_math.vpi";
:vpi_module "/usr/lib/x86_64-linux-gnu/ivl/va_math.vpi";
S_0x578a0b6847a0 .scope module, "twotoone_tb" "twotoone_tb" 2 1;
 .timescale 0 0;
v0x578a0b696d70_0 .var "in1", 0 0;
v0x578a0b696e30_0 .var "in2", 0 0;
v0x578a0b696f00_0 .net "out", 0 0, L_0x578a0b6970d0;  1 drivers
v0x578a0b697000_0 .var "sel", 0 0;
S_0x578a0b684930 .scope module, "uut" "twotoone" 2 6, 3 1 0, S_0x578a0b6847a0;
 .timescale 0 0;
    .port_info 0 /INPUT 1 "in1";
    .port_info 1 /INPUT 1 "in2";
    .port_info 2 /INPUT 1 "sel";
    .port_info 3 /OUTPUT 1 "out";
v0x578a0b684b80_0 .net "in1", 0 0, v0x578a0b696d70_0;  1 drivers
v0x578a0b696aa0_0 .net "in2", 0 0, v0x578a0b696e30_0;  1 drivers
v0x578a0b696b60_0 .net "out", 0 0, L_0x578a0b6970d0;  alias, 1 drivers
v0x578a0b696c00_0 .net "sel", 0 0, v0x578a0b697000_0;  1 drivers
L_0x578a0b6970d0 .functor MUXZ 1, v0x578a0b696d70_0, v0x578a0b696e30_0, v0x578a0b697000_0, C4<>;
    .scope S_0x578a0b6847a0;
T_0 ;
    %vpi_call 2 9 "$dumpfile", "waves.vcd" {0 0 0};
    %vpi_call 2 10 "$dumpvars" {0 0 0};
    %end;
    .thread T_0;
    .scope S_0x578a0b6847a0;
T_1 ;
    %vpi_call 2 15 "$monitor", "time=%d in1=%b in2=%b sel=%b out=%b", $time, v0x578a0b696d70_0, v0x578a0b696e30_0, v0x578a0b697000_0, v0x578a0b696f00_0 {0 0 0};
    %pushi/vec4 0, 0, 1;
    %store/vec4 v0x578a0b697000_0, 0, 1;
    %pushi/vec4 0, 0, 1;
    %store/vec4 v0x578a0b696d70_0, 0, 1;
    %pushi/vec4 0, 0, 1;
    %store/vec4 v0x578a0b696e30_0, 0, 1;
    %delay 10, 0;
    %pushi/vec4 0, 0, 1;
    %store/vec4 v0x578a0b697000_0, 0, 1;
    %pushi/vec4 0, 0, 1;
    %store/vec4 v0x578a0b696d70_0, 0, 1;
    %pushi/vec4 1, 0, 1;
    %store/vec4 v0x578a0b696e30_0, 0, 1;
    %delay 10, 0;
    %pushi/vec4 0, 0, 1;
    %store/vec4 v0x578a0b697000_0, 0, 1;
    %pushi/vec4 1, 0, 1;
    %store/vec4 v0x578a0b696d70_0, 0, 1;
    %pushi/vec4 0, 0, 1;
    %store/vec4 v0x578a0b696e30_0, 0, 1;
    %delay 10, 0;
    %pushi/vec4 0, 0, 1;
    %store/vec4 v0x578a0b697000_0, 0, 1;
    %pushi/vec4 1, 0, 1;
    %store/vec4 v0x578a0b696d70_0, 0, 1;
    %pushi/vec4 1, 0, 1;
    %store/vec4 v0x578a0b696e30_0, 0, 1;
    %delay 10, 0;
    %pushi/vec4 1, 0, 1;
    %store/vec4 v0x578a0b697000_0, 0, 1;
    %pushi/vec4 0, 0, 1;
    %store/vec4 v0x578a0b696d70_0, 0, 1;
    %pushi/vec4 0, 0, 1;
    %store/vec4 v0x578a0b696e30_0, 0, 1;
    %delay 10, 0;
    %pushi/vec4 1, 0, 1;
    %store/vec4 v0x578a0b697000_0, 0, 1;
    %pushi/vec4 0, 0, 1;
    %store/vec4 v0x578a0b696d70_0, 0, 1;
    %pushi/vec4 1, 0, 1;
    %store/vec4 v0x578a0b696e30_0, 0, 1;
    %delay 10, 0;
    %pushi/vec4 1, 0, 1;
    %store/vec4 v0x578a0b697000_0, 0, 1;
    %pushi/vec4 1, 0, 1;
    %store/vec4 v0x578a0b696d70_0, 0, 1;
    %pushi/vec4 0, 0, 1;
    %store/vec4 v0x578a0b696e30_0, 0, 1;
    %delay 10, 0;
    %pushi/vec4 1, 0, 1;
    %store/vec4 v0x578a0b697000_0, 0, 1;
    %pushi/vec4 1, 0, 1;
    %store/vec4 v0x578a0b696d70_0, 0, 1;
    %pushi/vec4 1, 0, 1;
    %store/vec4 v0x578a0b696e30_0, 0, 1;
    %delay 10, 0;
    %vpi_call 2 24 "$finish" {0 0 0};
    %end;
    .thread T_1;
# The file index is used to find the file name in the following table.
:file_names 4;
    "N/A";
    "<interactive>";
    "twotoone_tb.v";
    "twotoone.v";
