#! /usr/bin/vvp
:ivl_version "12.0 (stable)";
:ivl_delay_selection "TYPICAL";
:vpi_time_precision + 0;
:vpi_module "/usr/lib/x86_64-linux-gnu/ivl/system.vpi";
:vpi_module "/usr/lib/x86_64-linux-gnu/ivl/vhdl_sys.vpi";
:vpi_module "/usr/lib/x86_64-linux-gnu/ivl/vhdl_textio.vpi";
:vpi_module "/usr/lib/x86_64-linux-gnu/ivl/v2005_math.vpi";
:vpi_module "/usr/lib/x86_64-linux-gnu/ivl/va_math.vpi";
S_0x5881e768e930 .scope module, "dff_tb" "dff_tb" 2 1;
 .timescale 0 0;
v0x5881e76a12a0_0 .var "clk", 0 0;
v0x5881e76a1360_0 .var "d", 0 0;
v0x5881e76a1430_0 .net "q", 0 0, v0x5881e76a0f60_0;  1 drivers
v0x5881e76a1530_0 .net "qb", 0 0, L_0x5881e76a16f0;  1 drivers
v0x5881e76a1600_0 .var "rst_n", 0 0;
S_0x5881e768eac0 .scope module, "dff1" "dff" 2 6, 3 1 0, S_0x5881e768e930;
 .timescale 0 0;
    .port_info 0 /INPUT 1 "clk";
    .port_info 1 /INPUT 1 "rst_n";
    .port_info 2 /INPUT 1 "d";
    .port_info 3 /OUTPUT 1 "q";
    .port_info 4 /OUTPUT 1 "qb";
L_0x5881e76a16f0 .functor NOT 1, v0x5881e76a0f60_0, C4<0>, C4<0>, C4<0>;
v0x5881e768eca0_0 .net "clk", 0 0, v0x5881e76a12a0_0;  1 drivers
v0x5881e76a0ea0_0 .net "d", 0 0, v0x5881e76a1360_0;  1 drivers
v0x5881e76a0f60_0 .var "q", 0 0;
v0x5881e76a1030_0 .net "qb", 0 0, L_0x5881e76a16f0;  alias, 1 drivers
v0x5881e76a10f0_0 .net "rst_n", 0 0, v0x5881e76a1600_0;  1 drivers
E_0x5881e768f430/0 .event negedge, v0x5881e76a10f0_0;
E_0x5881e768f430/1 .event posedge, v0x5881e768eca0_0;
E_0x5881e768f430 .event/or E_0x5881e768f430/0, E_0x5881e768f430/1;
    .scope S_0x5881e768eac0;
T_0 ;
    %wait E_0x5881e768f430;
    %load/vec4 v0x5881e76a10f0_0;
    %flag_set/vec4 8;
    %jmp/0xz  T_0.0, 8;
    %pushi/vec4 0, 0, 1;
    %assign/vec4 v0x5881e76a0f60_0, 0;
    %jmp T_0.1;
T_0.0 ;
    %load/vec4 v0x5881e76a0ea0_0;
    %assign/vec4 v0x5881e76a0f60_0, 0;
T_0.1 ;
    %jmp T_0;
    .thread T_0;
    .scope S_0x5881e768e930;
T_1 ;
    %vpi_call 2 9 "$dumpfile", "wave.vcd" {0 0 0};
    %vpi_call 2 10 "$dumpvars" {0 0 0};
    %end;
    .thread T_1;
    .scope S_0x5881e768e930;
T_2 ;
    %pushi/vec4 0, 0, 1;
    %store/vec4 v0x5881e76a12a0_0, 0, 1;
T_2.0 ;
    %delay 5, 0;
    %load/vec4 v0x5881e76a12a0_0;
    %inv;
    %store/vec4 v0x5881e76a12a0_0, 0, 1;
    %jmp T_2.0;
    %end;
    .thread T_2;
    .scope S_0x5881e768e930;
T_3 ;
    %vpi_call 2 19 "$monitor", "Time=%0t | clk=%b | rst_n=%b | d=%b | q=%b | qb=%b", $time, v0x5881e76a12a0_0, v0x5881e76a1600_0, v0x5881e76a1360_0, v0x5881e76a1430_0, v0x5881e76a1530_0 {0 0 0};
    %pushi/vec4 1, 0, 1;
    %store/vec4 v0x5881e76a1600_0, 0, 1;
    %pushi/vec4 0, 0, 1;
    %store/vec4 v0x5881e76a1360_0, 0, 1;
    %delay 10, 0;
    %pushi/vec4 0, 0, 1;
    %store/vec4 v0x5881e76a1600_0, 0, 1;
    %pushi/vec4 1, 0, 1;
    %store/vec4 v0x5881e76a1360_0, 0, 1;
    %delay 10, 0;
    %pushi/vec4 1, 0, 1;
    %store/vec4 v0x5881e76a1600_0, 0, 1;
    %pushi/vec4 0, 0, 1;
    %store/vec4 v0x5881e76a1360_0, 0, 1;
    %delay 10, 0;
    %vpi_call 2 27 "$finish" {0 0 0};
    %end;
    .thread T_3;
# The file index is used to find the file name in the following table.
:file_names 4;
    "N/A";
    "<interactive>";
    "dff_tb.v";
    "dff.v";
