VCD info: dumpfile waves.vcd opened for output.



*****************************************************
*** SC FIFO Sanity Test                           ***
*****************************************************

rwd=0
pass 0 ...
pass 1 ...
pass 2 ...
pass 3 ...
rwd=1
pass 0 ...
pass 1 ...
pass 2 ...
pass 3 ...
rwd=2
pass 0 ...
pass 1 ...
pass 2 ...
pass 3 ...
rwd=3
pass 0 ...
pass 1 ...
pass 2 ...
pass 3 ...
rwd=4
pass 0 ...
pass 1 ...
pass 2 ...
pass 3 ...

*****************************************************
*** SC FIFO Sanity Test DONE                      ***
*****************************************************

rdp=0, wrp=0 delta=0
./test_bench_top.v:151: $finish called at 1072950 (100ps)
