#! /usr/bin/vvp
:ivl_version "12.0 (stable)";
:ivl_delay_selection "TYPICAL";
:vpi_time_precision - 10;
:vpi_module "/usr/lib/x86_64-linux-gnu/ivl/system.vpi";
:vpi_module "/usr/lib/x86_64-linux-gnu/ivl/vhdl_sys.vpi";
:vpi_module "/usr/lib/x86_64-linux-gnu/ivl/vhdl_textio.vpi";
:vpi_module "/usr/lib/x86_64-linux-gnu/ivl/v2005_math.vpi";
:vpi_module "/usr/lib/x86_64-linux-gnu/ivl/va_math.vpi";
S_0x5f93a35a8d00 .scope module, "generic_fifo_sc_b" "generic_fifo_sc_b" 2 146;
 .timescale -9 -10;
    .port_info 0 /INPUT 1 "clk";
    .port_info 1 /INPUT 1 "rst";
    .port_info 2 /INPUT 1 "clr";
    .port_info 3 /INPUT 8 "din";
    .port_info 4 /INPUT 1 "we";
    .port_info 5 /OUTPUT 8 "dout";
    .port_info 6 /INPUT 1 "re";
    .port_info 7 /OUTPUT 1 "full";
    .port_info 8 /OUTPUT 1 "empty";
    .port_info 9 /OUTPUT 1 "full_r";
    .port_info 10 /OUTPUT 1 "empty_r";
    .port_info 11 /OUTPUT 1 "full_n";
    .port_info 12 /OUTPUT 1 "empty_n";
    .port_info 13 /OUTPUT 1 "full_n_r";
    .port_info 14 /OUTPUT 1 "empty_n_r";
    .port_info 15 /OUTPUT 2 "level";
P_0x5f93a3614ea0 .param/l "aw" 0 2 152, +C4<00000000000000000000000000001000>;
P_0x5f93a3614ee0 .param/l "dw" 0 2 151, +C4<00000000000000000000000000001000>;
P_0x5f93a3614f20 .param/l "max_size" 0 2 154, +C4<0000000000000000000000000000000100000000>;
P_0x5f93a3614f60 .param/l "n" 0 2 153, +C4<00000000000000000000000000100000>;
L_0x5f93a35f4780 .functor XOR 1, L_0x5f93a3642100, L_0x5f93a36421a0, C4<0>, C4<0>;
L_0x5f93a35f5ae0 .functor AND 1, L_0x5f93a3641fd0, L_0x5f93a35f4780, C4<1>, C4<1>;
L_0x703e05ace138 .functor BUFT 1, C4<000000001>, C4<0>, C4<0>, C4<0>;
v0x5f93a362c610_0 .net/2u *"_ivl_14", 8 0, L_0x703e05ace138;  1 drivers
L_0x703e05ace180 .functor BUFT 1, C4<000000001>, C4<0>, C4<0>, C4<0>;
v0x5f93a362c710_0 .net/2u *"_ivl_18", 8 0, L_0x703e05ace180;  1 drivers
v0x5f93a362c7f0_0 .net *"_ivl_25", 7 0, L_0x5f93a3641db0;  1 drivers
v0x5f93a362c8b0_0 .net *"_ivl_27", 7 0, L_0x5f93a3641ea0;  1 drivers
v0x5f93a362c990_0 .net *"_ivl_28", 0 0, L_0x5f93a3641fd0;  1 drivers
v0x5f93a362ca50_0 .net *"_ivl_31", 0 0, L_0x5f93a3642100;  1 drivers
v0x5f93a362cb30_0 .net *"_ivl_33", 0 0, L_0x5f93a36421a0;  1 drivers
v0x5f93a362cc10_0 .net *"_ivl_34", 0 0, L_0x5f93a35f4780;  1 drivers
v0x5f93a362ccd0_0 .net *"_ivl_40", 31 0, L_0x5f93a3642470;  1 drivers
L_0x703e05ace1c8 .functor BUFT 1, C4<00000000000000000000000>, C4<0>, C4<0>, C4<0>;
v0x5f93a362cdb0_0 .net *"_ivl_43", 22 0, L_0x703e05ace1c8;  1 drivers
L_0x703e05ace210 .functor BUFT 1, C4<00000000000000000000000000100000>, C4<0>, C4<0>, C4<0>;
v0x5f93a362ce90_0 .net/2u *"_ivl_44", 31 0, L_0x703e05ace210;  1 drivers
v0x5f93a362cf70_0 .net *"_ivl_48", 39 0, L_0x5f93a36427a0;  1 drivers
L_0x703e05ace258 .functor BUFT 1, C4<0000000000000000000000000000000>, C4<0>, C4<0>, C4<0>;
v0x5f93a362d050_0 .net *"_ivl_51", 30 0, L_0x703e05ace258;  1 drivers
L_0x703e05ace2a0 .functor BUFT 1, C4<0000000000000000000000000000000011100001>, C4<0>, C4<0>, C4<0>;
v0x5f93a362d130_0 .net/2u *"_ivl_52", 39 0, L_0x703e05ace2a0;  1 drivers
v0x5f93a362d210_0 .net *"_ivl_54", 0 0, L_0x5f93a36429f0;  1 drivers
o0x703e05e8a1c8 .functor BUFZ 1, C4<z>; HiZ drive
v0x5f93a362d2d0_0 .net "clk", 0 0, o0x703e05e8a1c8;  0 drivers
o0x703e05e8a7f8 .functor BUFZ 1, C4<z>; HiZ drive
v0x5f93a362d370_0 .net "clr", 0 0, o0x703e05e8a7f8;  0 drivers
v0x5f93a362d540_0 .net "diff", 8 0, L_0x5f93a36423d0;  1 drivers
v0x5f93a362d620_0 .var "diff_r", 8 0;
o0x703e05e8a0a8 .functor BUFZ 8, C4<zzzzzzzz>; HiZ drive
v0x5f93a362d700_0 .net "din", 7 0, o0x703e05e8a0a8;  0 drivers
v0x5f93a362d7c0_0 .net "dout", 7 0, L_0x5f93a35f39b0;  1 drivers
v0x5f93a362d860_0 .net "empty", 0 0, L_0x5f93a3641d10;  1 drivers
v0x5f93a362d900_0 .net "empty_n", 0 0, L_0x5f93a3642660;  1 drivers
v0x5f93a362d9c0_0 .var "empty_n_r", 0 0;
v0x5f93a362da80_0 .var "empty_r", 0 0;
v0x5f93a362db40_0 .net "full", 0 0, L_0x5f93a35f5ae0;  1 drivers
v0x5f93a362dc00_0 .net "full_n", 0 0, L_0x5f93a3642ae0;  1 drivers
v0x5f93a362dcc0_0 .var "full_n_r", 0 0;
v0x5f93a362dd80_0 .var "full_r", 0 0;
v0x5f93a362de40_0 .var "level", 1 0;
o0x703e05e8aa38 .functor BUFZ 1, C4<z>; HiZ drive
v0x5f93a362df20_0 .net "re", 0 0, o0x703e05e8aa38;  0 drivers
v0x5f93a362dfe0_0 .var "re_r", 0 0;
v0x5f93a362e0a0_0 .var "rp", 8 0;
v0x5f93a362e390_0 .net "rp_pl1", 8 0, L_0x5f93a3641b90;  1 drivers
o0x703e05e8aaf8 .functor BUFZ 1, C4<z>; HiZ drive
v0x5f93a362e470_0 .net "rst", 0 0, o0x703e05e8aaf8;  0 drivers
o0x703e05e8a288 .functor BUFZ 1, C4<z>; HiZ drive
v0x5f93a362e530_0 .net "we", 0 0, o0x703e05e8a288;  0 drivers
v0x5f93a362e5d0_0 .var "we_r", 0 0;
v0x5f93a362e670_0 .var "wp", 8 0;
v0x5f93a362e750_0 .net "wp_pl1", 8 0, L_0x5f93a3641a50;  1 drivers
L_0x5f93a36315a0 .reduce/nor o0x703e05e8aaf8;
L_0x5f93a3631670 .part v0x5f93a362e0a0_0, 0, 8;
L_0x5f93a3631770 .reduce/nor o0x703e05e8aaf8;
L_0x5f93a3631890 .part v0x5f93a362e670_0, 0, 8;
L_0x5f93a3641a50 .arith/sum 9, v0x5f93a362e670_0, L_0x703e05ace138;
L_0x5f93a3641b90 .arith/sum 9, v0x5f93a362e0a0_0, L_0x703e05ace180;
L_0x5f93a3641d10 .cmp/eq 9, v0x5f93a362e670_0, v0x5f93a362e0a0_0;
L_0x5f93a3641db0 .part v0x5f93a362e670_0, 0, 8;
L_0x5f93a3641ea0 .part v0x5f93a362e0a0_0, 0, 8;
L_0x5f93a3641fd0 .cmp/eq 8, L_0x5f93a3641db0, L_0x5f93a3641ea0;
L_0x5f93a3642100 .part v0x5f93a362e670_0, 8, 1;
L_0x5f93a36421a0 .part v0x5f93a362e0a0_0, 8, 1;
L_0x5f93a36423d0 .arith/sub 9, v0x5f93a362e670_0, v0x5f93a362e0a0_0;
L_0x5f93a3642470 .concat [ 9 23 0 0], L_0x5f93a36423d0, L_0x703e05ace1c8;
L_0x5f93a3642660 .cmp/gt 32, L_0x703e05ace210, L_0x5f93a3642470;
L_0x5f93a36427a0 .concat [ 9 31 0 0], L_0x5f93a36423d0, L_0x703e05ace258;
L_0x5f93a36429f0 .cmp/gt 40, L_0x703e05ace2a0, L_0x5f93a36427a0;
L_0x5f93a3642ae0 .reduce/nor L_0x5f93a36429f0;
S_0x5f93a35a3680 .scope module, "u0" "generic_dpram" 2 190, 3 108 0, S_0x5f93a35a8d00;
 .timescale -9 -10;
    .port_info 0 /INPUT 1 "rclk";
    .port_info 1 /INPUT 1 "rrst";
    .port_info 2 /INPUT 1 "rce";
    .port_info 3 /INPUT 1 "oe";
    .port_info 4 /INPUT 8 "raddr";
    .port_info 5 /OUTPUT 8 "do";
    .port_info 6 /INPUT 1 "wclk";
    .port_info 7 /INPUT 1 "wrst";
    .port_info 8 /INPUT 1 "wce";
    .port_info 9 /INPUT 1 "we";
    .port_info 10 /INPUT 8 "waddr";
    .port_info 11 /INPUT 8 "di";
P_0x5f93a360ea30 .param/l "aw" 0 3 117, +C4<00000000000000000000000000001000>;
P_0x5f93a360ea70 .param/l "dw" 0 3 118, +C4<00000000000000000000000000001000>;
L_0x5f93a35f39b0 .functor BUFZ 8, L_0x5f93a3631350, C4<00000000>, C4<00000000>, C4<00000000>;
v0x5f93a35f3380_0 .net *"_ivl_0", 7 0, L_0x5f93a3631350;  1 drivers
v0x5f93a35f3b50_0 .net *"_ivl_2", 9 0, L_0x5f93a3631410;  1 drivers
L_0x703e05ace018 .functor BUFT 1, C4<00>, C4<0>, C4<0>, C4<0>;
v0x5f93a35f3fe0_0 .net *"_ivl_5", 1 0, L_0x703e05ace018;  1 drivers
v0x5f93a35f4920_0 .net "di", 7 0, o0x703e05e8a0a8;  alias, 0 drivers
v0x5f93a35f5c00_0 .net "do", 7 0, L_0x5f93a35f39b0;  alias, 1 drivers
v0x5f93a35f60a0 .array "mem", 0 255, 7 0;
L_0x703e05ace0a8 .functor BUFT 1, C4<1>, C4<0>, C4<0>, C4<0>;
v0x5f93a35a7430_0 .net "oe", 0 0, L_0x703e05ace0a8;  1 drivers
v0x5f93a362bcf0_0 .var "ra", 7 0;
v0x5f93a362bdd0_0 .net "raddr", 7 0, L_0x5f93a3631670;  1 drivers
L_0x703e05ace060 .functor BUFT 1, C4<1>, C4<0>, C4<0>, C4<0>;
v0x5f93a362beb0_0 .net "rce", 0 0, L_0x703e05ace060;  1 drivers
v0x5f93a362bf70_0 .net "rclk", 0 0, o0x703e05e8a1c8;  alias, 0 drivers
v0x5f93a362c030_0 .net "rrst", 0 0, L_0x5f93a36315a0;  1 drivers
v0x5f93a362c0f0_0 .net "waddr", 7 0, L_0x5f93a3631890;  1 drivers
L_0x703e05ace0f0 .functor BUFT 1, C4<1>, C4<0>, C4<0>, C4<0>;
v0x5f93a362c1d0_0 .net "wce", 0 0, L_0x703e05ace0f0;  1 drivers
v0x5f93a362c290_0 .net "wclk", 0 0, o0x703e05e8a1c8;  alias, 0 drivers
v0x5f93a362c330_0 .net "we", 0 0, o0x703e05e8a288;  alias, 0 drivers
v0x5f93a362c3d0_0 .net "wrst", 0 0, L_0x5f93a3631770;  1 drivers
E_0x5f93a35af550 .event posedge, v0x5f93a362bf70_0;
L_0x5f93a3631350 .array/port v0x5f93a35f60a0, L_0x5f93a3631410;
L_0x5f93a3631410 .concat [ 8 2 0 0], v0x5f93a362bcf0_0, L_0x703e05ace018;
S_0x5f93a35a8410 .scope module, "test" "test" 4 41;
 .timescale -9 -10;
v0x5f93a362ff20 .array "buffer", 1024000 0, 7 0;
v0x5f93a3630000_0 .var "clk", 0 0;
v0x5f93a36300c0_0 .var "clr", 0 0;
v0x5f93a3630160_0 .var "clr2", 0 0;
v0x5f93a3630220_0 .var "din", 7 0;
v0x5f93a3630350_0 .var "din2", 7 0;
o0x703e05e8b0f8 .functor BUFZ 8, C4<zzzzzzzz>; HiZ drive
v0x5f93a3630430_0 .net "dout", 7 0, o0x703e05e8b0f8;  0 drivers
o0x703e05e8b128 .functor BUFZ 8, C4<zzzzzzzz>; HiZ drive
v0x5f93a3630510_0 .net "dout2", 7 0, o0x703e05e8b128;  0 drivers
o0x703e05e8b158 .functor BUFZ 1, C4<z>; HiZ drive
v0x5f93a36305f0_0 .net "empty", 0 0, o0x703e05e8b158;  0 drivers
o0x703e05e8b188 .functor BUFZ 1, C4<z>; HiZ drive
v0x5f93a36306b0_0 .net "empty2", 0 0, o0x703e05e8b188;  0 drivers
o0x703e05e8b1b8 .functor BUFZ 1, C4<z>; HiZ drive
v0x5f93a3630770_0 .net "full", 0 0, o0x703e05e8b1b8;  0 drivers
o0x703e05e8b1e8 .functor BUFZ 1, C4<z>; HiZ drive
v0x5f93a3630830_0 .net "full2", 0 0, o0x703e05e8b1e8;  0 drivers
v0x5f93a36308f0_0 .var/i "n", 31 0;
v0x5f93a36309d0_0 .var/real "rcp", 0 0;
v0x5f93a3630a90_0 .var "rd_clk", 0 0;
v0x5f93a3630b50_0 .var/i "rdp", 31 0;
v0x5f93a3630c30_0 .var "re", 0 0;
v0x5f93a3630cf0_0 .var "re2", 0 0;
v0x5f93a3630db0_0 .var "rst", 0 0;
v0x5f93a3630e70_0 .var/i "rwd", 31 0;
v0x5f93a3630f50_0 .var "we", 0 0;
v0x5f93a3631010_0 .var "we2", 0 0;
v0x5f93a36310d0_0 .var "wr_clk", 0 0;
v0x5f93a3631190_0 .var/i "wrp", 31 0;
v0x5f93a3631270_0 .var/i "x", 31 0;
S_0x5f93a362ea30 .scope task, "rd_dc" "rd_dc" 4 282, 4 282 0, S_0x5f93a35a8410;
 .timescale -9 -10;
v0x5f93a362ec70_0 .var/i "cnt", 31 0;
v0x5f93a362ed70_0 .var/i "n", 31 0;
E_0x5f93a35af970 .event posedge, v0x5f93a3630a90_0;
TD_test.rd_dc ;
    %wait E_0x5f93a35af970;
    %pushi/vec4 0, 0, 32;
    %store/vec4 v0x5f93a362ed70_0, 0, 32;
T_0.0 ;
    %load/vec4 v0x5f93a362ed70_0;
    %load/vec4 v0x5f93a362ec70_0;
    %cmp/s;
    %jmp/0xz T_0.1, 5;
    %delay 10, 0;
    %pushi/vec4 1, 0, 1;
    %store/vec4 v0x5f93a3630cf0_0, 0, 1;
    %wait E_0x5f93a35af970;
    %delay 10, 0;
    %pushi/vec4 0, 0, 1;
    %store/vec4 v0x5f93a3630cf0_0, 0, 1;
    %load/vec4 v0x5f93a3630e70_0;
T_0.2 %dup/vec4;
    %pushi/vec4 0, 0, 32;
    %cmp/s;
    %jmp/1xz T_0.3, 5;
    %jmp/1 T_0.3, 4;
    %pushi/vec4 1, 0, 32;
    %sub;
    %wait E_0x5f93a35af970;
    %jmp T_0.2;
T_0.3 ;
    %pop/vec4 1;
    %load/vec4 v0x5f93a362ed70_0;
    %addi 1, 0, 32;
    %store/vec4 v0x5f93a362ed70_0, 0, 32;
    %jmp T_0.0;
T_0.1 ;
    %end;
S_0x5f93a362ee50 .scope task, "rd_sc" "rd_sc" 4 411, 4 411 0, S_0x5f93a35a8410;
 .timescale -9 -10;
v0x5f93a362f070_0 .var/i "cnt", 31 0;
E_0x5f93a35af6b0 .event posedge, v0x5f93a3630000_0;
TD_test.rd_sc ;
    %wait E_0x5f93a35af6b0;
    %pushi/vec4 0, 0, 32;
    %store/vec4 v0x5f93a36308f0_0, 0, 32;
T_1.4 ;
    %load/vec4 v0x5f93a36308f0_0;
    %load/vec4 v0x5f93a362f070_0;
    %cmp/s;
    %jmp/0xz T_1.5, 5;
    %delay 10, 0;
    %pushi/vec4 1, 0, 1;
    %store/vec4 v0x5f93a3630c30_0, 0, 1;
    %wait E_0x5f93a35af6b0;
    %delay 10, 0;
    %pushi/vec4 0, 0, 1;
    %store/vec4 v0x5f93a3630c30_0, 0, 1;
    %load/vec4 v0x5f93a3630e70_0;
T_1.6 %dup/vec4;
    %pushi/vec4 0, 0, 32;
    %cmp/s;
    %jmp/1xz T_1.7, 5;
    %jmp/1 T_1.7, 4;
    %pushi/vec4 1, 0, 32;
    %sub;
    %wait E_0x5f93a35af6b0;
    %jmp T_1.6;
T_1.7 ;
    %pop/vec4 1;
    %load/vec4 v0x5f93a36308f0_0;
    %addi 1, 0, 32;
    %store/vec4 v0x5f93a36308f0_0, 0, 32;
    %jmp T_1.4;
T_1.5 ;
    %end;
S_0x5f93a362f170 .scope task, "rd_wr_dc" "rd_wr_dc" 4 300, 4 300 0, S_0x5f93a35a8410;
 .timescale -9 -10;
v0x5f93a362f370_0 .var/i "n", 31 0;
E_0x5f93a35991f0 .event posedge, v0x5f93a36310d0_0;
TD_test.rd_wr_dc ;
    %pushi/vec4 10, 0, 32;
T_2.8 %dup/vec4;
    %pushi/vec4 0, 0, 32;
    %cmp/s;
    %jmp/1xz T_2.9, 5;
    %jmp/1 T_2.9, 4;
    %pushi/vec4 1, 0, 32;
    %sub;
    %wait E_0x5f93a35991f0;
    %jmp T_2.8;
T_2.9 ;
    %pop/vec4 1;
    %pushi/vec4 0, 0, 32;
    %store/vec4 v0x5f93a362f370_0, 0, 32;
T_2.10 ;
    %load/vec4 v0x5f93a362f370_0;
    %cmpi/s 20, 0, 32;
    %jmp/0xz T_2.11, 5;
    %fork t_1, S_0x5f93a362f170;
    %fork t_2, S_0x5f93a362f170;
    %join;
    %join;
    %jmp t_0;
t_1 ;
    %pushi/vec4 1, 0, 32;
    %store/vec4 v0x5f93a362fa60_0, 0, 32;
    %fork TD_test.wr_dc, S_0x5f93a362f880;
    %join;
    %end;
t_2 ;
    %wait E_0x5f93a35991f0;
    %wait E_0x5f93a35991f0;
    %pushi/vec4 1, 0, 32;
    %store/vec4 v0x5f93a362ec70_0, 0, 32;
    %fork TD_test.rd_dc, S_0x5f93a362ea30;
    %join;
    %end;
    .scope S_0x5f93a362f170;
t_0 ;
    %load/vec4 v0x5f93a362f370_0;
    %addi 1, 0, 32;
    %store/vec4 v0x5f93a362f370_0, 0, 32;
    %jmp T_2.10;
T_2.11 ;
    %pushi/vec4 50, 0, 32;
T_2.12 %dup/vec4;
    %pushi/vec4 0, 0, 32;
    %cmp/s;
    %jmp/1xz T_2.13, 5;
    %jmp/1 T_2.13, 4;
    %pushi/vec4 1, 0, 32;
    %sub;
    %wait E_0x5f93a35991f0;
    %jmp T_2.12;
T_2.13 ;
    %pop/vec4 1;
    %pushi/vec4 0, 0, 32;
    %store/vec4 v0x5f93a362f370_0, 0, 32;
T_2.14 ;
    %load/vec4 v0x5f93a362f370_0;
    %cmpi/s 20, 0, 32;
    %jmp/0xz T_2.15, 5;
    %fork t_4, S_0x5f93a362f170;
    %fork t_5, S_0x5f93a362f170;
    %join;
    %join;
    %jmp t_3;
t_4 ;
    %pushi/vec4 2, 0, 32;
    %store/vec4 v0x5f93a362fa60_0, 0, 32;
    %fork TD_test.wr_dc, S_0x5f93a362f880;
    %join;
    %end;
t_5 ;
    %wait E_0x5f93a35991f0;
    %wait E_0x5f93a35991f0;
    %wait E_0x5f93a35991f0;
    %pushi/vec4 2, 0, 32;
    %store/vec4 v0x5f93a362ec70_0, 0, 32;
    %fork TD_test.rd_dc, S_0x5f93a362ea30;
    %join;
    %end;
    .scope S_0x5f93a362f170;
t_3 ;
    %load/vec4 v0x5f93a362f370_0;
    %addi 1, 0, 32;
    %store/vec4 v0x5f93a362f370_0, 0, 32;
    %jmp T_2.14;
T_2.15 ;
    %pushi/vec4 50, 0, 32;
T_2.16 %dup/vec4;
    %pushi/vec4 0, 0, 32;
    %cmp/s;
    %jmp/1xz T_2.17, 5;
    %jmp/1 T_2.17, 4;
    %pushi/vec4 1, 0, 32;
    %sub;
    %wait E_0x5f93a35991f0;
    %jmp T_2.16;
T_2.17 ;
    %pop/vec4 1;
    %pushi/vec4 0, 0, 32;
    %store/vec4 v0x5f93a362f370_0, 0, 32;
T_2.18 ;
    %load/vec4 v0x5f93a362f370_0;
    %cmpi/s 20, 0, 32;
    %jmp/0xz T_2.19, 5;
    %fork t_7, S_0x5f93a362f170;
    %fork t_8, S_0x5f93a362f170;
    %join;
    %join;
    %jmp t_6;
t_7 ;
    %pushi/vec4 3, 0, 32;
    %store/vec4 v0x5f93a362fa60_0, 0, 32;
    %fork TD_test.wr_dc, S_0x5f93a362f880;
    %join;
    %end;
t_8 ;
    %wait E_0x5f93a35991f0;
    %wait E_0x5f93a35991f0;
    %wait E_0x5f93a35991f0;
    %wait E_0x5f93a35991f0;
    %pushi/vec4 3, 0, 32;
    %store/vec4 v0x5f93a362ec70_0, 0, 32;
    %fork TD_test.rd_dc, S_0x5f93a362ea30;
    %join;
    %end;
    .scope S_0x5f93a362f170;
t_6 ;
    %load/vec4 v0x5f93a362f370_0;
    %addi 1, 0, 32;
    %store/vec4 v0x5f93a362f370_0, 0, 32;
    %jmp T_2.18;
T_2.19 ;
    %pushi/vec4 50, 0, 32;
T_2.20 %dup/vec4;
    %pushi/vec4 0, 0, 32;
    %cmp/s;
    %jmp/1xz T_2.21, 5;
    %jmp/1 T_2.21, 4;
    %pushi/vec4 1, 0, 32;
    %sub;
    %wait E_0x5f93a35991f0;
    %jmp T_2.20;
T_2.21 ;
    %pop/vec4 1;
    %pushi/vec4 0, 0, 32;
    %store/vec4 v0x5f93a362f370_0, 0, 32;
T_2.22 ;
    %load/vec4 v0x5f93a362f370_0;
    %cmpi/s 20, 0, 32;
    %jmp/0xz T_2.23, 5;
    %fork t_10, S_0x5f93a362f170;
    %fork t_11, S_0x5f93a362f170;
    %join;
    %join;
    %jmp t_9;
t_10 ;
    %pushi/vec4 4, 0, 32;
    %store/vec4 v0x5f93a362fa60_0, 0, 32;
    %fork TD_test.wr_dc, S_0x5f93a362f880;
    %join;
    %end;
t_11 ;
    %wait E_0x5f93a35991f0;
    %wait E_0x5f93a35991f0;
    %wait E_0x5f93a35991f0;
    %wait E_0x5f93a35991f0;
    %wait E_0x5f93a35991f0;
    %pushi/vec4 4, 0, 32;
    %store/vec4 v0x5f93a362ec70_0, 0, 32;
    %fork TD_test.rd_dc, S_0x5f93a362ea30;
    %join;
    %end;
    .scope S_0x5f93a362f170;
t_9 ;
    %load/vec4 v0x5f93a362f370_0;
    %addi 1, 0, 32;
    %store/vec4 v0x5f93a362f370_0, 0, 32;
    %jmp T_2.22;
T_2.23 ;
    %pushi/vec4 50, 0, 32;
T_2.24 %dup/vec4;
    %pushi/vec4 0, 0, 32;
    %cmp/s;
    %jmp/1xz T_2.25, 5;
    %jmp/1 T_2.25, 4;
    %pushi/vec4 1, 0, 32;
    %sub;
    %wait E_0x5f93a35991f0;
    %jmp T_2.24;
T_2.25 ;
    %pop/vec4 1;
    %end;
S_0x5f93a362f470 .scope task, "rd_wr_sc" "rd_wr_sc" 4 431, 4 431 0, S_0x5f93a35a8410;
 .timescale -9 -10;
TD_test.rd_wr_sc ;
    %pushi/vec4 10, 0, 32;
T_3.26 %dup/vec4;
    %pushi/vec4 0, 0, 32;
    %cmp/s;
    %jmp/1xz T_3.27, 5;
    %jmp/1 T_3.27, 4;
    %pushi/vec4 1, 0, 32;
    %sub;
    %wait E_0x5f93a35af6b0;
    %jmp T_3.26;
T_3.27 ;
    %pop/vec4 1;
    %pushi/vec4 0, 0, 32;
    %store/vec4 v0x5f93a36308f0_0, 0, 32;
T_3.28 ;
    %load/vec4 v0x5f93a36308f0_0;
    %cmpi/s 10, 0, 32;
    %jmp/0xz T_3.29, 5;
    %wait E_0x5f93a35af6b0;
    %delay 10, 0;
    %pushi/vec4 0, 0, 1;
    %store/vec4 v0x5f93a3630c30_0, 0, 1;
    %pushi/vec4 1, 0, 1;
    %store/vec4 v0x5f93a3630f50_0, 0, 1;
    %vpi_func 4 442 "$random" 32 {0 0 0};
    %pad/s 8;
    %store/vec4 v0x5f93a3630220_0, 0, 8;
    %wait E_0x5f93a35af6b0;
    %delay 10, 0;
    %pushi/vec4 0, 0, 1;
    %store/vec4 v0x5f93a3630f50_0, 0, 1;
    %pushi/vec4 255, 255, 8;
    %store/vec4 v0x5f93a3630220_0, 0, 8;
    %pushi/vec4 1, 0, 1;
    %store/vec4 v0x5f93a3630c30_0, 0, 1;
    %load/vec4 v0x5f93a36308f0_0;
    %addi 1, 0, 32;
    %store/vec4 v0x5f93a36308f0_0, 0, 32;
    %jmp T_3.28;
T_3.29 ;
    %wait E_0x5f93a35af6b0;
    %delay 10, 0;
    %pushi/vec4 0, 0, 1;
    %store/vec4 v0x5f93a3630c30_0, 0, 1;
    %pushi/vec4 10, 0, 32;
T_3.30 %dup/vec4;
    %pushi/vec4 0, 0, 32;
    %cmp/s;
    %jmp/1xz T_3.31, 5;
    %jmp/1 T_3.31, 4;
    %pushi/vec4 1, 0, 32;
    %sub;
    %wait E_0x5f93a35af6b0;
    %jmp T_3.30;
T_3.31 ;
    %pop/vec4 1;
    %pushi/vec4 0, 0, 32;
    %store/vec4 v0x5f93a36308f0_0, 0, 32;
T_3.32 ;
    %load/vec4 v0x5f93a36308f0_0;
    %cmpi/s 10, 0, 32;
    %jmp/0xz T_3.33, 5;
    %wait E_0x5f93a35af6b0;
    %delay 10, 0;
    %pushi/vec4 1, 0, 1;
    %store/vec4 v0x5f93a3630f50_0, 0, 1;
    %vpi_func 4 461 "$random" 32 {0 0 0};
    %pad/s 8;
    %store/vec4 v0x5f93a3630220_0, 0, 8;
    %wait E_0x5f93a35af6b0;
    %delay 10, 0;
    %vpi_func 4 464 "$random" 32 {0 0 0};
    %pad/s 8;
    %store/vec4 v0x5f93a3630220_0, 0, 8;
    %wait E_0x5f93a35af6b0;
    %delay 10, 0;
    %pushi/vec4 0, 0, 1;
    %store/vec4 v0x5f93a3630f50_0, 0, 1;
    %pushi/vec4 255, 255, 8;
    %store/vec4 v0x5f93a3630220_0, 0, 8;
    %pushi/vec4 1, 0, 1;
    %store/vec4 v0x5f93a3630c30_0, 0, 1;
    %wait E_0x5f93a35af6b0;
    %wait E_0x5f93a35af6b0;
    %delay 10, 0;
    %pushi/vec4 0, 0, 1;
    %store/vec4 v0x5f93a3630c30_0, 0, 1;
    %load/vec4 v0x5f93a36308f0_0;
    %addi 1, 0, 32;
    %store/vec4 v0x5f93a36308f0_0, 0, 32;
    %jmp T_3.32;
T_3.33 ;
    %pushi/vec4 0, 0, 32;
    %store/vec4 v0x5f93a36308f0_0, 0, 32;
T_3.34 ;
    %load/vec4 v0x5f93a36308f0_0;
    %cmpi/s 10, 0, 32;
    %jmp/0xz T_3.35, 5;
    %wait E_0x5f93a35af6b0;
    %delay 10, 0;
    %pushi/vec4 1, 0, 1;
    %store/vec4 v0x5f93a3630f50_0, 0, 1;
    %vpi_func 4 482 "$random" 32 {0 0 0};
    %pad/s 8;
    %store/vec4 v0x5f93a3630220_0, 0, 8;
    %wait E_0x5f93a35af6b0;
    %delay 10, 0;
    %vpi_func 4 485 "$random" 32 {0 0 0};
    %pad/s 8;
    %store/vec4 v0x5f93a3630220_0, 0, 8;
    %wait E_0x5f93a35af6b0;
    %delay 10, 0;
    %vpi_func 4 488 "$random" 32 {0 0 0};
    %pad/s 8;
    %store/vec4 v0x5f93a3630220_0, 0, 8;
    %wait E_0x5f93a35af6b0;
    %delay 10, 0;
    %pushi/vec4 0, 0, 1;
    %store/vec4 v0x5f93a3630f50_0, 0, 1;
    %pushi/vec4 255, 255, 8;
    %store/vec4 v0x5f93a3630220_0, 0, 8;
    %pushi/vec4 1, 0, 1;
    %store/vec4 v0x5f93a3630c30_0, 0, 1;
    %wait E_0x5f93a35af6b0;
    %wait E_0x5f93a35af6b0;
    %wait E_0x5f93a35af6b0;
    %delay 10, 0;
    %pushi/vec4 0, 0, 1;
    %store/vec4 v0x5f93a3630c30_0, 0, 1;
    %load/vec4 v0x5f93a36308f0_0;
    %addi 1, 0, 32;
    %store/vec4 v0x5f93a36308f0_0, 0, 32;
    %jmp T_3.34;
T_3.35 ;
    %pushi/vec4 0, 0, 32;
    %store/vec4 v0x5f93a36308f0_0, 0, 32;
T_3.36 ;
    %load/vec4 v0x5f93a36308f0_0;
    %cmpi/s 10, 0, 32;
    %jmp/0xz T_3.37, 5;
    %wait E_0x5f93a35af6b0;
    %delay 10, 0;
    %pushi/vec4 1, 0, 1;
    %store/vec4 v0x5f93a3630f50_0, 0, 1;
    %vpi_func 4 508 "$random" 32 {0 0 0};
    %pad/s 8;
    %store/vec4 v0x5f93a3630220_0, 0, 8;
    %wait E_0x5f93a35af6b0;
    %delay 10, 0;
    %vpi_func 4 511 "$random" 32 {0 0 0};
    %pad/s 8;
    %store/vec4 v0x5f93a3630220_0, 0, 8;
    %wait E_0x5f93a35af6b0;
    %delay 10, 0;
    %vpi_func 4 514 "$random" 32 {0 0 0};
    %pad/s 8;
    %store/vec4 v0x5f93a3630220_0, 0, 8;
    %wait E_0x5f93a35af6b0;
    %delay 10, 0;
    %vpi_func 4 517 "$random" 32 {0 0 0};
    %pad/s 8;
    %store/vec4 v0x5f93a3630220_0, 0, 8;
    %wait E_0x5f93a35af6b0;
    %delay 10, 0;
    %pushi/vec4 0, 0, 1;
    %store/vec4 v0x5f93a3630f50_0, 0, 1;
    %pushi/vec4 255, 255, 8;
    %store/vec4 v0x5f93a3630220_0, 0, 8;
    %pushi/vec4 1, 0, 1;
    %store/vec4 v0x5f93a3630c30_0, 0, 1;
    %wait E_0x5f93a35af6b0;
    %wait E_0x5f93a35af6b0;
    %wait E_0x5f93a35af6b0;
    %wait E_0x5f93a35af6b0;
    %delay 10, 0;
    %pushi/vec4 0, 0, 1;
    %store/vec4 v0x5f93a3630c30_0, 0, 1;
    %load/vec4 v0x5f93a36308f0_0;
    %addi 1, 0, 32;
    %store/vec4 v0x5f93a36308f0_0, 0, 32;
    %jmp T_3.36;
T_3.37 ;
    %end;
S_0x5f93a362f650 .scope task, "test_sc_fifo" "test_sc_fifo" 4 157, 4 157 0, S_0x5f93a35a8410;
 .timescale -9 -10;
TD_test.test_sc_fifo ;
    %vpi_call 4 160 "$display", "\012\012" {0 0 0};
    %vpi_call 4 161 "$display", "*****************************************************" {0 0 0};
    %vpi_call 4 162 "$display", "*** SC FIFO Sanity Test                           ***" {0 0 0};
    %vpi_call 4 163 "$display", "*****************************************************\012" {0 0 0};
    %pushi/vec4 0, 0, 32;
    %store/vec4 v0x5f93a3630e70_0, 0, 32;
T_4.38 ;
    %load/vec4 v0x5f93a3630e70_0;
    %cmpi/s 5, 0, 32;
    %jmp/0xz T_4.39, 5;
    %vpi_call 4 167 "$display", "rwd=%0d", v0x5f93a3630e70_0 {0 0 0};
    %vpi_call 4 168 "$display", "pass 0 ..." {0 0 0};
    %pushi/vec4 0, 0, 32;
    %store/vec4 v0x5f93a3631270_0, 0, 32;
T_4.40 ;
    %load/vec4 v0x5f93a3631270_0;
    %cmpi/s 2, 0, 32;
    %jmp/0xz T_4.41, 5;
    %fork TD_test.rd_wr_sc, S_0x5f93a362f470;
    %join;
    %pushi/vec4 1, 0, 32;
    %store/vec4 v0x5f93a362fe20_0, 0, 32;
    %fork TD_test.wr_sc, S_0x5f93a362fc40;
    %join;
    %load/vec4 v0x5f93a3631270_0;
    %addi 1, 0, 32;
    %store/vec4 v0x5f93a3631270_0, 0, 32;
    %jmp T_4.40;
T_4.41 ;
    %vpi_call 4 174 "$display", "pass 1 ..." {0 0 0};
    %pushi/vec4 0, 0, 32;
    %store/vec4 v0x5f93a3631270_0, 0, 32;
T_4.42 ;
    %load/vec4 v0x5f93a3631270_0;
    %cmpi/s 2, 0, 32;
    %jmp/0xz T_4.43, 5;
    %fork TD_test.rd_wr_sc, S_0x5f93a362f470;
    %join;
    %pushi/vec4 1, 0, 32;
    %store/vec4 v0x5f93a362f070_0, 0, 32;
    %fork TD_test.rd_sc, S_0x5f93a362ee50;
    %join;
    %load/vec4 v0x5f93a3631270_0;
    %addi 1, 0, 32;
    %store/vec4 v0x5f93a3631270_0, 0, 32;
    %jmp T_4.42;
T_4.43 ;
    %vpi_call 4 180 "$display", "pass 2 ..." {0 0 0};
    %pushi/vec4 0, 0, 32;
    %store/vec4 v0x5f93a3631270_0, 0, 32;
T_4.44 ;
    %load/vec4 v0x5f93a3631270_0;
    %cmpi/s 2, 0, 32;
    %jmp/0xz T_4.45, 5;
    %fork TD_test.rd_wr_sc, S_0x5f93a362f470;
    %join;
    %pushi/vec4 1, 0, 32;
    %store/vec4 v0x5f93a362fe20_0, 0, 32;
    %fork TD_test.wr_sc, S_0x5f93a362fc40;
    %join;
    %load/vec4 v0x5f93a3631270_0;
    %addi 1, 0, 32;
    %store/vec4 v0x5f93a3631270_0, 0, 32;
    %jmp T_4.44;
T_4.45 ;
    %vpi_call 4 186 "$display", "pass 3 ..." {0 0 0};
    %pushi/vec4 0, 0, 32;
    %store/vec4 v0x5f93a3631270_0, 0, 32;
T_4.46 ;
    %load/vec4 v0x5f93a3631270_0;
    %cmpi/s 2, 0, 32;
    %jmp/0xz T_4.47, 5;
    %fork TD_test.rd_wr_sc, S_0x5f93a362f470;
    %join;
    %pushi/vec4 1, 0, 32;
    %store/vec4 v0x5f93a362f070_0, 0, 32;
    %fork TD_test.rd_sc, S_0x5f93a362ee50;
    %join;
    %load/vec4 v0x5f93a3631270_0;
    %addi 1, 0, 32;
    %store/vec4 v0x5f93a3631270_0, 0, 32;
    %jmp T_4.46;
T_4.47 ;
    %load/vec4 v0x5f93a3630e70_0;
    %addi 1, 0, 32;
    %store/vec4 v0x5f93a3630e70_0, 0, 32;
    %jmp T_4.38;
T_4.39 ;
    %vpi_call 4 194 "$display", "\000" {0 0 0};
    %vpi_call 4 195 "$display", "*****************************************************" {0 0 0};
    %vpi_call 4 196 "$display", "*** SC FIFO Sanity Test DONE                      ***" {0 0 0};
    %vpi_call 4 197 "$display", "*****************************************************\012" {0 0 0};
    %end;
S_0x5f93a362f880 .scope task, "wr_dc" "wr_dc" 4 261, 4 261 0, S_0x5f93a35a8410;
 .timescale -9 -10;
v0x5f93a362fa60_0 .var/i "cnt", 31 0;
v0x5f93a362fb60_0 .var/i "n", 31 0;
TD_test.wr_dc ;
    %wait E_0x5f93a35991f0;
    %pushi/vec4 0, 0, 32;
    %store/vec4 v0x5f93a362fb60_0, 0, 32;
T_5.48 ;
    %load/vec4 v0x5f93a362fb60_0;
    %load/vec4 v0x5f93a362fa60_0;
    %cmp/s;
    %jmp/0xz T_5.49, 5;
    %delay 10, 0;
    %pushi/vec4 1, 0, 1;
    %store/vec4 v0x5f93a3631010_0, 0, 1;
    %vpi_func 4 271 "$random" 32 {0 0 0};
    %pad/s 8;
    %store/vec4 v0x5f93a3630350_0, 0, 8;
    %wait E_0x5f93a35991f0;
    %delay 10, 0;
    %pushi/vec4 0, 0, 1;
    %store/vec4 v0x5f93a3631010_0, 0, 1;
    %pushi/vec4 255, 255, 8;
    %store/vec4 v0x5f93a3630350_0, 0, 8;
    %load/vec4 v0x5f93a3630e70_0;
T_5.50 %dup/vec4;
    %pushi/vec4 0, 0, 32;
    %cmp/s;
    %jmp/1xz T_5.51, 5;
    %jmp/1 T_5.51, 4;
    %pushi/vec4 1, 0, 32;
    %sub;
    %wait E_0x5f93a35991f0;
    %jmp T_5.50;
T_5.51 ;
    %pop/vec4 1;
    %load/vec4 v0x5f93a362fb60_0;
    %addi 1, 0, 32;
    %store/vec4 v0x5f93a362fb60_0, 0, 32;
    %jmp T_5.48;
T_5.49 ;
    %end;
S_0x5f93a362fc40 .scope task, "wr_sc" "wr_sc" 4 389, 4 389 0, S_0x5f93a35a8410;
 .timescale -9 -10;
v0x5f93a362fe20_0 .var/i "cnt", 31 0;
TD_test.wr_sc ;
    %wait E_0x5f93a35af6b0;
    %pushi/vec4 0, 0, 32;
    %store/vec4 v0x5f93a36308f0_0, 0, 32;
T_6.52 ;
    %load/vec4 v0x5f93a36308f0_0;
    %load/vec4 v0x5f93a362fe20_0;
    %cmp/s;
    %jmp/0xz T_6.53, 5;
    %delay 10, 0;
    %pushi/vec4 1, 0, 1;
    %store/vec4 v0x5f93a3630f50_0, 0, 1;
    %vpi_func 4 400 "$random" 32 {0 0 0};
    %pad/s 8;
    %store/vec4 v0x5f93a3630220_0, 0, 8;
    %wait E_0x5f93a35af6b0;
    %delay 10, 0;
    %pushi/vec4 0, 0, 1;
    %store/vec4 v0x5f93a3630f50_0, 0, 1;
    %pushi/vec4 255, 255, 8;
    %store/vec4 v0x5f93a3630220_0, 0, 8;
    %load/vec4 v0x5f93a3630e70_0;
T_6.54 %dup/vec4;
    %pushi/vec4 0, 0, 32;
    %cmp/s;
    %jmp/1xz T_6.55, 5;
    %jmp/1 T_6.55, 4;
    %pushi/vec4 1, 0, 32;
    %sub;
    %wait E_0x5f93a35af6b0;
    %jmp T_6.54;
T_6.55 ;
    %pop/vec4 1;
    %load/vec4 v0x5f93a36308f0_0;
    %addi 1, 0, 32;
    %store/vec4 v0x5f93a36308f0_0, 0, 32;
    %jmp T_6.52;
T_6.53 ;
    %end;
    .scope S_0x5f93a35a3680;
T_7 ;
    %wait E_0x5f93a35af550;
    %load/vec4 v0x5f93a362beb0_0;
    %flag_set/vec4 8;
    %jmp/0xz  T_7.0, 8;
    %load/vec4 v0x5f93a362bdd0_0;
    %assign/vec4 v0x5f93a362bcf0_0, 10;
T_7.0 ;
    %jmp T_7;
    .thread T_7;
    .scope S_0x5f93a35a3680;
T_8 ;
    %wait E_0x5f93a35af550;
    %load/vec4 v0x5f93a362c330_0;
    %flag_set/vec4 9;
    %flag_get/vec4 9;
    %jmp/0 T_8.2, 9;
    %load/vec4 v0x5f93a362c1d0_0;
    %and;
T_8.2;
    %flag_set/vec4 8;
    %jmp/0xz  T_8.0, 8;
    %load/vec4 v0x5f93a35f4920_0;
    %load/vec4 v0x5f93a362c0f0_0;
    %pad/u 10;
    %ix/vec4 3;
    %ix/load 4, 10, 0; Constant delay
    %assign/vec4/a/d v0x5f93a35f60a0, 0, 4;
T_8.0 ;
    %jmp T_8;
    .thread T_8;
    .scope S_0x5f93a35a8d00;
T_9 ;
    %wait E_0x5f93a35af550;
    %load/vec4 v0x5f93a362e470_0;
    %nor/r;
    %flag_set/vec4 8;
    %jmp/0xz  T_9.0, 8;
    %pushi/vec4 0, 0, 9;
    %assign/vec4 v0x5f93a362e670_0, 10;
    %jmp T_9.1;
T_9.0 ;
    %load/vec4 v0x5f93a362d370_0;
    %flag_set/vec4 8;
    %jmp/0xz  T_9.2, 8;
    %pushi/vec4 0, 0, 9;
    %assign/vec4 v0x5f93a362e670_0, 10;
    %jmp T_9.3;
T_9.2 ;
    %load/vec4 v0x5f93a362e530_0;
    %flag_set/vec4 8;
    %jmp/0xz  T_9.4, 8;
    %load/vec4 v0x5f93a362e750_0;
    %assign/vec4 v0x5f93a362e670_0, 10;
T_9.4 ;
T_9.3 ;
T_9.1 ;
    %jmp T_9;
    .thread T_9;
    .scope S_0x5f93a35a8d00;
T_10 ;
    %wait E_0x5f93a35af550;
    %load/vec4 v0x5f93a362e470_0;
    %nor/r;
    %flag_set/vec4 8;
    %jmp/0xz  T_10.0, 8;
    %pushi/vec4 0, 0, 9;
    %assign/vec4 v0x5f93a362e0a0_0, 10;
    %jmp T_10.1;
T_10.0 ;
    %load/vec4 v0x5f93a362d370_0;
    %flag_set/vec4 8;
    %jmp/0xz  T_10.2, 8;
    %pushi/vec4 0, 0, 9;
    %assign/vec4 v0x5f93a362e0a0_0, 10;
    %jmp T_10.3;
T_10.2 ;
    %load/vec4 v0x5f93a362df20_0;
    %flag_set/vec4 8;
    %jmp/0xz  T_10.4, 8;
    %load/vec4 v0x5f93a362e390_0;
    %assign/vec4 v0x5f93a362e0a0_0, 10;
T_10.4 ;
T_10.3 ;
T_10.1 ;
    %jmp T_10;
    .thread T_10;
    .scope S_0x5f93a35a8d00;
T_11 ;
    %wait E_0x5f93a35af550;
    %load/vec4 v0x5f93a362e670_0;
    %load/vec4 v0x5f93a362e0a0_0;
    %cmp/e;
    %flag_get/vec4 4;
    %load/vec4 v0x5f93a362df20_0;
    %load/vec4 v0x5f93a362e670_0;
    %load/vec4 v0x5f93a362e390_0;
    %cmp/e;
    %flag_get/vec4 4;
    %and;
    %or;
    %assign/vec4 v0x5f93a362da80_0, 10;
    %jmp T_11;
    .thread T_11;
    .scope S_0x5f93a35a8d00;
T_12 ;
    %wait E_0x5f93a35af550;
    %load/vec4 v0x5f93a362e670_0;
    %parti/s 8, 0, 2;
    %load/vec4 v0x5f93a362e0a0_0;
    %parti/s 8, 0, 2;
    %cmp/e;
    %flag_get/vec4 4;
    %load/vec4 v0x5f93a362e670_0;
    %parti/s 1, 8, 5;
    %load/vec4 v0x5f93a362e0a0_0;
    %parti/s 1, 8, 5;
    %cmp/ne;
    %flag_get/vec4 4;
    %and;
    %load/vec4 v0x5f93a362e530_0;
    %load/vec4 v0x5f93a362e750_0;
    %parti/s 8, 0, 2;
    %load/vec4 v0x5f93a362e0a0_0;
    %parti/s 8, 0, 2;
    %cmp/e;
    %flag_get/vec4 4;
    %and;
    %load/vec4 v0x5f93a362e750_0;
    %parti/s 1, 8, 5;
    %load/vec4 v0x5f93a362e0a0_0;
    %parti/s 1, 8, 5;
    %cmp/ne;
    %flag_get/vec4 4;
    %and;
    %or;
    %assign/vec4 v0x5f93a362dd80_0, 10;
    %jmp T_12;
    .thread T_12;
    .scope S_0x5f93a35a8d00;
T_13 ;
    %wait E_0x5f93a35af550;
    %load/vec4 v0x5f93a362d540_0;
    %parti/s 1, 8, 5;
    %replicate 2;
    %load/vec4 v0x5f93a362d540_0;
    %parti/s 2, 6, 4;
    %or;
    %assign/vec4 v0x5f93a362de40_0, 10;
    %jmp T_13;
    .thread T_13;
    .scope S_0x5f93a35a8d00;
T_14 ;
    %wait E_0x5f93a35af550;
    %load/vec4 v0x5f93a362df20_0;
    %assign/vec4 v0x5f93a362dfe0_0, 10;
    %jmp T_14;
    .thread T_14;
    .scope S_0x5f93a35a8d00;
T_15 ;
    %wait E_0x5f93a35af550;
    %load/vec4 v0x5f93a362d540_0;
    %assign/vec4 v0x5f93a362d620_0, 10;
    %jmp T_15;
    .thread T_15;
    .scope S_0x5f93a35a8d00;
T_16 ;
    %wait E_0x5f93a35af550;
    %load/vec4 v0x5f93a362d620_0;
    %pad/u 32;
    %cmpi/u 32, 0, 32;
    %flag_get/vec4 5;
    %load/vec4 v0x5f93a362d620_0;
    %pad/u 32;
    %pushi/vec4 32, 0, 32;
    %cmp/e;
    %flag_get/vec4 4;
    %load/vec4 v0x5f93a362df20_0;
    %load/vec4 v0x5f93a362dfe0_0;
    %or;
    %and;
    %or;
    %assign/vec4 v0x5f93a362d9c0_0, 10;
    %jmp T_16;
    .thread T_16;
    .scope S_0x5f93a35a8d00;
T_17 ;
    %wait E_0x5f93a35af550;
    %load/vec4 v0x5f93a362e530_0;
    %assign/vec4 v0x5f93a362e5d0_0, 10;
    %jmp T_17;
    .thread T_17;
    .scope S_0x5f93a35a8d00;
T_18 ;
    %wait E_0x5f93a35af550;
    %pushi/vec4 224, 0, 40;
    %load/vec4 v0x5f93a362d620_0;
    %pad/u 40;
    %cmp/u;
    %flag_get/vec4 5;
    %load/vec4 v0x5f93a362d620_0;
    %pad/u 40;
    %pushi/vec4 224, 0, 40;
    %cmp/e;
    %flag_get/vec4 4;
    %load/vec4 v0x5f93a362e530_0;
    %load/vec4 v0x5f93a362e5d0_0;
    %or;
    %and;
    %or;
    %assign/vec4 v0x5f93a362dcc0_0, 10;
    %jmp T_18;
    .thread T_18;
    .scope S_0x5f93a35a8d00;
T_19 ;
    %wait E_0x5f93a35af550;
    %load/vec4 v0x5f93a362e530_0;
    %load/vec4 v0x5f93a362db40_0;
    %and;
    %flag_set/vec4 8;
    %jmp/0xz  T_19.0, 8;
    %vpi_call 2 288 "$display", "%m WARNING: Writing while fifo is FULL (%t)", $time {0 0 0};
T_19.0 ;
    %jmp T_19;
    .thread T_19;
    .scope S_0x5f93a35a8d00;
T_20 ;
    %wait E_0x5f93a35af550;
    %load/vec4 v0x5f93a362df20_0;
    %load/vec4 v0x5f93a362d860_0;
    %and;
    %flag_set/vec4 8;
    %jmp/0xz  T_20.0, 8;
    %vpi_call 2 292 "$display", "%m WARNING: Reading while fifo is EMPTY (%t)", $time {0 0 0};
T_20.0 ;
    %jmp T_20;
    .thread T_20;
    .scope S_0x5f93a35a8410;
T_21 ;
    %vpi_call 4 95 "$timeformat", 32'sb11111111111111111111111111110111, 32'sb00000000000000000000000000000001, " ns", 32'sb00000000000000000000000000001100 {0 0 0};
    %pushi/real 1342177280, 4068; load=5.00000
    %store/real v0x5f93a36309d0_0;
    %pushi/vec4 0, 0, 1;
    %store/vec4 v0x5f93a3630000_0, 0, 1;
    %pushi/vec4 0, 0, 1;
    %store/vec4 v0x5f93a3630a90_0, 0, 1;
    %pushi/vec4 0, 0, 1;
    %store/vec4 v0x5f93a36310d0_0, 0, 1;
    %pushi/vec4 1, 0, 1;
    %store/vec4 v0x5f93a3630db0_0, 0, 1;
    %pushi/vec4 0, 0, 1;
    %store/vec4 v0x5f93a3630f50_0, 0, 1;
    %pushi/vec4 0, 0, 1;
    %store/vec4 v0x5f93a3630c30_0, 0, 1;
    %pushi/vec4 0, 0, 1;
    %store/vec4 v0x5f93a36300c0_0, 0, 1;
    %pushi/vec4 0, 0, 1;
    %store/vec4 v0x5f93a3631010_0, 0, 1;
    %pushi/vec4 0, 0, 1;
    %store/vec4 v0x5f93a3630cf0_0, 0, 1;
    %pushi/vec4 0, 0, 1;
    %store/vec4 v0x5f93a3630160_0, 0, 1;
    %pushi/vec4 0, 0, 32;
    %store/vec4 v0x5f93a3630e70_0, 0, 32;
    %pushi/vec4 0, 0, 32;
    %store/vec4 v0x5f93a3631190_0, 0, 32;
    %pushi/vec4 0, 0, 32;
    %store/vec4 v0x5f93a3630b50_0, 0, 32;
    %pushi/vec4 10, 0, 32;
T_21.0 %dup/vec4;
    %pushi/vec4 0, 0, 32;
    %cmp/s;
    %jmp/1xz T_21.1, 5;
    %jmp/1 T_21.1, 4;
    %pushi/vec4 1, 0, 32;
    %sub;
    %wait E_0x5f93a35af6b0;
    %jmp T_21.0;
T_21.1 ;
    %pop/vec4 1;
    %pushi/vec4 0, 0, 1;
    %store/vec4 v0x5f93a3630db0_0, 0, 1;
    %pushi/vec4 10, 0, 32;
T_21.2 %dup/vec4;
    %pushi/vec4 0, 0, 32;
    %cmp/s;
    %jmp/1xz T_21.3, 5;
    %jmp/1 T_21.3, 4;
    %pushi/vec4 1, 0, 32;
    %sub;
    %wait E_0x5f93a35af6b0;
    %jmp T_21.2;
T_21.3 ;
    %pop/vec4 1;
    %pushi/vec4 1, 0, 1;
    %store/vec4 v0x5f93a3630db0_0, 0, 1;
    %pushi/vec4 10, 0, 32;
T_21.4 %dup/vec4;
    %pushi/vec4 0, 0, 32;
    %cmp/s;
    %jmp/1xz T_21.5, 5;
    %jmp/1 T_21.5, 4;
    %pushi/vec4 1, 0, 32;
    %sub;
    %wait E_0x5f93a35af6b0;
    %jmp T_21.4;
T_21.5 ;
    %pop/vec4 1;
    %fork TD_test.test_sc_fifo, S_0x5f93a362f650;
    %join;
    %pushi/vec4 500, 0, 32;
T_21.6 %dup/vec4;
    %pushi/vec4 0, 0, 32;
    %cmp/s;
    %jmp/1xz T_21.7, 5;
    %jmp/1 T_21.7, 4;
    %pushi/vec4 1, 0, 32;
    %sub;
    %wait E_0x5f93a35af6b0;
    %jmp T_21.6;
T_21.7 ;
    %pop/vec4 1;
    %load/vec4 v0x5f93a3631190_0;
    %load/vec4 v0x5f93a3630b50_0;
    %sub;
    %vpi_call 4 145 "$display", "rdp=%0d, wrp=%0d delta=%0d", v0x5f93a3630b50_0, v0x5f93a3631190_0, S<0,vec4,s32> {1 0 0};
    %vpi_call 4 147 "$finish" {0 0 0};
    %end;
    .thread T_21;
    .scope S_0x5f93a35a8410;
T_22 ;
    %vpi_call 4 151 "$dumpfile", "waves.vcd" {0 0 0};
    %vpi_call 4 152 "$dumpvars", 32'sb00000000000000000000000000000000, S_0x5f93a35a8410 {0 0 0};
    %end;
    .thread T_22;
    .scope S_0x5f93a35a8410;
T_23 ;
    %wait E_0x5f93a35af6b0;
    %load/vec4 v0x5f93a3630f50_0;
    %load/vec4 v0x5f93a3630770_0;
    %nor/r;
    %and;
    %flag_set/vec4 8;
    %jmp/0xz  T_23.0, 8;
    %load/vec4 v0x5f93a3630220_0;
    %ix/getv/s 4, v0x5f93a3631190_0;
    %store/vec4a v0x5f93a362ff20, 4, 0;
    %load/vec4 v0x5f93a3631190_0;
    %addi 1, 0, 32;
    %store/vec4 v0x5f93a3631190_0, 0, 32;
T_23.0 ;
    %jmp T_23;
    .thread T_23;
    .scope S_0x5f93a35a8410;
T_24 ;
    %wait E_0x5f93a35af6b0;
    %load/vec4 v0x5f93a3630c30_0;
    %load/vec4 v0x5f93a36305f0_0;
    %nor/r;
    %and;
    %flag_set/vec4 8;
    %jmp/0xz  T_24.0, 8;
    %delay 30, 0;
    %load/vec4 v0x5f93a3630430_0;
    %ix/getv/s 4, v0x5f93a3630b50_0;
    %load/vec4a v0x5f93a362ff20, 4;
    %cmp/ne;
    %jmp/0xz  T_24.2, 4;
    %vpi_call 4 219 "$display", "ERROR: Data (%0d) mismatch, expected %h got %h (%t)", v0x5f93a3630b50_0, &A<v0x5f93a362ff20, v0x5f93a3630b50_0 >, v0x5f93a3630430_0, $time {0 0 0};
T_24.2 ;
    %load/vec4 v0x5f93a3630b50_0;
    %addi 1, 0, 32;
    %store/vec4 v0x5f93a3630b50_0, 0, 32;
T_24.0 ;
    %jmp T_24;
    .thread T_24;
    .scope S_0x5f93a35a8410;
T_25 ;
    %wait E_0x5f93a35991f0;
    %load/vec4 v0x5f93a3631010_0;
    %load/vec4 v0x5f93a3630830_0;
    %nor/r;
    %and;
    %flag_set/vec4 8;
    %jmp/0xz  T_25.0, 8;
    %load/vec4 v0x5f93a3630350_0;
    %ix/getv/s 4, v0x5f93a3631190_0;
    %store/vec4a v0x5f93a362ff20, 4, 0;
    %load/vec4 v0x5f93a3631190_0;
    %addi 1, 0, 32;
    %store/vec4 v0x5f93a3631190_0, 0, 32;
T_25.0 ;
    %jmp T_25;
    .thread T_25;
    .scope S_0x5f93a35a8410;
T_26 ;
    %wait E_0x5f93a35af970;
    %load/vec4 v0x5f93a3630cf0_0;
    %load/vec4 v0x5f93a36306b0_0;
    %nor/r;
    %and;
    %flag_set/vec4 8;
    %jmp/0xz  T_26.0, 8;
    %delay 30, 0;
    %load/vec4 v0x5f93a3630510_0;
    %ix/getv/s 4, v0x5f93a3630b50_0;
    %load/vec4a v0x5f93a362ff20, 4;
    %cmp/ne;
    %flag_get/vec4 4;
    %load/vec4 v0x5f93a3630510_0;
    %xor/r;
    %pushi/vec4 1, 1, 1;
    %cmp/e;
    %flag_get/vec4 6;
    %or;
    %flag_set/vec4 8;
    %jmp/0xz  T_26.2, 8;
    %vpi_call 4 236 "$display", "ERROR: Data (%0d) mismatch, expected %h got %h (%t)", v0x5f93a3630b50_0, &A<v0x5f93a362ff20, v0x5f93a3630b50_0 >, v0x5f93a3630510_0, $time {0 0 0};
T_26.2 ;
    %load/vec4 v0x5f93a3630b50_0;
    %addi 1, 0, 32;
    %store/vec4 v0x5f93a3630b50_0, 0, 32;
T_26.0 ;
    %jmp T_26;
    .thread T_26;
    .scope S_0x5f93a35a8410;
T_27 ;
    %delay 50, 0;
    %load/vec4 v0x5f93a3630000_0;
    %inv;
    %store/vec4 v0x5f93a3630000_0, 0, 1;
    %jmp T_27;
    .thread T_27;
    .scope S_0x5f93a35a8410;
T_28 ;
    %load/real v0x5f93a36309d0_0;
    %pushi/real 1342177280, 4069; load=10.0000
    %mul/wr;
    %cvt/vr 64;
    %muli 1, 0, 64;
    %ix/vec4 4;
    %delayx 4;
    %load/vec4 v0x5f93a3630a90_0;
    %inv;
    %store/vec4 v0x5f93a3630a90_0, 0, 1;
    %jmp T_28;
    .thread T_28;
    .scope S_0x5f93a35a8410;
T_29 ;
    %delay 500, 0;
    %load/vec4 v0x5f93a36310d0_0;
    %inv;
    %store/vec4 v0x5f93a36310d0_0, 0, 1;
    %jmp T_29;
    .thread T_29;
# The file index is used to find the file name in the following table.
:file_names 5;
    "N/A";
    "<interactive>";
    "generic_fifo_sc_b.v";
    "generic_dpram.v";
    "test_bench_top.v";
