#! /usr/bin/vvp
:ivl_version "12.0 (stable)";
:ivl_delay_selection "TYPICAL";
:vpi_time_precision + 0;
:vpi_module "/usr/lib/x86_64-linux-gnu/ivl/system.vpi";
:vpi_module "/usr/lib/x86_64-linux-gnu/ivl/vhdl_sys.vpi";
:vpi_module "/usr/lib/x86_64-linux-gnu/ivl/vhdl_textio.vpi";
:vpi_module "/usr/lib/x86_64-linux-gnu/ivl/v2005_math.vpi";
:vpi_module "/usr/lib/x86_64-linux-gnu/ivl/va_math.vpi";
S_0x634dcf1395e0 .scope module, "parallel_adder_tb" "parallel_adder_tb" 2 1;
 .timescale 0 0;
v0x634dcf16f280_0 .var "a0", 0 0;
v0x634dcf16f370_0 .var "a1", 0 0;
v0x634dcf16f480_0 .var "a2", 0 0;
v0x634dcf16f570_0 .var "a3", 0 0;
v0x634dcf16f660_0 .var "b0", 0 0;
v0x634dcf16f7a0_0 .var "b1", 0 0;
v0x634dcf16f890_0 .var "b2", 0 0;
v0x634dcf16f980_0 .var "b3", 0 0;
v0x634dcf16fa70_0 .net "c0", 0 0, L_0x634dcf171580;  1 drivers
v0x634dcf16fb10_0 .var "cin", 0 0;
v0x634dcf16fc00_0 .net "s0", 0 0, L_0x634dcf13f160;  1 drivers
v0x634dcf16fcf0_0 .net "s1", 0 0, L_0x634dcf170510;  1 drivers
v0x634dcf16fde0_0 .net "s2", 0 0, L_0x634dcf170af0;  1 drivers
v0x634dcf16fed0_0 .net "s3", 0 0, L_0x634dcf1710d0;  1 drivers
S_0x634dcf108490 .scope module, "uut" "rca" 2 8, 3 2 0, S_0x634dcf1395e0;
 .timescale 0 0;
    .port_info 0 /INPUT 1 "a0";
    .port_info 1 /INPUT 1 "a1";
    .port_info 2 /INPUT 1 "a2";
    .port_info 3 /INPUT 1 "a3";
    .port_info 4 /INPUT 1 "b0";
    .port_info 5 /INPUT 1 "b1";
    .port_info 6 /INPUT 1 "b2";
    .port_info 7 /INPUT 1 "b3";
    .port_info 8 /INPUT 1 "cin";
    .port_info 9 /OUTPUT 1 "s0";
    .port_info 10 /OUTPUT 1 "s1";
    .port_info 11 /OUTPUT 1 "s2";
    .port_info 12 /OUTPUT 1 "s3";
    .port_info 13 /OUTPUT 1 "c0";
v0x634dcf16e4b0_0 .net "a0", 0 0, v0x634dcf16f280_0;  1 drivers
v0x634dcf16e570_0 .net "a1", 0 0, v0x634dcf16f370_0;  1 drivers
v0x634dcf16e640_0 .net "a2", 0 0, v0x634dcf16f480_0;  1 drivers
v0x634dcf16e740_0 .net "a3", 0 0, v0x634dcf16f570_0;  1 drivers
v0x634dcf16e810_0 .net "b0", 0 0, v0x634dcf16f660_0;  1 drivers
v0x634dcf16e8b0_0 .net "b1", 0 0, v0x634dcf16f7a0_0;  1 drivers
v0x634dcf16e980_0 .net "b2", 0 0, v0x634dcf16f890_0;  1 drivers
v0x634dcf16ea50_0 .net "b3", 0 0, v0x634dcf16f980_0;  1 drivers
v0x634dcf16eb20_0 .net "c0", 0 0, L_0x634dcf171580;  alias, 1 drivers
v0x634dcf16ec80_0 .net "c1", 0 0, L_0x634dcf1703e0;  1 drivers
v0x634dcf16ed20_0 .net "c2", 0 0, L_0x634dcf1709c0;  1 drivers
v0x634dcf16ee10_0 .net "c3", 0 0, L_0x634dcf170fa0;  1 drivers
v0x634dcf16ef00_0 .net "cin", 0 0, v0x634dcf16fb10_0;  1 drivers
v0x634dcf16efa0_0 .net "s0", 0 0, L_0x634dcf13f160;  alias, 1 drivers
v0x634dcf16f040_0 .net "s1", 0 0, L_0x634dcf170510;  alias, 1 drivers
v0x634dcf16f0e0_0 .net "s2", 0 0, L_0x634dcf170af0;  alias, 1 drivers
v0x634dcf16f1b0_0 .net "s3", 0 0, L_0x634dcf1710d0;  alias, 1 drivers
S_0x634dcf147570 .scope module, "aa1" "fa" 3 10, 3 18 0, S_0x634dcf108490;
 .timescale 0 0;
    .port_info 0 /INPUT 1 "a";
    .port_info 1 /INPUT 1 "b";
    .port_info 2 /INPUT 1 "cin";
    .port_info 3 /OUTPUT 1 "sum";
    .port_info 4 /OUTPUT 1 "carry";
L_0x634dcf13f0f0 .functor XOR 1, v0x634dcf16f280_0, v0x634dcf16f660_0, C4<0>, C4<0>;
L_0x634dcf13f160 .functor XOR 1, L_0x634dcf13f0f0, v0x634dcf16fb10_0, C4<0>, C4<0>;
L_0x634dcf170010 .functor AND 1, v0x634dcf16f280_0, v0x634dcf16f660_0, C4<1>, C4<1>;
L_0x634dcf1701c0 .functor AND 1, v0x634dcf16f660_0, v0x634dcf16fb10_0, C4<1>, C4<1>;
L_0x634dcf1702c0 .functor OR 1, L_0x634dcf170010, L_0x634dcf1701c0, C4<0>, C4<0>;
L_0x634dcf170330 .functor AND 1, v0x634dcf16fb10_0, v0x634dcf16f280_0, C4<1>, C4<1>;
L_0x634dcf1703e0 .functor OR 1, L_0x634dcf1702c0, L_0x634dcf170330, C4<0>, C4<0>;
v0x634dcf147750_0 .net *"_ivl_0", 0 0, L_0x634dcf13f0f0;  1 drivers
v0x634dcf16bb30_0 .net *"_ivl_10", 0 0, L_0x634dcf170330;  1 drivers
v0x634dcf16bc10_0 .net *"_ivl_4", 0 0, L_0x634dcf170010;  1 drivers
v0x634dcf16bcd0_0 .net *"_ivl_6", 0 0, L_0x634dcf1701c0;  1 drivers
v0x634dcf16bdb0_0 .net *"_ivl_8", 0 0, L_0x634dcf1702c0;  1 drivers
v0x634dcf16bee0_0 .net "a", 0 0, v0x634dcf16f280_0;  alias, 1 drivers
v0x634dcf16bfa0_0 .net "b", 0 0, v0x634dcf16f660_0;  alias, 1 drivers
v0x634dcf16c060_0 .net "carry", 0 0, L_0x634dcf1703e0;  alias, 1 drivers
v0x634dcf16c120_0 .net "cin", 0 0, v0x634dcf16fb10_0;  alias, 1 drivers
v0x634dcf16c1e0_0 .net "sum", 0 0, L_0x634dcf13f160;  alias, 1 drivers
S_0x634dcf16c340 .scope module, "aa2" "fa" 3 11, 3 18 0, S_0x634dcf108490;
 .timescale 0 0;
    .port_info 0 /INPUT 1 "a";
    .port_info 1 /INPUT 1 "b";
    .port_info 2 /INPUT 1 "cin";
    .port_info 3 /OUTPUT 1 "sum";
    .port_info 4 /OUTPUT 1 "carry";
L_0x634dcf1704a0 .functor XOR 1, v0x634dcf16f370_0, v0x634dcf16f7a0_0, C4<0>, C4<0>;
L_0x634dcf170510 .functor XOR 1, L_0x634dcf1704a0, L_0x634dcf1703e0, C4<0>, C4<0>;
L_0x634dcf170680 .functor AND 1, v0x634dcf16f370_0, v0x634dcf16f7a0_0, C4<1>, C4<1>;
L_0x634dcf170830 .functor AND 1, v0x634dcf16f7a0_0, L_0x634dcf1703e0, C4<1>, C4<1>;
L_0x634dcf1708a0 .functor OR 1, L_0x634dcf170680, L_0x634dcf170830, C4<0>, C4<0>;
L_0x634dcf170910 .functor AND 1, L_0x634dcf1703e0, v0x634dcf16f370_0, C4<1>, C4<1>;
L_0x634dcf1709c0 .functor OR 1, L_0x634dcf1708a0, L_0x634dcf170910, C4<0>, C4<0>;
v0x634dcf16c4f0_0 .net *"_ivl_0", 0 0, L_0x634dcf1704a0;  1 drivers
v0x634dcf16c5d0_0 .net *"_ivl_10", 0 0, L_0x634dcf170910;  1 drivers
v0x634dcf16c6b0_0 .net *"_ivl_4", 0 0, L_0x634dcf170680;  1 drivers
v0x634dcf16c770_0 .net *"_ivl_6", 0 0, L_0x634dcf170830;  1 drivers
v0x634dcf16c850_0 .net *"_ivl_8", 0 0, L_0x634dcf1708a0;  1 drivers
v0x634dcf16c980_0 .net "a", 0 0, v0x634dcf16f370_0;  alias, 1 drivers
v0x634dcf16ca40_0 .net "b", 0 0, v0x634dcf16f7a0_0;  alias, 1 drivers
v0x634dcf16cb00_0 .net "carry", 0 0, L_0x634dcf1709c0;  alias, 1 drivers
v0x634dcf16cbc0_0 .net "cin", 0 0, L_0x634dcf1703e0;  alias, 1 drivers
v0x634dcf16ccf0_0 .net "sum", 0 0, L_0x634dcf170510;  alias, 1 drivers
S_0x634dcf16ce30 .scope module, "aa3" "fa" 3 12, 3 18 0, S_0x634dcf108490;
 .timescale 0 0;
    .port_info 0 /INPUT 1 "a";
    .port_info 1 /INPUT 1 "b";
    .port_info 2 /INPUT 1 "cin";
    .port_info 3 /OUTPUT 1 "sum";
    .port_info 4 /OUTPUT 1 "carry";
L_0x634dcf170a80 .functor XOR 1, v0x634dcf16f480_0, v0x634dcf16f890_0, C4<0>, C4<0>;
L_0x634dcf170af0 .functor XOR 1, L_0x634dcf170a80, L_0x634dcf1709c0, C4<0>, C4<0>;
L_0x634dcf170c60 .functor AND 1, v0x634dcf16f480_0, v0x634dcf16f890_0, C4<1>, C4<1>;
L_0x634dcf170e10 .functor AND 1, v0x634dcf16f890_0, L_0x634dcf1709c0, C4<1>, C4<1>;
L_0x634dcf170e80 .functor OR 1, L_0x634dcf170c60, L_0x634dcf170e10, C4<0>, C4<0>;
L_0x634dcf170ef0 .functor AND 1, L_0x634dcf1709c0, v0x634dcf16f480_0, C4<1>, C4<1>;
L_0x634dcf170fa0 .functor OR 1, L_0x634dcf170e80, L_0x634dcf170ef0, C4<0>, C4<0>;
v0x634dcf16cfc0_0 .net *"_ivl_0", 0 0, L_0x634dcf170a80;  1 drivers
v0x634dcf16d0a0_0 .net *"_ivl_10", 0 0, L_0x634dcf170ef0;  1 drivers
v0x634dcf16d180_0 .net *"_ivl_4", 0 0, L_0x634dcf170c60;  1 drivers
v0x634dcf16d270_0 .net *"_ivl_6", 0 0, L_0x634dcf170e10;  1 drivers
v0x634dcf16d350_0 .net *"_ivl_8", 0 0, L_0x634dcf170e80;  1 drivers
v0x634dcf16d480_0 .net "a", 0 0, v0x634dcf16f480_0;  alias, 1 drivers
v0x634dcf16d540_0 .net "b", 0 0, v0x634dcf16f890_0;  alias, 1 drivers
v0x634dcf16d600_0 .net "carry", 0 0, L_0x634dcf170fa0;  alias, 1 drivers
v0x634dcf16d6c0_0 .net "cin", 0 0, L_0x634dcf1709c0;  alias, 1 drivers
v0x634dcf16d7f0_0 .net "sum", 0 0, L_0x634dcf170af0;  alias, 1 drivers
S_0x634dcf16d960 .scope module, "aa4" "fa" 3 13, 3 18 0, S_0x634dcf108490;
 .timescale 0 0;
    .port_info 0 /INPUT 1 "a";
    .port_info 1 /INPUT 1 "b";
    .port_info 2 /INPUT 1 "cin";
    .port_info 3 /OUTPUT 1 "sum";
    .port_info 4 /OUTPUT 1 "carry";
L_0x634dcf171060 .functor XOR 1, v0x634dcf16f570_0, v0x634dcf16f980_0, C4<0>, C4<0>;
L_0x634dcf1710d0 .functor XOR 1, L_0x634dcf171060, L_0x634dcf170fa0, C4<0>, C4<0>;
L_0x634dcf171240 .functor AND 1, v0x634dcf16f570_0, v0x634dcf16f980_0, C4<1>, C4<1>;
L_0x634dcf1713f0 .functor AND 1, v0x634dcf16f980_0, L_0x634dcf170fa0, C4<1>, C4<1>;
L_0x634dcf171460 .functor OR 1, L_0x634dcf171240, L_0x634dcf1713f0, C4<0>, C4<0>;
L_0x634dcf1714d0 .functor AND 1, L_0x634dcf170fa0, v0x634dcf16f570_0, C4<1>, C4<1>;
L_0x634dcf171580 .functor OR 1, L_0x634dcf171460, L_0x634dcf1714d0, C4<0>, C4<0>;
v0x634dcf16daf0_0 .net *"_ivl_0", 0 0, L_0x634dcf171060;  1 drivers
v0x634dcf16dbf0_0 .net *"_ivl_10", 0 0, L_0x634dcf1714d0;  1 drivers
v0x634dcf16dcd0_0 .net *"_ivl_4", 0 0, L_0x634dcf171240;  1 drivers
v0x634dcf16ddc0_0 .net *"_ivl_6", 0 0, L_0x634dcf1713f0;  1 drivers
v0x634dcf16dea0_0 .net *"_ivl_8", 0 0, L_0x634dcf171460;  1 drivers
v0x634dcf16dfd0_0 .net "a", 0 0, v0x634dcf16f570_0;  alias, 1 drivers
v0x634dcf16e090_0 .net "b", 0 0, v0x634dcf16f980_0;  alias, 1 drivers
v0x634dcf16e150_0 .net "carry", 0 0, L_0x634dcf171580;  alias, 1 drivers
v0x634dcf16e210_0 .net "cin", 0 0, L_0x634dcf170fa0;  alias, 1 drivers
v0x634dcf16e340_0 .net "sum", 0 0, L_0x634dcf1710d0;  alias, 1 drivers
    .scope S_0x634dcf1395e0;
T_0 ;
    %vpi_call 2 11 "$dumpfile", "waves.vcd" {0 0 0};
    %vpi_call 2 12 "$dumpvars" {0 0 0};
    %end;
    .thread T_0;
    .scope S_0x634dcf1395e0;
T_1 ;
    %vpi_func 2 17 "$random" 32 {0 0 0};
    %pushi/vec4 16, 0, 32;
    %mod/s;
    %pad/s 1;
    %store/vec4 v0x634dcf16f280_0, 0, 1;
    %vpi_func 2 18 "$random" 32 {0 0 0};
    %pushi/vec4 16, 0, 32;
    %mod/s;
    %pad/s 1;
    %store/vec4 v0x634dcf16f370_0, 0, 1;
    %vpi_func 2 19 "$random" 32 {0 0 0};
    %pushi/vec4 16, 0, 32;
    %mod/s;
    %pad/s 1;
    %store/vec4 v0x634dcf16f480_0, 0, 1;
    %vpi_func 2 20 "$random" 32 {0 0 0};
    %pushi/vec4 16, 0, 32;
    %mod/s;
    %pad/s 1;
    %store/vec4 v0x634dcf16f570_0, 0, 1;
    %vpi_func 2 21 "$random" 32 {0 0 0};
    %pushi/vec4 16, 0, 32;
    %mod/s;
    %pad/s 1;
    %store/vec4 v0x634dcf16f7a0_0, 0, 1;
    %vpi_func 2 22 "$random" 32 {0 0 0};
    %pushi/vec4 16, 0, 32;
    %mod/s;
    %pad/s 1;
    %store/vec4 v0x634dcf16f890_0, 0, 1;
    %vpi_func 2 23 "$random" 32 {0 0 0};
    %pushi/vec4 16, 0, 32;
    %mod/s;
    %pad/s 1;
    %store/vec4 v0x634dcf16f980_0, 0, 1;
    %vpi_func 2 24 "$random" 32 {0 0 0};
    %pushi/vec4 16, 0, 32;
    %mod/s;
    %pad/s 1;
    %store/vec4 v0x634dcf16f660_0, 0, 1;
    %vpi_func 2 25 "$random" 32 {0 0 0};
    %pad/s 1;
    %store/vec4 v0x634dcf16fb10_0, 0, 1;
    %delay 15, 0;
    %vpi_call 2 28 "$display", "time=%d a0=%d a1=%d a2=%d a3=%d b0=%d b1=%d b2=%d b3=%d  cin=%d s0=%d s1=%d s2=%d s3=%d c0=%d", $time, v0x634dcf16f280_0, v0x634dcf16f370_0, v0x634dcf16f480_0, v0x634dcf16f570_0, v0x634dcf16f660_0, v0x634dcf16f7a0_0, v0x634dcf16f890_0, v0x634dcf16f980_0, v0x634dcf16fb10_0, v0x634dcf16fc00_0, v0x634dcf16fcf0_0, v0x634dcf16fde0_0, v0x634dcf16fed0_0, v0x634dcf16fa70_0 {0 0 0};
    %pushi/vec4 1, 0, 1;
    %store/vec4 v0x634dcf16f280_0, 0, 1;
    %pushi/vec4 0, 0, 1;
    %store/vec4 v0x634dcf16f370_0, 0, 1;
    %pushi/vec4 0, 0, 1;
    %store/vec4 v0x634dcf16f480_0, 0, 1;
    %pushi/vec4 0, 0, 1;
    %store/vec4 v0x634dcf16f570_0, 0, 1;
    %pushi/vec4 1, 0, 1;
    %store/vec4 v0x634dcf16f660_0, 0, 1;
    %pushi/vec4 0, 0, 1;
    %store/vec4 v0x634dcf16f7a0_0, 0, 1;
    %pushi/vec4 1, 0, 1;
    %store/vec4 v0x634dcf16f890_0, 0, 1;
    %pushi/vec4 1, 0, 1;
    %store/vec4 v0x634dcf16f980_0, 0, 1;
    %vpi_func 2 30 "$random" 32 {0 0 0};
    %pad/s 1;
    %store/vec4 v0x634dcf16fb10_0, 0, 1;
    %delay 4, 0;
    %vpi_call 2 32 "$display", "time=%d a0=%d a1=%d a2=%d a3=%d b0=%d b1=%d b2=%d b3=%d  cin=%d s0=%d s1=%d s2=%d s3=%d c0=%d", $time, v0x634dcf16f280_0, v0x634dcf16f370_0, v0x634dcf16f480_0, v0x634dcf16f570_0, v0x634dcf16f660_0, v0x634dcf16f7a0_0, v0x634dcf16f890_0, v0x634dcf16f980_0, v0x634dcf16fb10_0, v0x634dcf16fc00_0, v0x634dcf16fcf0_0, v0x634dcf16fde0_0, v0x634dcf16fed0_0, v0x634dcf16fa70_0 {0 0 0};
    %end;
    .thread T_1;
# The file index is used to find the file name in the following table.
:file_names 4;
    "N/A";
    "<interactive>";
    "parallel_adder_tb.v";
    "parallel_adder.v";
