#! /usr/bin/vvp
:ivl_version "12.0 (stable)";
:ivl_delay_selection "TYPICAL";
:vpi_time_precision + 0;
:vpi_module "/usr/lib/x86_64-linux-gnu/ivl/system.vpi";
:vpi_module "/usr/lib/x86_64-linux-gnu/ivl/vhdl_sys.vpi";
:vpi_module "/usr/lib/x86_64-linux-gnu/ivl/vhdl_textio.vpi";
:vpi_module "/usr/lib/x86_64-linux-gnu/ivl/v2005_math.vpi";
:vpi_module "/usr/lib/x86_64-linux-gnu/ivl/va_math.vpi";
S_0x62db95c4f960 .scope module, "Full_subtractor_tb" "Full_subtractor_tb" 2 3;
 .timescale 0 0;
v0x62db95c68240_0 .var "a", 0 0;
v0x62db95c68330_0 .var "b", 0 0;
v0x62db95c68440_0 .net "borrow", 0 0, L_0x62db95c68b80;  1 drivers
v0x62db95c684e0_0 .var "c", 0 0;
v0x62db95c685d0_0 .net "diff", 0 0, L_0x62db95c688b0;  1 drivers
S_0x62db95c4faf0 .scope module, "uut" "Full_subtractor" 2 7, 3 9 0, S_0x62db95c4f960;
 .timescale 0 0;
    .port_info 0 /INPUT 1 "a";
    .port_info 1 /INPUT 1 "b";
    .port_info 2 /INPUT 1 "c";
    .port_info 3 /OUTPUT 1 "diff";
    .port_info 4 /OUTPUT 1 "borrow";
L_0x62db95c68b80 .functor OR 1, L_0x62db95c687f0, L_0x62db95c68a80, C4<0>, C4<0>;
v0x62db95c67b90_0 .net "a", 0 0, v0x62db95c68240_0;  1 drivers
v0x62db95c67c50_0 .net "b", 0 0, v0x62db95c68330_0;  1 drivers
v0x62db95c67d20_0 .net "borrow", 0 0, L_0x62db95c68b80;  alias, 1 drivers
v0x62db95c67df0_0 .net "c", 0 0, v0x62db95c684e0_0;  1 drivers
v0x62db95c67ec0_0 .net "diff", 0 0, L_0x62db95c688b0;  alias, 1 drivers
v0x62db95c67fb0_0 .net "w1", 0 0, L_0x62db95c68710;  1 drivers
v0x62db95c680a0_0 .net "w2", 0 0, L_0x62db95c687f0;  1 drivers
v0x62db95c68140_0 .net "w3", 0 0, L_0x62db95c68a80;  1 drivers
S_0x62db95c50d90 .scope module, "HB1" "Half_subtractor" 3 15, 3 1 0, S_0x62db95c4faf0;
 .timescale 0 0;
    .port_info 0 /INPUT 1 "a";
    .port_info 1 /INPUT 1 "b";
    .port_info 2 /OUTPUT 1 "diff";
    .port_info 3 /OUTPUT 1 "borrow";
L_0x62db95c68710 .functor XOR 1, v0x62db95c68240_0, v0x62db95c68330_0, C4<0>, C4<0>;
L_0x62db95c68780 .functor NOT 1, v0x62db95c68240_0, C4<0>, C4<0>, C4<0>;
L_0x62db95c687f0 .functor AND 1, L_0x62db95c68780, v0x62db95c68330_0, C4<1>, C4<1>;
v0x62db95c50fe0_0 .net *"_ivl_2", 0 0, L_0x62db95c68780;  1 drivers
v0x62db95c67120_0 .net "a", 0 0, v0x62db95c68240_0;  alias, 1 drivers
v0x62db95c671e0_0 .net "b", 0 0, v0x62db95c68330_0;  alias, 1 drivers
v0x62db95c67280_0 .net "borrow", 0 0, L_0x62db95c687f0;  alias, 1 drivers
v0x62db95c67340_0 .net "diff", 0 0, L_0x62db95c68710;  alias, 1 drivers
S_0x62db95c674d0 .scope module, "HB2" "Half_subtractor" 3 16, 3 1 0, S_0x62db95c4faf0;
 .timescale 0 0;
    .port_info 0 /INPUT 1 "a";
    .port_info 1 /INPUT 1 "b";
    .port_info 2 /OUTPUT 1 "diff";
    .port_info 3 /OUTPUT 1 "borrow";
L_0x62db95c688b0 .functor XOR 1, L_0x62db95c68710, v0x62db95c684e0_0, C4<0>, C4<0>;
L_0x62db95c689f0 .functor NOT 1, L_0x62db95c68710, C4<0>, C4<0>, C4<0>;
L_0x62db95c68a80 .functor AND 1, L_0x62db95c689f0, v0x62db95c684e0_0, C4<1>, C4<1>;
v0x62db95c67740_0 .net *"_ivl_2", 0 0, L_0x62db95c689f0;  1 drivers
v0x62db95c67820_0 .net "a", 0 0, L_0x62db95c68710;  alias, 1 drivers
v0x62db95c678e0_0 .net "b", 0 0, v0x62db95c684e0_0;  alias, 1 drivers
v0x62db95c67980_0 .net "borrow", 0 0, L_0x62db95c68a80;  alias, 1 drivers
v0x62db95c67a20_0 .net "diff", 0 0, L_0x62db95c688b0;  alias, 1 drivers
    .scope S_0x62db95c4f960;
T_0 ;
    %vpi_call 2 10 "$dumpfile", "waves.vcd" {0 0 0};
    %vpi_call 2 11 "$dumpvars", 32'sb00000000000000000000000000000000, S_0x62db95c4f960 {0 0 0};
    %end;
    .thread T_0;
    .scope S_0x62db95c4f960;
T_1 ;
    %vpi_call 2 14 "$monitor", "Time=%0t | a=%b, b=%b c=%b | diff=%b, borrow=%b", $time, v0x62db95c68240_0, v0x62db95c68330_0, v0x62db95c684e0_0, v0x62db95c685d0_0, v0x62db95c68440_0 {0 0 0};
    %pushi/vec4 0, 0, 1;
    %store/vec4 v0x62db95c68240_0, 0, 1;
    %pushi/vec4 0, 0, 1;
    %store/vec4 v0x62db95c68330_0, 0, 1;
    %pushi/vec4 0, 0, 1;
    %store/vec4 v0x62db95c684e0_0, 0, 1;
    %delay 10, 0;
    %pushi/vec4 0, 0, 1;
    %store/vec4 v0x62db95c68240_0, 0, 1;
    %pushi/vec4 0, 0, 1;
    %store/vec4 v0x62db95c68330_0, 0, 1;
    %pushi/vec4 1, 0, 1;
    %store/vec4 v0x62db95c684e0_0, 0, 1;
    %delay 10, 0;
    %pushi/vec4 0, 0, 1;
    %store/vec4 v0x62db95c68240_0, 0, 1;
    %pushi/vec4 1, 0, 1;
    %store/vec4 v0x62db95c68330_0, 0, 1;
    %pushi/vec4 0, 0, 1;
    %store/vec4 v0x62db95c684e0_0, 0, 1;
    %delay 10, 0;
    %pushi/vec4 0, 0, 1;
    %store/vec4 v0x62db95c68240_0, 0, 1;
    %pushi/vec4 1, 0, 1;
    %store/vec4 v0x62db95c68330_0, 0, 1;
    %pushi/vec4 1, 0, 1;
    %store/vec4 v0x62db95c684e0_0, 0, 1;
    %delay 10, 0;
    %pushi/vec4 1, 0, 1;
    %store/vec4 v0x62db95c68240_0, 0, 1;
    %pushi/vec4 0, 0, 1;
    %store/vec4 v0x62db95c68330_0, 0, 1;
    %pushi/vec4 0, 0, 1;
    %store/vec4 v0x62db95c684e0_0, 0, 1;
    %delay 10, 0;
    %pushi/vec4 1, 0, 1;
    %store/vec4 v0x62db95c68240_0, 0, 1;
    %pushi/vec4 0, 0, 1;
    %store/vec4 v0x62db95c68330_0, 0, 1;
    %pushi/vec4 1, 0, 1;
    %store/vec4 v0x62db95c684e0_0, 0, 1;
    %delay 10, 0;
    %pushi/vec4 1, 0, 1;
    %store/vec4 v0x62db95c68240_0, 0, 1;
    %pushi/vec4 1, 0, 1;
    %store/vec4 v0x62db95c68330_0, 0, 1;
    %pushi/vec4 0, 0, 1;
    %store/vec4 v0x62db95c684e0_0, 0, 1;
    %delay 10, 0;
    %pushi/vec4 1, 0, 1;
    %store/vec4 v0x62db95c68240_0, 0, 1;
    %pushi/vec4 1, 0, 1;
    %store/vec4 v0x62db95c68330_0, 0, 1;
    %pushi/vec4 1, 0, 1;
    %store/vec4 v0x62db95c684e0_0, 0, 1;
    %delay 10, 0;
    %vpi_call 2 24 "$finish" {0 0 0};
    %end;
    .thread T_1;
# The file index is used to find the file name in the following table.
:file_names 4;
    "N/A";
    "<interactive>";
    "Full_subtractor_tb.v";
    "Full_subtractor.v";
